2025-07-22 09:15:28.258 [info] Reading sessions from keychain...
2025-07-22 09:15:28.258 [info] Getting sessions for all scopes...
2025-07-22 09:15:28.258 [info] Got 0 sessions for ...
2025-07-22 09:15:28.258 [info] Getting sessions for all scopes...
2025-07-22 09:15:28.258 [info] Got 0 sessions for ...
2025-07-22 09:15:28.258 [info] Getting sessions for all scopes...
2025-07-22 09:15:28.258 [info] Got 0 sessions for ...
2025-07-22 09:15:28.258 [info] Getting sessions for all scopes...
2025-07-22 09:15:28.258 [info] Got 0 sessions for ...
2025-07-22 09:15:28.258 [info] Getting sessions for all scopes...
2025-07-22 09:15:28.258 [info] Got 0 sessions for ...
2025-07-22 09:15:28.258 [info] Getting sessions for read:user,repo,user:email...
2025-07-22 09:15:28.258 [info] Got 0 sessions for read:user,repo,user:email...
2025-07-22 09:15:28.331 [info] Getting sessions for read:user,repo,user:email...
2025-07-22 09:15:28.332 [info] Got 0 sessions for read:user,repo,user:email...
2025-07-22 09:15:28.398 [info] Getting sessions for read:user,repo,user:email...
2025-07-22 09:15:28.398 [info] Got 0 sessions for read:user,repo,user:email...
2025-07-22 09:15:41.594 [info] Reading sessions from keychain...
2025-07-22 09:15:41.594 [info] Getting sessions for all scopes...
2025-07-22 09:15:41.594 [info] Got 0 sessions for ...
2025-07-22 09:15:41.594 [info] Getting sessions for all scopes...
2025-07-22 09:15:41.594 [info] Got 0 sessions for ...
2025-07-22 09:15:41.594 [info] Getting sessions for all scopes...
2025-07-22 09:15:41.594 [info] Got 0 sessions for ...
2025-07-22 09:15:41.594 [info] Getting sessions for all scopes...
2025-07-22 09:15:41.594 [info] Got 0 sessions for ...
2025-07-22 09:15:41.594 [info] Getting sessions for all scopes...
2025-07-22 09:15:41.594 [info] Got 0 sessions for ...
2025-07-22 09:15:42.891 [info] Getting sessions for read:user,repo,user:email...
2025-07-22 09:15:42.891 [info] Got 0 sessions for read:user,repo,user:email...
2025-07-22 09:15:42.959 [info] Getting sessions for read:user,repo,user:email...
2025-07-22 09:15:42.959 [info] Got 0 sessions for read:user,repo,user:email...
2025-07-22 09:15:42.997 [info] Getting sessions for read:user,repo,user:email...
2025-07-22 09:15:42.997 [info] Got 0 sessions for read:user,repo,user:email...
2025-07-22 09:15:49.716 [info] Getting sessions for read:user,repo,user:email...
2025-07-22 09:15:49.716 [info] Got 0 sessions for read:user,repo,user:email...
2025-07-22 09:16:17.246 [info] Getting sessions for read:user,repo,user:email...
2025-07-22 09:16:17.246 [info] Got 0 sessions for read:user,repo,user:email...
2025-07-22 09:16:18.359 [info] Getting sessions for read:user,repo,user:email...
2025-07-22 09:16:18.359 [info] Got 0 sessions for read:user,repo,user:email...
