2025-07-23 14:44:16.469 [info] Reading sessions from keychain...
2025-07-23 14:44:16.469 [info] Getting sessions for all scopes...
2025-07-23 14:44:16.469 [info] Got 0 sessions for ...
2025-07-23 14:44:16.469 [info] Getting sessions for all scopes...
2025-07-23 14:44:16.469 [info] Got 0 sessions for ...
2025-07-23 14:44:16.469 [info] Getting sessions for all scopes...
2025-07-23 14:44:16.469 [info] Got 0 sessions for ...
2025-07-23 14:44:16.469 [info] Getting sessions for all scopes...
2025-07-23 14:44:16.469 [info] Got 0 sessions for ...
2025-07-23 14:44:16.469 [info] Getting sessions for all scopes...
2025-07-23 14:44:16.469 [info] Got 0 sessions for ...
2025-07-23 14:44:16.469 [info] Getting sessions for read:user,repo,user:email...
2025-07-23 14:44:16.469 [info] Got 0 sessions for read:user,repo,user:email...
2025-07-23 14:44:16.469 [info] Getting sessions for all scopes...
2025-07-23 14:44:16.469 [info] Got 0 sessions for ...
2025-07-23 14:44:16.500 [info] Getting sessions for read:user,repo,user:email...
2025-07-23 14:44:16.500 [info] Got 0 sessions for read:user,repo,user:email...
2025-07-23 14:44:16.550 [info] Getting sessions for read:user,repo,user:email...
2025-07-23 14:44:16.550 [info] Got 0 sessions for read:user,repo,user:email...
2025-07-23 14:44:46.729 [info] Getting sessions for read:user,repo,user:email...
2025-07-23 14:44:46.729 [info] Got 0 sessions for read:user,repo,user:email...
2025-07-23 14:49:14.252 [info] Getting sessions for read:user,repo,user:email...
2025-07-23 14:49:14.253 [info] Got 0 sessions for read:user,repo,user:email...
2025-07-23 14:49:15.203 [info] Getting sessions for read:user,repo,user:email...
2025-07-23 14:49:15.203 [info] Got 0 sessions for read:user,repo,user:email...
2025-07-23 14:51:58.117 [info] Getting sessions for read:user,repo,user:email...
2025-07-23 14:51:58.117 [info] Got 0 sessions for read:user,repo,user:email...
2025-07-23 15:04:51.195 [info] Getting sessions for read:user,repo,user:email...
2025-07-23 15:04:51.196 [info] Got 0 sessions for read:user,repo,user:email...
2025-07-23 15:09:04.686 [info] Getting sessions for read:user,repo,user:email...
2025-07-23 15:09:04.686 [info] Got 0 sessions for read:user,repo,user:email...
2025-07-23 15:17:50.415 [info] Getting sessions for read:user,repo,user:email...
2025-07-23 15:17:50.415 [info] Got 0 sessions for read:user,repo,user:email...
2025-07-23 15:46:10.867 [info] Getting sessions for read:user,repo,user:email...
2025-07-23 15:46:10.867 [info] Got 0 sessions for read:user,repo,user:email...
2025-07-23 15:46:54.779 [info] Getting sessions for read:user,repo,user:email...
2025-07-23 15:46:54.779 [info] Got 0 sessions for read:user,repo,user:email...
