2025-07-23 09:15:25.334 [info] Reading sessions from keychain...
2025-07-23 09:15:25.334 [info] Getting sessions for all scopes...
2025-07-23 09:15:25.334 [info] Got 0 sessions for ...
2025-07-23 09:15:25.334 [info] Getting sessions for all scopes...
2025-07-23 09:15:25.334 [info] Got 0 sessions for ...
2025-07-23 09:15:25.334 [info] Getting sessions for all scopes...
2025-07-23 09:15:25.334 [info] Got 0 sessions for ...
2025-07-23 09:15:25.334 [info] Getting sessions for read:user,repo,user:email...
2025-07-23 09:15:25.334 [info] Got 0 sessions for read:user,repo,user:email...
2025-07-23 09:15:26.878 [info] Getting sessions for all scopes...
2025-07-23 09:15:26.878 [info] Got 0 sessions for ...
2025-07-23 09:15:26.878 [info] Getting sessions for all scopes...
2025-07-23 09:15:26.878 [info] Got 0 sessions for ...
2025-07-23 09:15:26.884 [info] Getting sessions for all scopes...
2025-07-23 09:15:26.884 [info] Got 0 sessions for ...
2025-07-23 09:15:37.521 [info] Reading sessions from keychain...
2025-07-23 09:15:37.521 [info] Getting sessions for all scopes...
2025-07-23 09:15:37.521 [info] Got 0 sessions for ...
2025-07-23 09:15:37.521 [info] Getting sessions for all scopes...
2025-07-23 09:15:37.521 [info] Got 0 sessions for ...
2025-07-23 09:15:37.521 [info] Getting sessions for all scopes...
2025-07-23 09:15:37.521 [info] Got 0 sessions for ...
2025-07-23 09:15:37.521 [info] Getting sessions for all scopes...
2025-07-23 09:15:37.521 [info] Got 0 sessions for ...
2025-07-23 09:15:37.521 [info] Getting sessions for all scopes...
2025-07-23 09:15:37.521 [info] Got 0 sessions for ...
2025-07-23 09:15:37.803 [info] Getting sessions for read:user,repo,user:email...
2025-07-23 09:15:37.804 [info] Got 0 sessions for read:user,repo,user:email...
