2025-07-18 10:30:44.183 [info] Extension host with pid 122646 started
2025-07-18 10:30:44.183 [info] Skipping acquiring lock for /home/dmarkovic/.config/VSCodium/User/workspaceStorage/da77c4abd109d5958e043b840bb1d685.
2025-07-18 10:30:44.302 [info] ExtensionService#_doActivateExtension vscode.emmet, startup: false, activationEvent: 'onLanguage'
2025-07-18 10:30:44.319 [info] ExtensionService#_doActivateExtension ms-python.python, startup: false, activationEvent: 'onLanguage:yaml', root cause: redhat.ansible
2025-07-18 10:30:44.499 [info] ExtensionService#_doActivateExtension redhat.vscode-yaml, startup: false, activationEvent: 'onLanguage:yaml', root cause: redhat.ansible
2025-07-18 10:30:44.778 [info] ExtensionService#_doActivateExtension redhat.ansible, startup: false, activationEvent: 'onLanguage:yaml'
2025-07-18 10:30:44.913 [info] ExtensionService#_doActivateExtension ms-python.vscode-pylance, startup: false, activationEvent: 'api', root cause: ms-python.python
2025-07-18 10:30:45.325 [info] ExtensionService#_doActivateExtension vscode.git-base, startup: true, activationEvent: '*', root cause: vscode.git
2025-07-18 10:30:45.334 [warning] [redhat.vscode-yaml] Accessing a resource scoped configuration without providing a resource is not expected. To get the effective value for '[yaml]', provide the URI of a resource or 'null' for any resource.
2025-07-18 10:30:45.355 [warning] [redhat.vscode-yaml] Accessing a resource scoped configuration without providing a resource is not expected. To get the effective value for '[yaml]', provide the URI of a resource or 'null' for any resource.
2025-07-18 10:30:45.362 [info] ExtensionService#_doActivateExtension vscode.git, startup: true, activationEvent: '*'
2025-07-18 10:30:45.404 [info] ExtensionService#_doActivateExtension vscode.github, startup: true, activationEvent: '*'
2025-07-18 10:30:45.516 [info] Eager extensions activated
2025-07-18 10:30:45.537 [info] ExtensionService#_doActivateExtension vscode.debug-auto-launch, startup: false, activationEvent: 'onStartupFinished'
2025-07-18 10:30:45.539 [info] ExtensionService#_doActivateExtension vscode.merge-conflict, startup: false, activationEvent: 'onStartupFinished'
2025-07-18 10:30:45.555 [info] ExtensionService#_doActivateExtension aaron-bond.better-comments, startup: false, activationEvent: 'onStartupFinished'
2025-07-18 10:30:45.559 [info] ExtensionService#_doActivateExtension dbaeumer.vscode-eslint, startup: false, activationEvent: 'onStartupFinished'
2025-07-18 10:30:45.587 [info] ExtensionService#_doActivateExtension eamodio.gitlens, startup: false, activationEvent: 'onStartupFinished'
2025-07-18 10:30:45.731 [info] ExtensionService#_doActivateExtension felipecaputo.git-project-manager, startup: false, activationEvent: 'onStartupFinished'
2025-07-18 10:30:45.889 [info] ExtensionService#_doActivateExtension vscode.github-authentication, startup: false, activationEvent: 'onAuthenticationRequest:github'
2025-07-18 10:30:46.120 [warning] [redhat.vscode-yaml] Accessing a resource scoped configuration without providing a resource is not expected. To get the effective value for '[yaml]', provide the URI of a resource or 'null' for any resource.
2025-07-18 10:30:52.037 [info] Extension host terminating: renderer closed the MessagePort
2025-07-18 10:30:52.044 [error] An error occurred when disposing the subscriptions for extension 'eamodio.gitlens':
2025-07-18 10:30:52.047 [error] TypeError: Cannot read properties of undefined (reading 'dispose')
	at Object.dispose (file:///opt/vscodium-bin/resources/app/out/vs/workbench/api/node/extensionHostProcess.js:140:134235)
	at Y1.<anonymous> (file:///opt/vscodium-bin/resources/app/out/vs/workbench/api/node/extensionHostProcess.js:107:9946)
	at Y1.dispose (file:///opt/vscodium-bin/resources/app/out/vs/workbench/api/node/extensionHostProcess.js:107:10042)
	at Object.dispose (/home/dmarkovic/.vscode-oss/extensions/eamodio.gitlens-17.3.1/dist/gitlens.js:536:29282)
	at /home/dmarkovic/.vscode-oss/extensions/eamodio.gitlens-17.3.1/dist/gitlens.js:813:16179
	at Array.forEach (<anonymous>)
	at Object.dispose (/home/dmarkovic/.vscode-oss/extensions/eamodio.gitlens-17.3.1/dist/gitlens.js:813:16161)
	at wi (file:///opt/vscodium-bin/resources/app/out/vs/workbench/api/node/extensionHostProcess.js:25:748)
	at file:///opt/vscodium-bin/resources/app/out/vs/workbench/api/node/extensionHostProcess.js:117:18464
	at file:///opt/vscodium-bin/resources/app/out/vs/workbench/api/node/extensionHostProcess.js:25:1058
	at Object.dispose (file:///opt/vscodium-bin/resources/app/out/vs/workbench/api/node/extensionHostProcess.js:8:705)
	at JG._deactivate (file:///opt/vscodium-bin/resources/app/out/vs/workbench/api/node/extensionHostProcess.js:117:14729)
	at file:///opt/vscodium-bin/resources/app/out/vs/workbench/api/node/extensionHostProcess.js:117:12015
	at Array.map (<anonymous>)
	at JG._deactivateAll (file:///opt/vscodium-bin/resources/app/out/vs/workbench/api/node/extensionHostProcess.js:117:12003)
	at JG.terminate (file:///opt/vscodium-bin/resources/app/out/vs/workbench/api/node/extensionHostProcess.js:117:12356)
	at Y7.terminate (file:///opt/vscodium-bin/resources/app/out/vs/workbench/api/node/extensionHostProcess.js:119:1082)
	at hs (file:///opt/vscodium-bin/resources/app/out/vs/workbench/api/node/extensionHostProcess.js:356:10566)
	at MessagePortMain.<anonymous> (file:///opt/vscodium-bin/resources/app/out/vs/workbench/api/node/extensionHostProcess.js:356:7013)
	at MessagePortMain.emit (node:events:518:28)
	at MessagePortMain._internalPort.emit (node:electron/js2c/utility_init:2:3073)
2025-07-18 10:30:52.053 [info] Extension host with pid 122646 exiting with code 0
2025-07-18 10:30:52.998 [info] Extension host with pid 123436 started
2025-07-18 10:30:52.998 [info] Skipping acquiring lock for /home/dmarkovic/.config/VSCodium/User/workspaceStorage/e178318e37f6f00f120e3ece903d7e62.
2025-07-18 10:30:53.085 [info] ExtensionService#_doActivateExtension vscode.emmet, startup: false, activationEvent: 'onLanguage'
2025-07-18 10:30:53.108 [info] ExtensionService#_doActivateExtension ms-python.python, startup: false, activationEvent: 'onLanguage:yaml', root cause: redhat.ansible
2025-07-18 10:30:53.318 [info] ExtensionService#_doActivateExtension redhat.vscode-yaml, startup: false, activationEvent: 'onLanguage:yaml', root cause: redhat.ansible
2025-07-18 10:30:53.629 [info] ExtensionService#_doActivateExtension redhat.ansible, startup: false, activationEvent: 'onLanguage:yaml'
2025-07-18 10:30:53.775 [info] ExtensionService#_doActivateExtension ms-python.vscode-pylance, startup: false, activationEvent: 'api', root cause: ms-python.python
2025-07-18 10:30:54.136 [info] ExtensionService#_doActivateExtension vscode.git-base, startup: true, activationEvent: '*', root cause: vscode.git
2025-07-18 10:30:54.151 [warning] [redhat.vscode-yaml] Accessing a resource scoped configuration without providing a resource is not expected. To get the effective value for '[yaml]', provide the URI of a resource or 'null' for any resource.
2025-07-18 10:30:54.162 [warning] [redhat.vscode-yaml] Accessing a resource scoped configuration without providing a resource is not expected. To get the effective value for '[yaml]', provide the URI of a resource or 'null' for any resource.
2025-07-18 10:30:54.163 [info] ExtensionService#_doActivateExtension vscode.git, startup: true, activationEvent: '*'
2025-07-18 10:30:54.196 [info] ExtensionService#_doActivateExtension vscode.github, startup: true, activationEvent: '*'
2025-07-18 10:30:54.220 [info] ExtensionService#_doActivateExtension gamunu.opentofu, startup: true, activationEvent: 'workspaceContains:**/*.tf,**/*.tfvars'
2025-07-18 10:30:54.344 [info] Eager extensions activated
2025-07-18 10:30:54.374 [info] ExtensionService#_doActivateExtension vscode.debug-auto-launch, startup: false, activationEvent: 'onStartupFinished'
2025-07-18 10:30:54.377 [info] ExtensionService#_doActivateExtension vscode.merge-conflict, startup: false, activationEvent: 'onStartupFinished'
2025-07-18 10:30:54.407 [info] ExtensionService#_doActivateExtension aaron-bond.better-comments, startup: false, activationEvent: 'onStartupFinished'
2025-07-18 10:30:54.412 [info] ExtensionService#_doActivateExtension dbaeumer.vscode-eslint, startup: false, activationEvent: 'onStartupFinished'
2025-07-18 10:30:54.443 [info] ExtensionService#_doActivateExtension eamodio.gitlens, startup: false, activationEvent: 'onStartupFinished'
2025-07-18 10:30:54.579 [info] ExtensionService#_doActivateExtension felipecaputo.git-project-manager, startup: false, activationEvent: 'onStartupFinished'
2025-07-18 10:30:54.845 [info] ExtensionService#_doActivateExtension vscode.github-authentication, startup: false, activationEvent: 'onAuthenticationRequest:github'
2025-07-18 10:30:55.032 [warning] [redhat.vscode-yaml] Accessing a resource scoped configuration without providing a resource is not expected. To get the effective value for '[yaml]', provide the URI of a resource or 'null' for any resource.
2025-07-18 10:31:24.909 [warning] TextEditor is closed/disposed
2025-07-18 10:31:27.559 [warning] TextEditor is closed/disposed
2025-07-18 10:31:28.967 [warning] TextEditor is closed/disposed
2025-07-18 10:31:30.503 [warning] TextEditor is closed/disposed
2025-07-18 10:31:56.644 [warning] TextEditor is closed/disposed
2025-07-18 10:31:57.684 [warning] TextEditor is closed/disposed
2025-07-18 10:32:01.115 [warning] TextEditor is closed/disposed
2025-07-18 10:33:01.083 [warning] TextEditor is closed/disposed
2025-07-18 10:48:19.563 [warning] TextEditor is closed/disposed
2025-07-18 10:49:29.759 [warning] TextEditor is closed/disposed
2025-07-18 10:50:46.141 [warning] TextEditor is closed/disposed
2025-07-18 10:50:49.166 [warning] TextEditor is closed/disposed
2025-07-18 10:50:50.582 [warning] TextEditor is closed/disposed
2025-07-18 10:50:55.112 [warning] TextEditor is closed/disposed
2025-07-18 10:51:22.927 [warning] TextEditor is closed/disposed
2025-07-18 10:51:23.869 [warning] TextEditor is closed/disposed
2025-07-18 10:51:25.263 [warning] TextEditor is closed/disposed
2025-07-18 10:52:03.790 [warning] TextEditor is closed/disposed
2025-07-18 10:52:33.609 [warning] TextEditor is closed/disposed
2025-07-18 10:52:36.608 [warning] TextEditor is closed/disposed
2025-07-18 10:52:43.008 [warning] TextEditor is closed/disposed
2025-07-18 10:57:12.521 [warning] [redhat.vscode-yaml] Accessing a resource scoped configuration without providing a resource is not expected. To get the effective value for '[yaml]', provide the URI of a resource or 'null' for any resource.
2025-07-18 10:57:12.562 [warning] [redhat.vscode-yaml] Accessing a resource scoped configuration without providing a resource is not expected. To get the effective value for '[yaml]', provide the URI of a resource or 'null' for any resource.
2025-07-18 10:57:12.586 [warning] [redhat.vscode-yaml] Accessing a resource scoped configuration without providing a resource is not expected. To get the effective value for '[yaml]', provide the URI of a resource or 'null' for any resource.
2025-07-18 10:57:12.613 [warning] [redhat.vscode-yaml] Accessing a resource scoped configuration without providing a resource is not expected. To get the effective value for '[yaml]', provide the URI of a resource or 'null' for any resource.
2025-07-18 10:57:25.567 [warning] TextEditor is closed/disposed
2025-07-18 10:57:40.332 [warning] TextEditor is closed/disposed
2025-07-18 10:57:47.329 [warning] TextEditor is closed/disposed
2025-07-18 10:58:43.385 [warning] TextEditor is closed/disposed
2025-07-18 11:44:27.112 [info] Extension host terminating: renderer closed the MessagePort
2025-07-18 11:44:27.121 [error] An error occurred when disposing the subscriptions for extension 'eamodio.gitlens':
2025-07-18 11:44:27.124 [error] TypeError: Cannot read properties of undefined (reading 'dispose')
	at Object.dispose (file:///opt/vscodium-bin/resources/app/out/vs/workbench/api/node/extensionHostProcess.js:140:134235)
	at Y1.<anonymous> (file:///opt/vscodium-bin/resources/app/out/vs/workbench/api/node/extensionHostProcess.js:107:9946)
	at Y1.dispose (file:///opt/vscodium-bin/resources/app/out/vs/workbench/api/node/extensionHostProcess.js:107:10042)
	at Object.dispose (/home/dmarkovic/.vscode-oss/extensions/eamodio.gitlens-17.3.1/dist/gitlens.js:536:29282)
	at /home/dmarkovic/.vscode-oss/extensions/eamodio.gitlens-17.3.1/dist/gitlens.js:813:16179
	at Array.forEach (<anonymous>)
	at Object.dispose (/home/dmarkovic/.vscode-oss/extensions/eamodio.gitlens-17.3.1/dist/gitlens.js:813:16161)
	at wi (file:///opt/vscodium-bin/resources/app/out/vs/workbench/api/node/extensionHostProcess.js:25:748)
	at file:///opt/vscodium-bin/resources/app/out/vs/workbench/api/node/extensionHostProcess.js:117:18464
	at file:///opt/vscodium-bin/resources/app/out/vs/workbench/api/node/extensionHostProcess.js:25:1058
	at Object.dispose (file:///opt/vscodium-bin/resources/app/out/vs/workbench/api/node/extensionHostProcess.js:8:705)
	at JG._deactivate (file:///opt/vscodium-bin/resources/app/out/vs/workbench/api/node/extensionHostProcess.js:117:14729)
	at file:///opt/vscodium-bin/resources/app/out/vs/workbench/api/node/extensionHostProcess.js:117:12015
	at Array.map (<anonymous>)
	at JG._deactivateAll (file:///opt/vscodium-bin/resources/app/out/vs/workbench/api/node/extensionHostProcess.js:117:12003)
	at JG.terminate (file:///opt/vscodium-bin/resources/app/out/vs/workbench/api/node/extensionHostProcess.js:117:12356)
	at Y7.terminate (file:///opt/vscodium-bin/resources/app/out/vs/workbench/api/node/extensionHostProcess.js:119:1082)
	at hs (file:///opt/vscodium-bin/resources/app/out/vs/workbench/api/node/extensionHostProcess.js:356:10566)
	at MessagePortMain.<anonymous> (file:///opt/vscodium-bin/resources/app/out/vs/workbench/api/node/extensionHostProcess.js:356:7013)
	at MessagePortMain.emit (node:events:518:28)
	at MessagePortMain._internalPort.emit (node:electron/js2c/utility_init:2:3073)
2025-07-18 11:44:27.134 [info] Extension host with pid 123436 exiting with code 0
2025-07-18 11:44:28.071 [info] Extension host with pid 196643 started
2025-07-18 11:44:28.071 [info] Skipping acquiring lock for /home/dmarkovic/.config/VSCodium/User/workspaceStorage/18764b60a3c41dc1624d0950ed2c7e97.
2025-07-18 11:44:28.179 [info] ExtensionService#_doActivateExtension vscode.emmet, startup: false, activationEvent: 'onLanguage'
2025-07-18 11:44:28.200 [info] ExtensionService#_doActivateExtension ms-python.python, startup: false, activationEvent: 'onLanguage:yaml', root cause: redhat.ansible
2025-07-18 11:44:28.369 [info] ExtensionService#_doActivateExtension redhat.vscode-yaml, startup: false, activationEvent: 'onLanguage:yaml', root cause: redhat.ansible
2025-07-18 11:44:28.576 [info] ExtensionService#_doActivateExtension redhat.ansible, startup: false, activationEvent: 'onLanguage:yaml'
2025-07-18 11:44:28.715 [info] ExtensionService#_doActivateExtension ms-python.vscode-pylance, startup: false, activationEvent: 'api', root cause: ms-python.python
2025-07-18 11:44:29.084 [warning] [redhat.vscode-yaml] Accessing a resource scoped configuration without providing a resource is not expected. To get the effective value for '[yaml]', provide the URI of a resource or 'null' for any resource.
2025-07-18 11:44:29.095 [warning] [redhat.vscode-yaml] Accessing a resource scoped configuration without providing a resource is not expected. To get the effective value for '[yaml]', provide the URI of a resource or 'null' for any resource.
2025-07-18 11:44:29.128 [info] ExtensionService#_doActivateExtension vscode.git-base, startup: true, activationEvent: '*', root cause: vscode.git
2025-07-18 11:44:29.156 [info] ExtensionService#_doActivateExtension vscode.git, startup: true, activationEvent: '*'
2025-07-18 11:44:29.193 [info] ExtensionService#_doActivateExtension vscode.github, startup: true, activationEvent: '*'
2025-07-18 11:44:29.330 [info] Eager extensions activated
2025-07-18 11:44:29.332 [info] ExtensionService#_doActivateExtension vscode.debug-auto-launch, startup: false, activationEvent: 'onStartupFinished'
2025-07-18 11:44:29.334 [info] ExtensionService#_doActivateExtension vscode.merge-conflict, startup: false, activationEvent: 'onStartupFinished'
2025-07-18 11:44:29.348 [info] ExtensionService#_doActivateExtension aaron-bond.better-comments, startup: false, activationEvent: 'onStartupFinished'
2025-07-18 11:44:29.358 [info] ExtensionService#_doActivateExtension dbaeumer.vscode-eslint, startup: false, activationEvent: 'onStartupFinished'
2025-07-18 11:44:29.379 [info] ExtensionService#_doActivateExtension eamodio.gitlens, startup: false, activationEvent: 'onStartupFinished'
2025-07-18 11:44:29.489 [info] ExtensionService#_doActivateExtension felipecaputo.git-project-manager, startup: false, activationEvent: 'onStartupFinished'
2025-07-18 11:44:29.709 [info] ExtensionService#_doActivateExtension vscode.github-authentication, startup: false, activationEvent: 'onAuthenticationRequest:github'
2025-07-18 11:44:30.160 [warning] [redhat.vscode-yaml] Accessing a resource scoped configuration without providing a resource is not expected. To get the effective value for '[yaml]', provide the URI of a resource or 'null' for any resource.
2025-07-18 11:50:13.380 [warning] TextEditor is closed/disposed
2025-07-18 11:50:39.837 [warning] TextEditor is closed/disposed
2025-07-18 11:50:54.978 [warning] TextEditor is closed/disposed
2025-07-18 11:51:18.503 [warning] TextEditor is closed/disposed
2025-07-18 11:51:23.649 [warning] TextEditor is closed/disposed
2025-07-18 12:07:51.995 [warning] [redhat.vscode-yaml] Accessing a resource scoped configuration without providing a resource is not expected. To get the effective value for '[yaml]', provide the URI of a resource or 'null' for any resource.
2025-07-18 12:08:27.056 [warning] TextEditor is closed/disposed
2025-07-18 12:08:39.615 [warning] TextEditor is closed/disposed
2025-07-18 12:08:46.815 [info] Extension host terminating: renderer closed the MessagePort
2025-07-18 12:08:46.825 [error] An error occurred when disposing the subscriptions for extension 'eamodio.gitlens':
2025-07-18 12:08:46.825 [error] TypeError: Cannot read properties of undefined (reading 'dispose')
	at Object.dispose (file:///opt/vscodium-bin/resources/app/out/vs/workbench/api/node/extensionHostProcess.js:140:134235)
	at Y1.<anonymous> (file:///opt/vscodium-bin/resources/app/out/vs/workbench/api/node/extensionHostProcess.js:107:9946)
	at Y1.dispose (file:///opt/vscodium-bin/resources/app/out/vs/workbench/api/node/extensionHostProcess.js:107:10042)
	at Object.dispose (/home/dmarkovic/.vscode-oss/extensions/eamodio.gitlens-17.3.1/dist/gitlens.js:536:29282)
	at /home/dmarkovic/.vscode-oss/extensions/eamodio.gitlens-17.3.1/dist/gitlens.js:813:16179
	at Array.forEach (<anonymous>)
	at Object.dispose (/home/dmarkovic/.vscode-oss/extensions/eamodio.gitlens-17.3.1/dist/gitlens.js:813:16161)
	at wi (file:///opt/vscodium-bin/resources/app/out/vs/workbench/api/node/extensionHostProcess.js:25:748)
	at file:///opt/vscodium-bin/resources/app/out/vs/workbench/api/node/extensionHostProcess.js:117:18464
	at file:///opt/vscodium-bin/resources/app/out/vs/workbench/api/node/extensionHostProcess.js:25:1058
	at Object.dispose (file:///opt/vscodium-bin/resources/app/out/vs/workbench/api/node/extensionHostProcess.js:8:705)
	at JG._deactivate (file:///opt/vscodium-bin/resources/app/out/vs/workbench/api/node/extensionHostProcess.js:117:14729)
	at file:///opt/vscodium-bin/resources/app/out/vs/workbench/api/node/extensionHostProcess.js:117:12015
	at Array.map (<anonymous>)
	at JG._deactivateAll (file:///opt/vscodium-bin/resources/app/out/vs/workbench/api/node/extensionHostProcess.js:117:12003)
	at JG.terminate (file:///opt/vscodium-bin/resources/app/out/vs/workbench/api/node/extensionHostProcess.js:117:12356)
	at Y7.terminate (file:///opt/vscodium-bin/resources/app/out/vs/workbench/api/node/extensionHostProcess.js:119:1082)
	at hs (file:///opt/vscodium-bin/resources/app/out/vs/workbench/api/node/extensionHostProcess.js:356:10566)
	at MessagePortMain.<anonymous> (file:///opt/vscodium-bin/resources/app/out/vs/workbench/api/node/extensionHostProcess.js:356:7013)
	at MessagePortMain.emit (node:events:518:28)
	at MessagePortMain._internalPort.emit (node:electron/js2c/utility_init:2:3073)
2025-07-18 12:08:46.832 [info] Extension host with pid 196643 exiting with code 0
2025-07-18 12:08:47.772 [info] Extension host with pid 220467 started
2025-07-18 12:08:47.772 [info] Skipping acquiring lock for /home/dmarkovic/.config/VSCodium/User/workspaceStorage/1248cfe593f0dec1d6fd97a1da996d03.
2025-07-18 12:08:47.825 [info] ExtensionService#_doActivateExtension vscode.git-base, startup: true, activationEvent: '*', root cause: vscode.git
2025-07-18 12:08:47.834 [info] ExtensionService#_doActivateExtension ms-python.python, startup: true, activationEvent: 'workspaceContains:requirements.txt'
2025-07-18 12:08:48.053 [info] ExtensionService#_doActivateExtension vscode.git, startup: true, activationEvent: '*'
2025-07-18 12:08:48.092 [info] ExtensionService#_doActivateExtension vscode.github, startup: true, activationEvent: '*'
2025-07-18 12:08:48.176 [info] Eager extensions activated
2025-07-18 12:08:48.217 [info] ExtensionService#_doActivateExtension vscode.debug-auto-launch, startup: false, activationEvent: 'onStartupFinished'
2025-07-18 12:08:48.219 [info] ExtensionService#_doActivateExtension vscode.merge-conflict, startup: false, activationEvent: 'onStartupFinished'
2025-07-18 12:08:48.238 [info] ExtensionService#_doActivateExtension aaron-bond.better-comments, startup: false, activationEvent: 'onStartupFinished'
2025-07-18 12:08:48.242 [info] ExtensionService#_doActivateExtension dbaeumer.vscode-eslint, startup: false, activationEvent: 'onStartupFinished'
2025-07-18 12:08:48.280 [info] ExtensionService#_doActivateExtension eamodio.gitlens, startup: false, activationEvent: 'onStartupFinished'
2025-07-18 12:08:48.427 [info] ExtensionService#_doActivateExtension felipecaputo.git-project-manager, startup: false, activationEvent: 'onStartupFinished'
2025-07-18 12:08:48.584 [info] ExtensionService#_doActivateExtension vscode.emmet, startup: false, activationEvent: 'onLanguage'
2025-07-18 12:08:48.614 [info] ExtensionService#_doActivateExtension ms-python.vscode-pylance, startup: false, activationEvent: 'api', root cause: ms-python.python
2025-07-18 12:08:48.962 [info] ExtensionService#_doActivateExtension vscode.github-authentication, startup: false, activationEvent: 'onAuthenticationRequest:github'
2025-07-18 12:12:01.592 [info] Extension host terminating: renderer closed the MessagePort
2025-07-18 12:12:01.600 [error] An error occurred when disposing the subscriptions for extension 'eamodio.gitlens':
2025-07-18 12:12:01.602 [error] TypeError: Cannot read properties of undefined (reading 'dispose')
	at Object.dispose (file:///opt/vscodium-bin/resources/app/out/vs/workbench/api/node/extensionHostProcess.js:140:134235)
	at Y1.<anonymous> (file:///opt/vscodium-bin/resources/app/out/vs/workbench/api/node/extensionHostProcess.js:107:9946)
	at Y1.dispose (file:///opt/vscodium-bin/resources/app/out/vs/workbench/api/node/extensionHostProcess.js:107:10042)
	at Object.dispose (/home/dmarkovic/.vscode-oss/extensions/eamodio.gitlens-17.3.1/dist/gitlens.js:536:29282)
	at /home/dmarkovic/.vscode-oss/extensions/eamodio.gitlens-17.3.1/dist/gitlens.js:813:16179
	at Array.forEach (<anonymous>)
	at Object.dispose (/home/dmarkovic/.vscode-oss/extensions/eamodio.gitlens-17.3.1/dist/gitlens.js:813:16161)
	at wi (file:///opt/vscodium-bin/resources/app/out/vs/workbench/api/node/extensionHostProcess.js:25:748)
	at file:///opt/vscodium-bin/resources/app/out/vs/workbench/api/node/extensionHostProcess.js:117:18464
	at file:///opt/vscodium-bin/resources/app/out/vs/workbench/api/node/extensionHostProcess.js:25:1058
	at Object.dispose (file:///opt/vscodium-bin/resources/app/out/vs/workbench/api/node/extensionHostProcess.js:8:705)
	at JG._deactivate (file:///opt/vscodium-bin/resources/app/out/vs/workbench/api/node/extensionHostProcess.js:117:14729)
	at file:///opt/vscodium-bin/resources/app/out/vs/workbench/api/node/extensionHostProcess.js:117:12015
	at Array.map (<anonymous>)
	at JG._deactivateAll (file:///opt/vscodium-bin/resources/app/out/vs/workbench/api/node/extensionHostProcess.js:117:12003)
	at JG.terminate (file:///opt/vscodium-bin/resources/app/out/vs/workbench/api/node/extensionHostProcess.js:117:12356)
	at Y7.terminate (file:///opt/vscodium-bin/resources/app/out/vs/workbench/api/node/extensionHostProcess.js:119:1082)
	at hs (file:///opt/vscodium-bin/resources/app/out/vs/workbench/api/node/extensionHostProcess.js:356:10566)
	at MessagePortMain.<anonymous> (file:///opt/vscodium-bin/resources/app/out/vs/workbench/api/node/extensionHostProcess.js:356:7013)
	at MessagePortMain.emit (node:events:518:28)
	at MessagePortMain._internalPort.emit (node:electron/js2c/utility_init:2:3073)
2025-07-18 12:12:01.606 [info] Extension host with pid 220467 exiting with code 0
2025-07-18 12:12:02.509 [info] Extension host with pid 223723 started
2025-07-18 12:12:02.509 [info] Skipping acquiring lock for /home/dmarkovic/.config/VSCodium/User/workspaceStorage/052102d56824f3b9e3007ecb3e458b70.
2025-07-18 12:12:02.667 [info] ExtensionService#_doActivateExtension vscode.emmet, startup: false, activationEvent: 'onLanguage'
2025-07-18 12:12:02.686 [info] ExtensionService#_doActivateExtension ms-python.python, startup: false, activationEvent: 'onLanguage:yaml', root cause: redhat.ansible
2025-07-18 12:12:02.861 [info] ExtensionService#_doActivateExtension redhat.vscode-yaml, startup: false, activationEvent: 'onLanguage:yaml', root cause: redhat.ansible
2025-07-18 12:12:03.100 [info] ExtensionService#_doActivateExtension redhat.ansible, startup: false, activationEvent: 'onLanguage:yaml'
2025-07-18 12:12:03.229 [info] ExtensionService#_doActivateExtension ms-python.vscode-pylance, startup: false, activationEvent: 'api', root cause: ms-python.python
2025-07-18 12:12:03.605 [warning] [redhat.vscode-yaml] Accessing a resource scoped configuration without providing a resource is not expected. To get the effective value for '[yaml]', provide the URI of a resource or 'null' for any resource.
2025-07-18 12:12:03.608 [warning] [redhat.vscode-yaml] Accessing a resource scoped configuration without providing a resource is not expected. To get the effective value for '[yaml]', provide the URI of a resource or 'null' for any resource.
2025-07-18 12:12:03.609 [info] ExtensionService#_doActivateExtension vscode.git-base, startup: true, activationEvent: '*', root cause: vscode.git
2025-07-18 12:12:03.644 [info] ExtensionService#_doActivateExtension vscode.git, startup: true, activationEvent: '*'
2025-07-18 12:12:03.678 [info] ExtensionService#_doActivateExtension vscode.github, startup: true, activationEvent: '*'
2025-07-18 12:12:03.695 [info] ExtensionService#_doActivateExtension gamunu.opentofu, startup: true, activationEvent: 'workspaceContains:**/*.tf,**/*.tfvars'
2025-07-18 12:12:03.865 [info] Eager extensions activated
2025-07-18 12:12:03.888 [info] ExtensionService#_doActivateExtension vscode.debug-auto-launch, startup: false, activationEvent: 'onStartupFinished'
2025-07-18 12:12:03.890 [info] ExtensionService#_doActivateExtension vscode.merge-conflict, startup: false, activationEvent: 'onStartupFinished'
2025-07-18 12:12:03.904 [info] ExtensionService#_doActivateExtension aaron-bond.better-comments, startup: false, activationEvent: 'onStartupFinished'
2025-07-18 12:12:03.907 [info] ExtensionService#_doActivateExtension dbaeumer.vscode-eslint, startup: false, activationEvent: 'onStartupFinished'
2025-07-18 12:12:03.932 [info] ExtensionService#_doActivateExtension eamodio.gitlens, startup: false, activationEvent: 'onStartupFinished'
2025-07-18 12:12:04.060 [info] ExtensionService#_doActivateExtension felipecaputo.git-project-manager, startup: false, activationEvent: 'onStartupFinished'
2025-07-18 12:12:04.209 [info] ExtensionService#_doActivateExtension vscode.github-authentication, startup: false, activationEvent: 'onAuthenticationRequest:github'
2025-07-18 12:12:04.619 [warning] [redhat.vscode-yaml] Accessing a resource scoped configuration without providing a resource is not expected. To get the effective value for '[yaml]', provide the URI of a resource or 'null' for any resource.
2025-07-18 12:12:56.234 [warning] TextEditor is closed/disposed
2025-07-18 12:13:51.818 [warning] TextEditor is closed/disposed
2025-07-18 12:13:54.139 [warning] TextEditor is closed/disposed
2025-07-18 12:13:55.637 [warning] TextEditor is closed/disposed
2025-07-18 12:14:00.910 [warning] TextEditor is closed/disposed
2025-07-18 12:14:34.191 [warning] [redhat.vscode-yaml] Accessing a resource scoped configuration without providing a resource is not expected. To get the effective value for '[yaml]', provide the URI of a resource or 'null' for any resource.
2025-07-18 13:03:44.724 [info] Extension host terminating: renderer closed the MessagePort
2025-07-18 13:03:44.746 [error] An error occurred when disposing the subscriptions for extension 'eamodio.gitlens':
2025-07-18 13:03:44.749 [error] TypeError: Cannot read properties of undefined (reading 'dispose')
	at Object.dispose (file:///opt/vscodium-bin/resources/app/out/vs/workbench/api/node/extensionHostProcess.js:140:134235)
	at Y1.<anonymous> (file:///opt/vscodium-bin/resources/app/out/vs/workbench/api/node/extensionHostProcess.js:107:9946)
	at Y1.dispose (file:///opt/vscodium-bin/resources/app/out/vs/workbench/api/node/extensionHostProcess.js:107:10042)
	at Object.dispose (/home/dmarkovic/.vscode-oss/extensions/eamodio.gitlens-17.3.1/dist/gitlens.js:536:29282)
	at /home/dmarkovic/.vscode-oss/extensions/eamodio.gitlens-17.3.1/dist/gitlens.js:813:16179
	at Array.forEach (<anonymous>)
	at Object.dispose (/home/dmarkovic/.vscode-oss/extensions/eamodio.gitlens-17.3.1/dist/gitlens.js:813:16161)
	at wi (file:///opt/vscodium-bin/resources/app/out/vs/workbench/api/node/extensionHostProcess.js:25:748)
	at file:///opt/vscodium-bin/resources/app/out/vs/workbench/api/node/extensionHostProcess.js:117:18464
	at file:///opt/vscodium-bin/resources/app/out/vs/workbench/api/node/extensionHostProcess.js:25:1058
	at Object.dispose (file:///opt/vscodium-bin/resources/app/out/vs/workbench/api/node/extensionHostProcess.js:8:705)
	at JG._deactivate (file:///opt/vscodium-bin/resources/app/out/vs/workbench/api/node/extensionHostProcess.js:117:14729)
	at file:///opt/vscodium-bin/resources/app/out/vs/workbench/api/node/extensionHostProcess.js:117:12015
	at Array.map (<anonymous>)
	at JG._deactivateAll (file:///opt/vscodium-bin/resources/app/out/vs/workbench/api/node/extensionHostProcess.js:117:12003)
	at JG.terminate (file:///opt/vscodium-bin/resources/app/out/vs/workbench/api/node/extensionHostProcess.js:117:12356)
	at Y7.terminate (file:///opt/vscodium-bin/resources/app/out/vs/workbench/api/node/extensionHostProcess.js:119:1082)
	at hs (file:///opt/vscodium-bin/resources/app/out/vs/workbench/api/node/extensionHostProcess.js:356:10566)
	at MessagePortMain.<anonymous> (file:///opt/vscodium-bin/resources/app/out/vs/workbench/api/node/extensionHostProcess.js:356:7013)
	at MessagePortMain.emit (node:events:518:28)
	at MessagePortMain._internalPort.emit (node:electron/js2c/utility_init:2:3073)
2025-07-18 13:03:44.760 [info] Extension host with pid 223723 exiting with code 0
2025-07-18 13:03:45.835 [info] Extension host with pid 272718 started
2025-07-18 13:03:45.835 [info] Skipping acquiring lock for /home/dmarkovic/.config/VSCodium/User/workspaceStorage/e178318e37f6f00f120e3ece903d7e62.
2025-07-18 13:03:45.864 [info] ExtensionService#_doActivateExtension vscode.emmet, startup: false, activationEvent: 'onLanguage'
2025-07-18 13:03:45.890 [info] ExtensionService#_doActivateExtension ms-python.python, startup: false, activationEvent: 'onLanguage:yaml', root cause: redhat.ansible
2025-07-18 13:03:46.068 [info] ExtensionService#_doActivateExtension redhat.vscode-yaml, startup: false, activationEvent: 'onLanguage:yaml', root cause: redhat.ansible
2025-07-18 13:03:46.326 [info] ExtensionService#_doActivateExtension redhat.ansible, startup: false, activationEvent: 'onLanguage:yaml'
2025-07-18 13:03:46.482 [info] ExtensionService#_doActivateExtension ms-python.vscode-pylance, startup: false, activationEvent: 'api', root cause: ms-python.python
2025-07-18 13:03:46.857 [warning] [redhat.vscode-yaml] Accessing a resource scoped configuration without providing a resource is not expected. To get the effective value for '[yaml]', provide the URI of a resource or 'null' for any resource.
2025-07-18 13:03:46.858 [info] ExtensionService#_doActivateExtension vscode.git-base, startup: true, activationEvent: '*', root cause: vscode.git
2025-07-18 13:03:46.861 [warning] [redhat.vscode-yaml] Accessing a resource scoped configuration without providing a resource is not expected. To get the effective value for '[yaml]', provide the URI of a resource or 'null' for any resource.
2025-07-18 13:03:46.889 [info] ExtensionService#_doActivateExtension vscode.git, startup: true, activationEvent: '*'
2025-07-18 13:03:46.943 [info] ExtensionService#_doActivateExtension vscode.github, startup: true, activationEvent: '*'
2025-07-18 13:03:46.964 [info] ExtensionService#_doActivateExtension gamunu.opentofu, startup: true, activationEvent: 'workspaceContains:**/*.tf,**/*.tfvars'
2025-07-18 13:03:47.036 [info] Extension host terminating: renderer closed the MessagePort
2025-07-18 13:03:47.043 [info] Extension host with pid 272718 exiting with code 0
