2025-07-23 12:52:20.389 [info] [main] Log level: Info
2025-07-23 12:52:20.389 [info] [main] Validating found git in: "git"
2025-07-23 12:52:20.389 [info] [main] Using git "2.50.1" from "git"
2025-07-23 12:52:20.389 [info] [Model][doInitialScan] Initial repository scan started
2025-07-23 12:52:20.389 [info] > git rev-parse --show-toplevel [13ms]
2025-07-23 12:52:20.389 [info] fatal: not a git repository (or any parent up to mount point /)
Stopping at filesystem boundary (GIT_DISCOVERY_ACROSS_FILESYSTEM not set).
2025-07-23 12:52:20.389 [info] > git rev-parse --show-toplevel [3ms]
2025-07-23 12:52:20.389 [info] fatal: not a git repository (or any parent up to mount point /)
Stopping at filesystem boundary (GIT_DISCOVERY_ACROSS_FILESYSTEM not set).
2025-07-23 12:52:20.389 [info] > git rev-parse --show-toplevel [8ms]
2025-07-23 12:52:20.389 [info] fatal: not a git repository (or any parent up to mount point /)
Stopping at filesystem boundary (GIT_DISCOVERY_ACROSS_FILESYSTEM not set).
2025-07-23 12:52:20.389 [info] > git rev-parse --show-toplevel [15ms]
2025-07-23 12:52:20.390 [info] fatal: not a git repository (or any parent up to mount point /)
Stopping at filesystem boundary (GIT_DISCOVERY_ACROSS_FILESYSTEM not set).
2025-07-23 12:52:20.401 [info] > git rev-parse --show-toplevel [208ms]
2025-07-23 12:52:20.525 [info] > git rev-parse --git-dir --git-common-dir [5ms]
2025-07-23 12:52:20.531 [info] [Model][openRepository] Opened repository (path): /home/dmarkovic/git-projects/publicplan/efa/rbac
2025-07-23 12:52:20.531 [info] [Model][openRepository] Opened repository (real path): /home/dmarkovic/git-projects/publicplan/efa/rbac
2025-07-23 12:52:20.532 [info] [Model][doInitialScan] Initial repository scan completed - repositories (1), closed repositories (0), parent repositories (0), unsafe repositories (0)
2025-07-23 12:52:20.539 [info] > git config --get commit.template [2ms]
2025-07-23 12:52:20.552 [info] > git for-each-ref --format=%(refname)%00%(upstream:short)%00%(objectname)%00%(upstream:track)%00%(upstream:remotename)%00%(upstream:remoteref) refs/heads/master refs/remotes/master [7ms]
2025-07-23 12:52:20.568 [info] > git status -z -uall [6ms]
2025-07-23 12:52:20.571 [info] > git for-each-ref --sort -committerdate --format %(refname)%00%(objectname)%00%(*objectname) [3ms]
2025-07-23 12:52:20.607 [info] > git for-each-ref --format=%(refname)%00%(upstream:short)%00%(objectname)%00%(upstream:track)%00%(upstream:remotename)%00%(upstream:remoteref) refs/heads/master refs/remotes/master [24ms]
2025-07-23 12:52:20.618 [info] > git config --get commit.template [11ms]
2025-07-23 12:52:20.664 [info] > git config --get --local branch.master.vscode-merge-base [49ms]
2025-07-23 12:52:20.707 [info] > git for-each-ref --format=%(refname)%00%(upstream:short)%00%(objectname)%00%(upstream:track)%00%(upstream:remotename)%00%(upstream:remoteref) refs/heads/origin/master refs/remotes/origin/master [37ms]
2025-07-23 12:52:20.717 [info] > git merge-base refs/heads/master refs/remotes/origin/master [4ms]
2025-07-23 12:52:20.724 [info] > git for-each-ref --format=%(refname)%00%(upstream:short)%00%(objectname)%00%(upstream:track)%00%(upstream:remotename)%00%(upstream:remoteref) refs/heads/master refs/remotes/master [17ms]
2025-07-23 12:52:20.727 [info] > git diff --name-status -z --diff-filter=ADMR bc1b0d5cf25787ffaf7851560b48b3fa98108e31...refs/remotes/origin/master [3ms]
2025-07-23 12:52:20.741 [info] > git status -z -uall [6ms]
2025-07-23 12:52:20.742 [info] > git for-each-ref --sort -committerdate --format %(refname)%00%(objectname)%00%(*objectname) [2ms]
2025-07-23 12:52:20.773 [info] > git rev-parse --show-toplevel [12ms]
2025-07-23 12:52:20.791 [info] > git rev-parse --git-dir --git-common-dir [5ms]
2025-07-23 12:52:20.794 [info] [Model][openRepository] Opened repository (path): /home/dmarkovic/git-projects/publicplan/efa/distributions/DPA/hr-dpa-dist
2025-07-23 12:52:20.794 [info] [Model][openRepository] Opened repository (real path): /home/dmarkovic/git-projects/publicplan/efa/distributions/DPA/hr-dpa-dist
2025-07-23 12:52:20.809 [info] > git rev-parse --show-toplevel [1ms]
2025-07-23 12:52:20.809 [info] fatal: not a git repository (or any parent up to mount point /)
Stopping at filesystem boundary (GIT_DISCOVERY_ACROSS_FILESYSTEM not set).
2025-07-23 12:52:20.809 [info] > git config --get commit.template [8ms]
2025-07-23 12:52:20.823 [info] > git for-each-ref --format=%(refname)%00%(upstream:short)%00%(objectname)%00%(upstream:track)%00%(upstream:remotename)%00%(upstream:remoteref) refs/heads/main refs/remotes/main [7ms]
2025-07-23 12:52:20.842 [info] > git status -z -uall [11ms]
2025-07-23 12:52:20.845 [info] > git for-each-ref --sort -committerdate --format %(refname)%00%(objectname)%00%(*objectname) [8ms]
2025-07-23 12:52:20.864 [info] > git for-each-ref --format=%(refname)%00%(upstream:short)%00%(objectname)%00%(upstream:track)%00%(upstream:remotename)%00%(upstream:remoteref) refs/heads/main refs/remotes/main [10ms]
2025-07-23 12:52:20.872 [info] > git config --get --local branch.main.vscode-merge-base [3ms]
2025-07-23 12:52:20.878 [info] > git config --get commit.template [15ms]
2025-07-23 12:52:20.880 [info] > git for-each-ref --format=%(refname)%00%(upstream:short)%00%(objectname)%00%(upstream:track)%00%(upstream:remotename)%00%(upstream:remoteref) refs/heads/origin/main refs/remotes/origin/main [2ms]
2025-07-23 12:52:20.893 [info] > git merge-base refs/heads/main refs/remotes/origin/main [7ms]
2025-07-23 12:52:20.900 [info] > git diff --name-status -z --diff-filter=ADMR f992bab773a956ccca3af15f1d53c0aa34d54613...refs/remotes/origin/main [2ms]
2025-07-23 12:52:20.900 [info] > git for-each-ref --format=%(refname)%00%(upstream:short)%00%(objectname)%00%(upstream:track)%00%(upstream:remotename)%00%(upstream:remoteref) refs/heads/main refs/remotes/main [9ms]
2025-07-23 12:52:20.914 [info] > git status -z -uall [8ms]
2025-07-23 12:52:20.915 [info] > git for-each-ref --sort -committerdate --format %(refname)%00%(objectname)%00%(*objectname) [3ms]
2025-07-23 12:52:21.316 [info] > git check-ignore -v -z --stdin [0ms]
2025-07-23 12:52:28.799 [info] > git show --textconv :helm/noots-sak-dp-server/develop/values.yaml [6ms]
2025-07-23 12:52:28.801 [info] > git ls-files --stage -- helm/noots-sak-dp-server/develop/values.yaml [1ms]
2025-07-23 12:52:28.806 [info] > git cat-file -s dd36ccc91b37d61b0f38d7d6e97a805ab48c48a9 [1ms]
2025-07-23 12:52:28.840 [info] > git blame --root --incremental f992bab773a956ccca3af15f1d53c0aa34d54613 -- helm/noots-sak-dp-server/develop/values.yaml [8ms]
2025-07-23 12:52:29.132 [info] > git check-ignore -v -z --stdin [2ms]
