2025-07-18 10:30:44.724 [info] Telemetry level is off
2025-07-18 10:30:44.724 [info] Experiments are disabled, only manually opted experiments are active.
2025-07-18 10:30:44.724 [warning] Dir "/home/dmarkovic/git-projects/publicplan/recht.nrw-dist/.pixi/envs" is not watchable (directory does not exist)
2025-07-18 10:30:44.724 [info] Python interpreter path: /bin/python
2025-07-18 10:30:44.777 [info] > pyenv which python
2025-07-18 10:30:44.777 [info] cwd: .
2025-07-18 10:30:45.449 [info] Starting Pylance language server.
2025-07-18 10:30:53.601 [info] Telemetry level is off
2025-07-18 10:30:53.601 [info] Experiments are disabled, only manually opted experiments are active.
2025-07-18 10:30:53.601 [warning] Dir "/home/dmarkovic/git-projects/publicplan/efa/.pixi/envs" is not watchable (directory does not exist)
2025-07-18 10:30:53.601 [info] Python interpreter path: /bin/python
2025-07-18 10:30:53.628 [info] > pyenv which python
2025-07-18 10:30:53.629 [info] cwd: .
2025-07-18 10:30:54.267 [info] Starting Pylance language server.
2025-07-18 11:44:28.544 [info] Telemetry level is off
2025-07-18 11:44:28.544 [info] Experiments are disabled, only manually opted experiments are active.
2025-07-18 11:44:28.544 [warning] Dir "/home/dmarkovic/git-projects/publicplan/intern/pp-dev-cluster/.pixi/envs" is not watchable (directory does not exist)
2025-07-18 11:44:28.544 [info] Python interpreter path: /bin/python
2025-07-18 11:44:28.575 [info] > pyenv which python
2025-07-18 11:44:28.575 [info] cwd: .
2025-07-18 11:44:29.119 [info] Starting Pylance language server.
2025-07-18 12:08:48.179 [info] Telemetry level is off
2025-07-18 12:08:48.179 [info] Experiments are disabled, only manually opted experiments are active.
2025-07-18 12:08:48.179 [warning] Dir "/home/dmarkovic/git-projects/publicplan/wsp/app-configs/.pixi/envs" is not watchable (directory does not exist)
2025-07-18 12:08:48.179 [info] Python interpreter path: /bin/python
2025-07-18 12:08:48.194 [info] > pyenv which python
2025-07-18 12:08:48.194 [info] cwd: .
2025-07-18 12:08:49.025 [info] Starting Pylance language server.
2025-07-18 12:12:03.055 [info] Telemetry level is off
2025-07-18 12:12:03.055 [info] Experiments are disabled, only manually opted experiments are active.
2025-07-18 12:12:03.055 [warning] Dir "/home/dmarkovic/git-projects/publicplan/intern/pp-core-cluster/.pixi/envs" is not watchable (directory does not exist)
2025-07-18 12:12:03.055 [info] Python interpreter path: /bin/python
2025-07-18 12:12:03.083 [info] > pyenv which python
2025-07-18 12:12:03.083 [info] cwd: .
2025-07-18 12:12:03.691 [info] Starting Pylance language server.
2025-07-18 13:03:46.241 [info] Telemetry level is off
2025-07-18 13:03:46.241 [info] Experiments are disabled, only manually opted experiments are active.
2025-07-18 13:03:46.241 [warning] Dir "/home/dmarkovic/git-projects/publicplan/efa/.pixi/envs" is not watchable (directory does not exist)
2025-07-18 13:03:46.304 [info] Python interpreter path: /bin/python
2025-07-18 13:03:46.317 [info] > pyenv which python
2025-07-18 13:03:46.317 [info] cwd: .
2025-07-18 13:03:47.011 [info] Starting Pylance language server.
