2025-07-18 10:30:46.063 [info] Reading sessions from keychain...
2025-07-18 10:30:46.063 [info] Getting sessions for all scopes...
2025-07-18 10:30:46.063 [info] Got 0 sessions for ...
2025-07-18 10:30:46.063 [info] Getting sessions for all scopes...
2025-07-18 10:30:46.063 [info] Got 0 sessions for ...
2025-07-18 10:30:46.064 [info] Getting sessions for all scopes...
2025-07-18 10:30:46.064 [info] Got 0 sessions for ...
2025-07-18 10:30:46.064 [info] Getting sessions for read:user,repo,user:email...
2025-07-18 10:30:46.064 [info] Got 0 sessions for read:user,repo,user:email...
2025-07-18 10:30:46.073 [info] Getting sessions for read:user,repo,user:email...
2025-07-18 10:30:46.073 [info] Got 0 sessions for read:user,repo,user:email...
2025-07-18 10:30:46.188 [info] Getting sessions for all scopes...
2025-07-18 10:30:46.189 [info] Got 0 sessions for ...
2025-07-18 10:30:46.189 [info] Getting sessions for all scopes...
2025-07-18 10:30:46.189 [info] Got 0 sessions for ...
2025-07-18 10:30:46.193 [info] Getting sessions for all scopes...
2025-07-18 10:30:46.193 [info] Got 0 sessions for ...
2025-07-18 10:30:54.959 [info] Reading sessions from keychain...
2025-07-18 10:30:54.959 [info] Getting sessions for all scopes...
2025-07-18 10:30:54.959 [info] Got 0 sessions for ...
2025-07-18 10:30:54.959 [info] Getting sessions for all scopes...
2025-07-18 10:30:54.959 [info] Got 0 sessions for ...
2025-07-18 10:30:54.959 [info] Getting sessions for all scopes...
2025-07-18 10:30:54.959 [info] Got 0 sessions for ...
2025-07-18 10:30:54.959 [info] Getting sessions for read:user,repo,user:email...
2025-07-18 10:30:54.959 [info] Got 0 sessions for read:user,repo,user:email...
2025-07-18 10:30:55.036 [info] Getting sessions for all scopes...
2025-07-18 10:30:55.036 [info] Got 0 sessions for ...
2025-07-18 10:30:55.036 [info] Getting sessions for all scopes...
2025-07-18 10:30:55.036 [info] Got 0 sessions for ...
2025-07-18 10:30:55.036 [info] Getting sessions for all scopes...
2025-07-18 10:30:55.036 [info] Got 0 sessions for ...
2025-07-18 10:30:55.062 [info] Getting sessions for read:user,repo,user:email...
2025-07-18 10:30:55.062 [info] Got 0 sessions for read:user,repo,user:email...
2025-07-18 10:30:55.201 [info] Getting sessions for read:user,repo,user:email...
2025-07-18 10:30:55.201 [info] Got 0 sessions for read:user,repo,user:email...
2025-07-18 10:30:59.015 [info] Getting sessions for read:user,repo,user:email...
2025-07-18 10:30:59.015 [info] Got 0 sessions for read:user,repo,user:email...
2025-07-18 10:31:01.940 [info] Getting sessions for read:user,repo,user:email...
2025-07-18 10:31:01.940 [info] Got 0 sessions for read:user,repo,user:email...
2025-07-18 10:31:17.359 [info] Getting sessions for read:user,repo,user:email...
2025-07-18 10:31:17.359 [info] Got 0 sessions for read:user,repo,user:email...
2025-07-18 10:48:16.434 [info] Getting sessions for read:user,repo,user:email...
2025-07-18 10:48:16.434 [info] Got 0 sessions for read:user,repo,user:email...
2025-07-18 10:58:20.406 [info] Getting sessions for read:user,repo,user:email...
2025-07-18 10:58:20.406 [info] Got 0 sessions for read:user,repo,user:email...
2025-07-18 11:44:29.803 [info] Reading sessions from keychain...
2025-07-18 11:44:29.803 [info] Getting sessions for all scopes...
2025-07-18 11:44:29.803 [info] Got 0 sessions for ...
2025-07-18 11:44:29.803 [info] Getting sessions for all scopes...
2025-07-18 11:44:29.803 [info] Got 0 sessions for ...
2025-07-18 11:44:29.803 [info] Getting sessions for all scopes...
2025-07-18 11:44:29.803 [info] Got 0 sessions for ...
2025-07-18 11:44:29.803 [info] Getting sessions for read:user,repo,user:email...
2025-07-18 11:44:29.803 [info] Got 0 sessions for read:user,repo,user:email...
2025-07-18 11:44:29.863 [info] Getting sessions for read:user,repo,user:email...
2025-07-18 11:44:29.863 [info] Got 0 sessions for read:user,repo,user:email...
2025-07-18 11:44:30.196 [info] Getting sessions for all scopes...
2025-07-18 11:44:30.196 [info] Got 0 sessions for ...
2025-07-18 11:44:30.196 [info] Getting sessions for all scopes...
2025-07-18 11:44:30.196 [info] Got 0 sessions for ...
2025-07-18 11:44:30.200 [info] Getting sessions for all scopes...
2025-07-18 11:44:30.200 [info] Got 0 sessions for ...
2025-07-18 12:08:37.850 [info] Getting sessions for read:user,repo,user:email...
2025-07-18 12:08:37.851 [info] Got 0 sessions for read:user,repo,user:email...
2025-07-18 12:08:49.021 [info] Reading sessions from keychain...
2025-07-18 12:08:49.021 [info] Getting sessions for all scopes...
2025-07-18 12:08:49.021 [info] Got 0 sessions for ...
2025-07-18 12:08:49.021 [info] Getting sessions for all scopes...
2025-07-18 12:08:49.021 [info] Got 0 sessions for ...
2025-07-18 12:08:49.021 [info] Getting sessions for all scopes...
2025-07-18 12:08:49.021 [info] Got 0 sessions for ...
2025-07-18 12:08:49.021 [info] Getting sessions for read:user,repo,user:email...
2025-07-18 12:08:49.021 [info] Got 0 sessions for read:user,repo,user:email...
2025-07-18 12:08:49.099 [info] Getting sessions for read:user,repo,user:email...
2025-07-18 12:08:49.099 [info] Got 0 sessions for read:user,repo,user:email...
2025-07-18 12:08:49.790 [info] Getting sessions for all scopes...
2025-07-18 12:08:49.790 [info] Got 0 sessions for ...
2025-07-18 12:08:49.790 [info] Getting sessions for all scopes...
2025-07-18 12:08:49.790 [info] Got 0 sessions for ...
2025-07-18 12:08:49.797 [info] Getting sessions for all scopes...
2025-07-18 12:08:49.797 [info] Got 0 sessions for ...
2025-07-18 12:12:04.337 [info] Reading sessions from keychain...
2025-07-18 12:12:04.337 [info] Getting sessions for all scopes...
2025-07-18 12:12:04.337 [info] Got 0 sessions for ...
2025-07-18 12:12:04.337 [info] Getting sessions for all scopes...
2025-07-18 12:12:04.337 [info] Got 0 sessions for ...
2025-07-18 12:12:04.337 [info] Getting sessions for all scopes...
2025-07-18 12:12:04.337 [info] Got 0 sessions for ...
2025-07-18 12:12:04.337 [info] Getting sessions for read:user,repo,user:email...
2025-07-18 12:12:04.337 [info] Got 0 sessions for read:user,repo,user:email...
2025-07-18 12:12:04.428 [info] Getting sessions for read:user,repo,user:email...
2025-07-18 12:12:04.428 [info] Got 0 sessions for read:user,repo,user:email...
2025-07-18 12:12:04.627 [info] Getting sessions for all scopes...
2025-07-18 12:12:04.627 [info] Got 0 sessions for ...
2025-07-18 12:12:04.628 [info] Getting sessions for all scopes...
2025-07-18 12:12:04.628 [info] Got 0 sessions for ...
2025-07-18 12:12:04.635 [info] Getting sessions for all scopes...
2025-07-18 12:12:04.635 [info] Got 0 sessions for ...
2025-07-18 12:12:05.937 [info] Getting sessions for read:user,repo,user:email...
2025-07-18 12:12:05.937 [info] Got 0 sessions for read:user,repo,user:email...
2025-07-18 12:14:45.255 [info] Getting sessions for read:user,repo,user:email...
2025-07-18 12:14:45.255 [info] Got 0 sessions for read:user,repo,user:email...
2025-07-18 12:15:52.378 [info] Getting sessions for read:user,repo,user:email...
2025-07-18 12:15:52.378 [info] Got 0 sessions for read:user,repo,user:email...
