2025-07-23 11:46:44.039 [info] Extension host with pid 159014 started
2025-07-23 11:46:44.109 [info] ExtensionService#_doActivateExtension vscode.git-base, startup: true, activationEvent: '*', root cause: vscode.git
2025-07-23 11:46:44.171 [info] ExtensionService#_doActivateExtension vscode.git, startup: true, activationEvent: '*'
2025-07-23 11:46:44.213 [info] ExtensionService#_doActivateExtension vscode.github, startup: true, activationEvent: '*'
2025-07-23 11:46:44.278 [info] Eager extensions activated
2025-07-23 11:46:44.279 [info] ExtensionService#_doActivateExtension vscode.debug-auto-launch, startup: false, activationEvent: 'onStartupFinished'
2025-07-23 11:46:44.281 [info] ExtensionService#_doActivateExtension vscode.merge-conflict, startup: false, activationEvent: 'onStartupFinished'
2025-07-23 11:46:44.300 [info] ExtensionService#_doActivateExtension aaron-bond.better-comments, startup: false, activationEvent: 'onStartupFinished'
2025-07-23 11:46:44.303 [info] ExtensionService#_doActivateExtension dbaeumer.vscode-eslint, startup: false, activationEvent: 'onStartupFinished'
2025-07-23 11:46:44.329 [info] ExtensionService#_doActivateExtension eamodio.gitlens, startup: false, activationEvent: 'onStartupFinished'
2025-07-23 11:46:44.448 [info] ExtensionService#_doActivateExtension felipecaputo.git-project-manager, startup: false, activationEvent: 'onStartupFinished'
2025-07-23 11:46:44.565 [info] ExtensionService#_doActivateExtension vscode.github-authentication, startup: false, activationEvent: 'onAuthenticationRequest:github'
2025-07-23 11:46:47.073 [info] Extension host terminating: renderer closed the MessagePort
2025-07-23 11:46:47.080 [error] An error occurred when disposing the subscriptions for extension 'eamodio.gitlens':
2025-07-23 11:46:47.086 [error] TypeError: Cannot read properties of undefined (reading 'dispose')
	at Object.dispose (file:///opt/vscodium-bin/resources/app/out/vs/workbench/api/node/extensionHostProcess.js:140:134235)
	at Y1.<anonymous> (file:///opt/vscodium-bin/resources/app/out/vs/workbench/api/node/extensionHostProcess.js:107:9946)
	at Y1.dispose (file:///opt/vscodium-bin/resources/app/out/vs/workbench/api/node/extensionHostProcess.js:107:10042)
	at Object.dispose (/home/dmarkovic/.vscode-oss/extensions/eamodio.gitlens-17.3.2/dist/gitlens.js:536:29282)
	at /home/dmarkovic/.vscode-oss/extensions/eamodio.gitlens-17.3.2/dist/gitlens.js:813:16179
	at Array.forEach (<anonymous>)
	at Object.dispose (/home/dmarkovic/.vscode-oss/extensions/eamodio.gitlens-17.3.2/dist/gitlens.js:813:16161)
	at wi (file:///opt/vscodium-bin/resources/app/out/vs/workbench/api/node/extensionHostProcess.js:25:748)
	at file:///opt/vscodium-bin/resources/app/out/vs/workbench/api/node/extensionHostProcess.js:117:18464
	at file:///opt/vscodium-bin/resources/app/out/vs/workbench/api/node/extensionHostProcess.js:25:1058
	at Object.dispose (file:///opt/vscodium-bin/resources/app/out/vs/workbench/api/node/extensionHostProcess.js:8:705)
	at JG._deactivate (file:///opt/vscodium-bin/resources/app/out/vs/workbench/api/node/extensionHostProcess.js:117:14729)
	at file:///opt/vscodium-bin/resources/app/out/vs/workbench/api/node/extensionHostProcess.js:117:12015
	at Array.map (<anonymous>)
	at JG._deactivateAll (file:///opt/vscodium-bin/resources/app/out/vs/workbench/api/node/extensionHostProcess.js:117:12003)
	at JG.terminate (file:///opt/vscodium-bin/resources/app/out/vs/workbench/api/node/extensionHostProcess.js:117:12356)
	at Y7.terminate (file:///opt/vscodium-bin/resources/app/out/vs/workbench/api/node/extensionHostProcess.js:119:1082)
	at hs (file:///opt/vscodium-bin/resources/app/out/vs/workbench/api/node/extensionHostProcess.js:356:10566)
	at MessagePortMain.<anonymous> (file:///opt/vscodium-bin/resources/app/out/vs/workbench/api/node/extensionHostProcess.js:356:7013)
	at MessagePortMain.emit (node:events:518:28)
	at MessagePortMain._internalPort.emit (node:electron/js2c/utility_init:2:3073)
2025-07-23 11:46:47.087 [info] Extension host with pid 159014 exiting with code 0
2025-07-23 11:46:48.004 [info] Extension host with pid 159129 started
2025-07-23 11:46:48.004 [info] Skipping acquiring lock for /home/dmarkovic/.config/VSCodium/User/workspaceStorage/e178318e37f6f00f120e3ece903d7e62.
2025-07-23 11:46:48.060 [info] ExtensionService#_doActivateExtension vscode.git-base, startup: true, activationEvent: '*', root cause: vscode.git
2025-07-23 11:46:48.134 [info] ExtensionService#_doActivateExtension vscode.git, startup: true, activationEvent: '*'
2025-07-23 11:46:48.191 [info] ExtensionService#_doActivateExtension vscode.github, startup: true, activationEvent: '*'
2025-07-23 11:46:48.259 [info] ExtensionService#_doActivateExtension gamunu.opentofu, startup: true, activationEvent: 'workspaceContains:**/*.tf,**/*.tfvars'
2025-07-23 11:46:48.375 [info] Eager extensions activated
2025-07-23 11:46:48.380 [info] ExtensionService#_doActivateExtension vscode.debug-auto-launch, startup: false, activationEvent: 'onStartupFinished'
2025-07-23 11:46:48.382 [info] ExtensionService#_doActivateExtension vscode.merge-conflict, startup: false, activationEvent: 'onStartupFinished'
2025-07-23 11:46:48.400 [info] ExtensionService#_doActivateExtension aaron-bond.better-comments, startup: false, activationEvent: 'onStartupFinished'
2025-07-23 11:46:48.404 [info] ExtensionService#_doActivateExtension dbaeumer.vscode-eslint, startup: false, activationEvent: 'onStartupFinished'
2025-07-23 11:46:48.435 [info] ExtensionService#_doActivateExtension eamodio.gitlens, startup: false, activationEvent: 'onStartupFinished'
2025-07-23 11:46:48.607 [info] ExtensionService#_doActivateExtension felipecaputo.git-project-manager, startup: false, activationEvent: 'onStartupFinished'
2025-07-23 11:46:48.805 [info] ExtensionService#_doActivateExtension vscode.github-authentication, startup: false, activationEvent: 'onAuthenticationRequest:github'
2025-07-23 11:46:48.822 [info] ExtensionService#_doActivateExtension vscode.emmet, startup: false, activationEvent: 'onLanguage'
2025-07-23 11:46:56.637 [info] ExtensionService#_doActivateExtension ms-python.python, startup: false, activationEvent: 'onLanguage:yaml', root cause: redhat.ansible
2025-07-23 11:46:56.817 [info] ExtensionService#_doActivateExtension redhat.vscode-yaml, startup: false, activationEvent: 'onLanguage:yaml', root cause: redhat.ansible
2025-07-23 11:46:57.065 [info] ExtensionService#_doActivateExtension redhat.ansible, startup: false, activationEvent: 'onLanguage:yaml'
2025-07-23 11:46:57.225 [info] ExtensionService#_doActivateExtension ms-python.vscode-pylance, startup: false, activationEvent: 'api', root cause: ms-python.python
2025-07-23 11:46:57.666 [warning] [redhat.vscode-yaml] Accessing a resource scoped configuration without providing a resource is not expected. To get the effective value for '[yaml]', provide the URI of a resource or 'null' for any resource.
2025-07-23 11:46:57.668 [warning] [redhat.vscode-yaml] Accessing a resource scoped configuration without providing a resource is not expected. To get the effective value for '[yaml]', provide the URI of a resource or 'null' for any resource.
2025-07-23 11:48:48.698 [warning] TextEditor is closed/disposed
2025-07-23 11:49:03.331 [warning] TextEditor is closed/disposed
2025-07-23 11:50:44.494 [warning] TextEditor is closed/disposed
2025-07-23 11:51:36.752 [warning] TextEditor is closed/disposed
2025-07-23 11:52:11.719 [warning] [redhat.vscode-yaml] Accessing a resource scoped configuration without providing a resource is not expected. To get the effective value for '[yaml]', provide the URI of a resource or 'null' for any resource.
2025-07-23 11:52:11.785 [warning] [redhat.vscode-yaml] Accessing a resource scoped configuration without providing a resource is not expected. To get the effective value for '[yaml]', provide the URI of a resource or 'null' for any resource.
2025-07-23 11:52:11.788 [warning] [redhat.vscode-yaml] Accessing a resource scoped configuration without providing a resource is not expected. To get the effective value for '[yaml]', provide the URI of a resource or 'null' for any resource.
2025-07-23 11:52:33.043 [warning] TextEditor is closed/disposed
2025-07-23 11:52:39.966 [warning] TextEditor is closed/disposed
2025-07-23 11:52:50.643 [warning] TextEditor is closed/disposed
2025-07-23 11:52:54.330 [warning] TextEditor is closed/disposed
2025-07-23 11:52:55.180 [warning] TextEditor is closed/disposed
2025-07-23 11:52:56.662 [warning] TextEditor is closed/disposed
2025-07-23 11:55:53.352 [warning] TextEditor is closed/disposed
2025-07-23 11:55:56.796 [warning] TextEditor is closed/disposed
2025-07-23 11:56:06.864 [warning] TextEditor is closed/disposed
2025-07-23 11:56:20.228 [warning] TextEditor is closed/disposed
2025-07-23 11:56:22.898 [warning] TextEditor is closed/disposed
2025-07-23 11:56:24.621 [warning] TextEditor is closed/disposed
2025-07-23 11:56:25.706 [warning] TextEditor is closed/disposed
2025-07-23 11:56:51.020 [warning] TextEditor is closed/disposed
2025-07-23 11:56:52.377 [warning] TextEditor is closed/disposed
2025-07-23 11:56:53.605 [warning] TextEditor is closed/disposed
2025-07-23 11:56:55.087 [warning] TextEditor is closed/disposed
2025-07-23 11:57:19.253 [warning] TextEditor is closed/disposed
2025-07-23 11:57:25.245 [warning] TextEditor is closed/disposed
2025-07-23 11:57:30.551 [warning] TextEditor is closed/disposed
2025-07-23 11:57:31.564 [warning] TextEditor is closed/disposed
2025-07-23 11:57:36.841 [warning] TextEditor is closed/disposed
2025-07-23 11:57:47.245 [warning] TextEditor is closed/disposed
2025-07-23 11:57:49.669 [warning] TextEditor is closed/disposed
2025-07-23 11:57:50.657 [warning] TextEditor is closed/disposed
2025-07-23 11:57:53.698 [warning] TextEditor is closed/disposed
2025-07-23 11:58:20.663 [warning] TextEditor is closed/disposed
2025-07-23 12:08:38.015 [warning] TextEditor is closed/disposed
2025-07-23 12:08:41.448 [warning] TextEditor is closed/disposed
2025-07-23 12:08:51.159 [warning] [redhat.vscode-yaml] Accessing a resource scoped configuration without providing a resource is not expected. To get the effective value for '[yaml]', provide the URI of a resource or 'null' for any resource.
2025-07-23 12:08:51.195 [warning] [redhat.vscode-yaml] Accessing a resource scoped configuration without providing a resource is not expected. To get the effective value for '[yaml]', provide the URI of a resource or 'null' for any resource.
2025-07-23 12:08:51.239 [warning] [redhat.vscode-yaml] Accessing a resource scoped configuration without providing a resource is not expected. To get the effective value for '[yaml]', provide the URI of a resource or 'null' for any resource.
2025-07-23 12:08:51.279 [warning] [redhat.vscode-yaml] Accessing a resource scoped configuration without providing a resource is not expected. To get the effective value for '[yaml]', provide the URI of a resource or 'null' for any resource.
2025-07-23 12:42:17.755 [warning] TextEditor is closed/disposed
2025-07-23 12:42:26.916 [warning] TextEditor is closed/disposed
2025-07-23 12:42:34.044 [warning] TextEditor is closed/disposed
2025-07-23 12:43:39.915 [warning] TextEditor is closed/disposed
2025-07-23 12:51:27.284 [info] Extension host terminating: renderer closed the MessagePort
2025-07-23 12:51:27.294 [error] An error occurred when disposing the subscriptions for extension 'eamodio.gitlens':
2025-07-23 12:51:27.294 [error] TypeError: Cannot read properties of undefined (reading 'dispose')
	at Object.dispose (file:///opt/vscodium-bin/resources/app/out/vs/workbench/api/node/extensionHostProcess.js:140:134235)
	at Y1.<anonymous> (file:///opt/vscodium-bin/resources/app/out/vs/workbench/api/node/extensionHostProcess.js:107:9946)
	at Y1.dispose (file:///opt/vscodium-bin/resources/app/out/vs/workbench/api/node/extensionHostProcess.js:107:10042)
	at Object.dispose (/home/dmarkovic/.vscode-oss/extensions/eamodio.gitlens-17.3.2/dist/gitlens.js:536:29282)
	at /home/dmarkovic/.vscode-oss/extensions/eamodio.gitlens-17.3.2/dist/gitlens.js:813:16179
	at Array.forEach (<anonymous>)
	at Object.dispose (/home/dmarkovic/.vscode-oss/extensions/eamodio.gitlens-17.3.2/dist/gitlens.js:813:16161)
	at wi (file:///opt/vscodium-bin/resources/app/out/vs/workbench/api/node/extensionHostProcess.js:25:748)
	at file:///opt/vscodium-bin/resources/app/out/vs/workbench/api/node/extensionHostProcess.js:117:18464
	at file:///opt/vscodium-bin/resources/app/out/vs/workbench/api/node/extensionHostProcess.js:25:1058
	at Object.dispose (file:///opt/vscodium-bin/resources/app/out/vs/workbench/api/node/extensionHostProcess.js:8:705)
	at JG._deactivate (file:///opt/vscodium-bin/resources/app/out/vs/workbench/api/node/extensionHostProcess.js:117:14729)
	at file:///opt/vscodium-bin/resources/app/out/vs/workbench/api/node/extensionHostProcess.js:117:12015
	at Array.map (<anonymous>)
	at JG._deactivateAll (file:///opt/vscodium-bin/resources/app/out/vs/workbench/api/node/extensionHostProcess.js:117:12003)
	at JG.terminate (file:///opt/vscodium-bin/resources/app/out/vs/workbench/api/node/extensionHostProcess.js:117:12356)
	at Y7.terminate (file:///opt/vscodium-bin/resources/app/out/vs/workbench/api/node/extensionHostProcess.js:119:1082)
	at hs (file:///opt/vscodium-bin/resources/app/out/vs/workbench/api/node/extensionHostProcess.js:356:10566)
	at MessagePortMain.<anonymous> (file:///opt/vscodium-bin/resources/app/out/vs/workbench/api/node/extensionHostProcess.js:356:7013)
	at MessagePortMain.emit (node:events:518:28)
	at MessagePortMain._internalPort.emit (node:electron/js2c/utility_init:2:3073)
2025-07-23 12:51:27.306 [info] Extension host with pid 159129 exiting with code 0
