2025-07-22 09:15:26.160 [info] Deleted marked for removal extension from disk redhat.ansible /home/dmarkovic/.vscode-oss/extensions/redhat.ansible-25.7.0
2025-07-22 09:15:29.865 [info] Getting Manifest... ms-python.python
2025-07-22 09:15:29.872 [info] Getting Manifest... redhat.ansible
2025-07-22 09:15:29.941 [info] Installing extension: ms-python.python {"productVersion":{"version":"1.102.14746","date":"2025-07-16T18:35:36.263Z"},"pinned":false,"operation":3,"isApplicationScoped":false,"profileLocation":{"$mid":1,"external":"vscode-userdata:/home/dmarkovic/.vscode-oss/extensions/extensions.json","path":"/home/dmarkovic/.vscode-oss/extensions/extensions.json","scheme":"vscode-userdata"}}
2025-07-22 09:15:29.955 [info] Installing extension: redhat.ansible {"productVersion":{"version":"1.102.14746","date":"2025-07-16T18:35:36.263Z"},"pinned":false,"operation":3,"isApplicationScoped":false,"profileLocation":{"$mid":1,"external":"vscode-userdata:/home/dmarkovic/.vscode-oss/extensions/extensions.json","path":"/home/dmarkovic/.vscode-oss/extensions/extensions.json","scheme":"vscode-userdata"}}
2025-07-22 09:15:30.261 [info] Getting Manifest... ms-python.vscode-python-envs
2025-07-22 09:15:30.288 [info] Installing extension: ms-python.vscode-python-envs {"productVersion":{"version":"1.102.14746","date":"2025-07-16T18:35:36.263Z"},"pinned":false,"operation":3,"isApplicationScoped":false,"profileLocation":{"$mid":1,"external":"vscode-userdata:/home/dmarkovic/.vscode-oss/extensions/extensions.json","path":"/home/dmarkovic/.vscode-oss/extensions/extensions.json","scheme":"vscode-userdata"},"installGivenVersion":false,"context":{"dependecyOrPackExtensionInstall":true}}
2025-07-22 09:15:30.847 [info] Getting Manifest... ms-python.python
2025-07-22 09:15:31.226 [info] Getting Manifest... ms-python.vscode-python-envs
2025-07-22 09:15:31.257 [info] Getting Manifest... redhat.vscode-yaml
2025-07-22 09:15:31.314 [info] Waiting for already requested installing extension ms-python.vscode-python-envs redhat.ansible vscode-userdata:/home/dmarkovic/.vscode-oss/extensions/extensions.json
2025-07-22 09:15:31.967 [info] Extracted extension to file:///home/dmarkovic/.vscode-oss/extensions/ms-python.vscode-python-envs-1.0.0-linux-x64: ms-python.vscode-python-envs
2025-07-22 09:15:31.991 [info] Renamed to /home/dmarkovic/.vscode-oss/extensions/ms-python.vscode-python-envs-1.0.0-linux-x64
2025-07-22 09:15:33.378 [info] Extracted extension to file:///home/dmarkovic/.vscode-oss/extensions/ms-python.python-2025.10.1-linux-x64: ms-python.python
2025-07-22 09:15:33.452 [info] Renamed to /home/dmarkovic/.vscode-oss/extensions/ms-python.python-2025.10.1-linux-x64
2025-07-22 09:15:33.482 [info] Marked extension as removed ms-python.python-2025.10.0-linux-x64
2025-07-22 09:15:33.489 [info] Extension installed successfully: ms-python.vscode-python-envs vscode-userdata:/home/dmarkovic/.vscode-oss/extensions/extensions.json
2025-07-22 09:15:33.489 [info] Extension installed successfully: ms-python.python vscode-userdata:/home/dmarkovic/.vscode-oss/extensions/extensions.json
2025-07-22 09:15:33.489 [info] Finished waiting for already requested installing extension ms-python.vscode-python-envs redhat.ansible vscode-userdata:/home/dmarkovic/.vscode-oss/extensions/extensions.json
2025-07-22 09:15:33.981 [info] Extracted extension to file:///home/dmarkovic/.vscode-oss/extensions/redhat.ansible-25.7.2: redhat.ansible
2025-07-22 09:15:33.989 [info] Renamed to /home/dmarkovic/.vscode-oss/extensions/redhat.ansible-25.7.2
2025-07-22 09:15:34.012 [info] Marked extension as removed redhat.ansible-25.7.1
2025-07-22 09:15:34.035 [info] Extension installed successfully: redhat.ansible vscode-userdata:/home/dmarkovic/.vscode-oss/extensions/extensions.json
