Launching language server: /home/dmarkovic/.vscode-oss/extensions/gamunu.opentofu-0.2.1-linux-x64/bin/opentofu-ls serve
Client: Stopped --> Starting
2025/07/18 12:12:03 serve_command.go:104: Starting terraform-ls 0.1.0
2025/07/18 12:12:03 service.go:103: Preparing new session ...
2025/07/18 12:12:03 langserver.go:102: Starting server (pid 224080; concurrency: 10) ...
2025/07/18 12:12:03 opts.go:215: Received request batch of size 1 (qlen=0)
2025/07/18 12:12:03 opts.go:215: Dequeued request batch of length 1 (qlen=0)
2025/07/18 12:12:03 rpc_logger.go:32: Incoming request for "initialize" (ID 0): {"processId":223723,"clientInfo":{"name":"VSCodium","version":"1.102.1"},"locale":"en","rootPath":"/home/dmarkovic/git-projects/publicplan/intern/pp-core-cluster","rootUri":"file:///home/dmarkovic/git-projects/publicplan/intern/pp-core-cluster","capabilities":{"workspace":{"applyEdit":true,"workspaceEdit":{"documentChanges":true,"resourceOperations":["create","rename","delete"],"failureHandling":"textOnlyTransactional","normalizesLineEndings":true,"changeAnnotationSupport":{"groupsOnLabel":true}},"configuration":true,"didChangeWatchedFiles":{"dynamicRegistration":true,"relativePatternSupport":true},"symbol":{"dynamicRegistration":true,"symbolKind":{"valueSet":[1,2,3,4,5,6,7,8,9,10,11,12,13,14,15,16,17,18,19,20,21,22,23,24,25,26]},"tagSupport":{"valueSet":[1]},"resolveSupport":{"properties":["location.range"]}},"codeLens":{"refreshSupport":true},"executeCommand":{"dynamicRegistration":true},"didChangeConfiguration":{"dynamicRegistration":true},"workspaceFolders":true,"semanticTokens":{"refreshSupport":true},"fileOperations":{"dynamicRegistration":true,"didCreate":true,"didRename":true,"didDelete":true,"willCreate":true,"willRename":true,"willDelete":true},"inlineValue":{"refreshSupport":true},"inlayHint":{"refreshSupport":true},"diagnostics":{"refreshSupport":true}},"textDocument":{"publishDiagnostics":{"relatedInformation":true,"versionSupport":false,"tagSupport":{"valueSet":[1,2]},"codeDescriptionSupport":true,"dataSupport":true},"synchronization":{"dynamicRegistration":true,"willSave":true,"willSaveWaitUntil":true,"didSave":true},"completion":{"dynamicRegistration":true,"contextSupport":true,"completionItem":{"snippetSupport":true,"commitCharactersSupport":true,"documentationFormat":["markdown","plaintext"],"deprecatedSupport":true,"preselectSupport":true,"tagSupport":{"valueSet":[1]},"insertReplaceSupport":true,"resolveSupport":{"properties":["documentation","detail","additionalTextEdits"]},"insertTextModeSupport":{"valueSet":[1,2]},"labelDetailsSupport":true},"insertTextMode":2,"completionItemKind":{"valueSet":[1,2,3,4,5,6,7,8,9,10,11,12,13,14,15,16,17,18,19,20,21,22,23,24,25]},"completionList":{"itemDefaults":["commitCharacters","editRange","insertTextFormat","insertTextMode"]}},"hover":{"dynamicRegistration":true,"contentFormat":["markdown","plaintext"]},"signatureHelp":{"dynamicRegistration":true,"signatureInformation":{"documentationFormat":["markdown","plaintext"],"parameterInformation":{"labelOffsetSupport":true},"activeParameterSupport":true},"contextSupport":true},"definition":{"dynamicRegistration":true,"linkSupport":true},"references":{"dynamicRegistration":true},"documentHighlight":{"dynamicRegistration":true},"documentSymbol":{"dynamicRegistration":true,"symbolKind":{"valueSet":[1,2,3,4,5,6,7,8,9,10,11,12,13,14,15,16,17,18,19,20,21,22,23,24,25,26]},"hierarchicalDocumentSymbolSupport":true,"tagSupport":{"valueSet":[1]},"labelSupport":true},"codeAction":{"dynamicRegistration":true,"isPreferredSupport":true,"disabledSupport":true,"dataSupport":true,"resolveSupport":{"properties":["edit"]},"codeActionLiteralSupport":{"codeActionKind":{"valueSet":["","quickfix","refactor","refactor.extract","refactor.inline","refactor.rewrite","source","source.organizeImports"]}},"honorsChangeAnnotations":false},"codeLens":{"dynamicRegistration":true},"formatting":{"dynamicRegistration":true},"rangeFormatting":{"dynamicRegistration":true},"onTypeFormatting":{"dynamicRegistration":true},"rename":{"dynamicRegistration":true,"prepareSupport":true,"prepareSupportDefaultBehavior":1,"honorsChangeAnnotations":true},"documentLink":{"dynamicRegistration":true,"tooltipSupport":true},"typeDefinition":{"dynamicRegistration":true,"linkSupport":true},"implementation":{"dynamicRegistration":true,"linkSupport":true},"colorProvider":{"dynamicRegistration":true},"foldingRange":{"dynamicRegistration":true,"rangeLimit":5000,"lineFoldingOnly":true,"foldingRangeKind":{"valueSet":["comment","imports","region"]},"foldingRange":{"collapsedText":false}},"declaration":{"dynamicRegistration":true,"linkSupport":true},"selectionRange":{"dynamicRegistration":true},"callHierarchy":{"dynamicRegistration":true},"semanticTokens":{"dynamicRegistration":true,"tokenTypes":["namespace","type","class","enum","interface","struct","typeParameter","parameter","variable","property","enumMember","event","function","method","macro","keyword","modifier","comment","string","number","regexp","operator","decorator","hcl-attrName","hcl-blockType","hcl-blockLabel","hcl-bool","hcl-string","hcl-number","hcl-objectKey","hcl-mapKey","hcl-keyword","hcl-referenceStep","hcl-typeComplex","hcl-typePrimitive","hcl-functionName"],"tokenModifiers":["declaration","definition","readonly","static","deprecated","abstract","async","modification","documentation","defaultLibrary","hcl-dependent","terraform-data","terraform-locals","terraform-module","terraform-output","terraform-provider","terraform-resource","terraform-provisioner","terraform-connection","terraform-variable","terraform-terraform","terraform-backend","terraform-name","terraform-type","terraform-requiredProviders"],"formats":["relative"],"requests":{"range":true,"full":{"delta":true}},"multilineTokenSupport":false,"overlappingTokenSupport":false,"serverCancelSupport":true,"augmentsSyntaxTokens":true},"linkedEditingRange":{"dynamicRegistration":true},"typeHierarchy":{"dynamicRegistration":true},"inlineValue":{"dynamicRegistration":true},"inlayHint":{"dynamicRegistration":true,"resolveSupport":{"properties":["tooltip","textEdits","label.tooltip","label.location","label.command"]}},"diagnostic":{"dynamicRegistration":true,"relatedDocumentSupport":false}},"window":{"showMessage":{"messageActionItem":{"additionalPropertiesSupport":true}},"showDocument":{"support":true},"workDoneProgress":true},"general":{"staleRequestSupport":{"cancel":true,"retryOnContentModified":["textDocument/semanticTokens/full","textDocument/semanticTokens/range","textDocument/semanticTokens/full/delta"]},"regularExpressions":{"engine":"ECMAScript","version":"ES2020"},"markdown":{"parser":"marked","version":"1.1.0"},"positionEncodings":["utf-16"]},"notebookDocument":{"synchronization":{"dynamicRegistration":true,"executionSummarySupport":true}},"experimental":{"refreshModuleProvidersCommandId":"client.refreshModuleProviders","refreshModuleCallsCommandId":"client.refreshModuleCalls","refreshTerraformVersionCommandId":"client.refreshTerraformVersion"}},"initializationOptions":{"validation":{"enableEnhancedValidation":true},"experimentalFeatures":{"validateOnSave":false,"prefillRequiredFields":false},"ignoreSingleFileWarning":false,"terraform":{"path":"","timeout":"","logFilePath":""},"indexing":{"ignorePaths":[],"ignoreDirectoryNames":[]}},"trace":"off","workspaceFolders":[{"uri":"file:///home/dmarkovic/git-projects/publicplan/intern/pp-core-cluster","name":"pp-core-cluster"}],"workDoneToken":"a63a8116-26ff-435a-8ce7-3c76f14bfcd5"}
2025/07/18 12:12:03 scheduler.go:56: launching eval loop 0
2025/07/18 12:12:03 service.go:476: started low priority scheduler
2025/07/18 12:12:03 scheduler.go:56: launching eval loop 0
2025/07/18 12:12:03 service.go:481: started high priority scheduler
2025/07/18 12:12:03 walker_paths.go:255: walking next dir: {"file:///home/dmarkovic/git-projects/publicplan/intern/pp-core-cluster"}
2025/07/18 12:12:03 walker.go:212: skipping ignored dir name: .git
2025/07/18 12:12:03 walker.go:212: skipping ignored dir name: .idea
2025/07/18 12:12:03 rpc_logger.go:53: Response to "initialize" (ID 0): {"capabilities":{"textDocumentSync":{"openClose":true,"change":2,"save":{}},"completionProvider":{"triggerCharacters":[".","["],"resolveProvider":true},"hoverProvider":true,"signatureHelpProvider":{"triggerCharacters":["(",","]},"declarationProvider":true,"definitionProvider":true,"referencesProvider":true,"documentSymbolProvider":true,"codeActionProvider":{"codeActionKinds":["source.formatAll.terraform"]},"codeLensProvider":{},"documentLinkProvider":{},"workspaceSymbolProvider":true,"documentFormattingProvider":true,"executeCommandProvider":{"commands":["terraform-ls.module.callers","terraform-ls.module.calls","terraform-ls.module.providers","terraform-ls.module.terraform","terraform-ls.rootmodules","terraform-ls.terraform.init","terraform-ls.terraform.validate"],"workDoneProgress":true},"semanticTokensProvider":{"legend":{"tokenTypes":["enumMember","function","keyword","number","parameter","property","string","type","variable","hcl-attrName","hcl-blockType","hcl-blockLabel","hcl-bool","hcl-string","hcl-number","hcl-objectKey","hcl-mapKey","hcl-keyword","hcl-referenceStep","hcl-typeComplex","hcl-typePrimitive","hcl-functionName"],"tokenModifiers":["defaultLibrary","hcl-dependent","terraform-backend","terraform-connection","terraform-data","terraform-locals","terraform-module","terraform-name","terraform-output","terraform-provider","terraform-provisioner","terraform-requiredProviders","terraform-resource","terraform-terraform","terraform-type","terraform-variable"]},"full":true},"workspace":{"workspaceFolders":{"supported":true,"changeNotifications":"workspace/didChangeWorkspaceFolders"},"fileOperations":{}},"experimental":{"referenceCountCodeLens":false,"refreshModuleProviders":true,"refreshModuleCalls":true,"refreshTerraformVersion":true}},"serverInfo":{"name":"terraform-ls","version":"0.1.0"}}
2025/07/18 12:12:03 opts.go:215: Completed 1 requests [1.597492ms elapsed]
2025/07/18 12:12:03 walker.go:242: walking of {file:///home/dmarkovic/git-projects/publicplan/intern/pp-core-cluster/applications/argocd} finished
2025/07/18 12:12:03 walker.go:242: walking of {file:///home/dmarkovic/git-projects/publicplan/intern/pp-core-cluster/applications/cert-manager/resources} finished
2025/07/18 12:12:03 walker.go:242: walking of {file:///home/dmarkovic/git-projects/publicplan/intern/pp-core-cluster/applications/cert-manager} finished
2025/07/18 12:12:03 walker.go:242: walking of {file:///home/dmarkovic/git-projects/publicplan/intern/pp-core-cluster/applications/infisical} finished
2025/07/18 12:12:03 walker.go:242: walking of {file:///home/dmarkovic/git-projects/publicplan/intern/pp-core-cluster/applications/infisical-operator} finished
2025/07/18 12:12:03 walker.go:242: walking of {file:///home/dmarkovic/git-projects/publicplan/intern/pp-core-cluster/applications/ingress-nginx} finished
2025/07/18 12:12:03 walker.go:242: walking of {file:///home/dmarkovic/git-projects/publicplan/intern/pp-core-cluster/applications/kyverno/policies} finished
2025/07/18 12:12:03 walker.go:242: walking of {file:///home/dmarkovic/git-projects/publicplan/intern/pp-core-cluster/applications/kyverno} finished
2025/07/18 12:12:03 walker.go:242: walking of {file:///home/dmarkovic/git-projects/publicplan/intern/pp-core-cluster/applications/mariadb} finished
2025/07/18 12:12:03 walker.go:242: walking of {file:///home/dmarkovic/git-projects/publicplan/intern/pp-core-cluster/applications/mariadb-operator} finished
2025/07/18 12:12:03 walker.go:242: walking of {file:///home/dmarkovic/git-projects/publicplan/intern/pp-core-cluster/applications/postgres-operator/resources} finished
2025/07/18 12:12:03 walker.go:242: walking of {file:///home/dmarkovic/git-projects/publicplan/intern/pp-core-cluster/applications/postgres-operator} finished
2025/07/18 12:12:03 walker.go:242: walking of {file:///home/dmarkovic/git-projects/publicplan/intern/pp-core-cluster/applications/prometheus/resources} finished
2025/07/18 12:12:03 walker.go:242: walking of {file:///home/dmarkovic/git-projects/publicplan/intern/pp-core-cluster/applications/prometheus} finished
2025/07/18 12:12:03 walker.go:242: walking of {file:///home/dmarkovic/git-projects/publicplan/intern/pp-core-cluster/applications/vaultwarden/psql} finished
2025/07/18 12:12:03 walker.go:242: walking of {file:///home/dmarkovic/git-projects/publicplan/intern/pp-core-cluster/applications/vaultwarden/secrets} finished
2025/07/18 12:12:03 walker.go:242: walking of {file:///home/dmarkovic/git-projects/publicplan/intern/pp-core-cluster/applications/vaultwarden} finished
2025/07/18 12:12:03 walker.go:242: walking of {file:///home/dmarkovic/git-projects/publicplan/intern/pp-core-cluster/applications/velero} finished
2025/07/18 12:12:03 walker.go:242: walking of {file:///home/dmarkovic/git-projects/publicplan/intern/pp-core-cluster/applications/zabbix/resources} finished
2025/07/18 12:12:03 walker.go:242: walking of {file:///home/dmarkovic/git-projects/publicplan/intern/pp-core-cluster/applications/zabbix} finished
2025/07/18 12:12:03 walker.go:242: walking of {file:///home/dmarkovic/git-projects/publicplan/intern/pp-core-cluster/applications} finished
2025/07/18 12:12:03 walker.go:242: walking of {file:///home/dmarkovic/git-projects/publicplan/intern/pp-core-cluster/argo-files/botpress/applications} finished
2025/07/18 12:12:03 walker.go:242: walking of {file:///home/dmarkovic/git-projects/publicplan/intern/pp-core-cluster/argo-files/botpress/projects} finished
2025/07/18 12:12:03 walker.go:242: walking of {file:///home/dmarkovic/git-projects/publicplan/intern/pp-core-cluster/argo-files/botpress} finished
2025/07/18 12:12:03 walker.go:242: walking of {file:///home/dmarkovic/git-projects/publicplan/intern/pp-core-cluster/argo-files/core} finished
2025/07/18 12:12:03 walker.go:242: walking of {file:///home/dmarkovic/git-projects/publicplan/intern/pp-core-cluster/argo-files/customer/applications} finished
2025/07/18 12:12:03 walker.go:242: walking of {file:///home/dmarkovic/git-projects/publicplan/intern/pp-core-cluster/argo-files/customer/projects} finished
2025/07/18 12:12:03 walker.go:242: walking of {file:///home/dmarkovic/git-projects/publicplan/intern/pp-core-cluster/argo-files/customer} finished
2025/07/18 12:12:03 walker.go:242: walking of {file:///home/dmarkovic/git-projects/publicplan/intern/pp-core-cluster/argo-files/dev/applications} finished
2025/07/18 12:12:03 walker.go:242: walking of {file:///home/dmarkovic/git-projects/publicplan/intern/pp-core-cluster/argo-files/dev/projects} finished
2025/07/18 12:12:03 walker.go:242: walking of {file:///home/dmarkovic/git-projects/publicplan/intern/pp-core-cluster/argo-files/dev} finished
2025/07/18 12:12:03 walker.go:242: walking of {file:///home/dmarkovic/git-projects/publicplan/intern/pp-core-cluster/argo-files/gridscale/projects} finished
2025/07/18 12:12:03 walker.go:242: walking of {file:///home/dmarkovic/git-projects/publicplan/intern/pp-core-cluster/argo-files/gridscale} finished
2025/07/18 12:12:03 walker.go:242: walking of {file:///home/dmarkovic/git-projects/publicplan/intern/pp-core-cluster/argo-files/infra-demo/applications} finished
2025/07/18 12:12:03 walker.go:242: walking of {file:///home/dmarkovic/git-projects/publicplan/intern/pp-core-cluster/argo-files/infra-demo/projects} finished
2025/07/18 12:12:03 walker.go:242: walking of {file:///home/dmarkovic/git-projects/publicplan/intern/pp-core-cluster/argo-files/infra-demo} finished
2025/07/18 12:12:03 walker.go:242: walking of {file:///home/dmarkovic/git-projects/publicplan/intern/pp-core-cluster/argo-files/internal/applications} finished
2025/07/18 12:12:03 walker.go:242: walking of {file:///home/dmarkovic/git-projects/publicplan/intern/pp-core-cluster/argo-files/internal/projects} finished
2025/07/18 12:12:03 walker.go:242: walking of {file:///home/dmarkovic/git-projects/publicplan/intern/pp-core-cluster/argo-files/internal} finished
2025/07/18 12:12:03 walker.go:242: walking of {file:///home/dmarkovic/git-projects/publicplan/intern/pp-core-cluster/argo-files/lhd/applications} finished
2025/07/18 12:12:03 walker.go:242: walking of {file:///home/dmarkovic/git-projects/publicplan/intern/pp-core-cluster/argo-files/lhd/projects} finished
2025/07/18 12:12:03 walker.go:242: walking of {file:///home/dmarkovic/git-projects/publicplan/intern/pp-core-cluster/argo-files/lhd} finished
2025/07/18 12:12:03 walker.go:242: walking of {file:///home/dmarkovic/git-projects/publicplan/intern/pp-core-cluster/argo-files/regmo/applications} finished
2025/07/18 12:12:03 walker.go:242: walking of {file:///home/dmarkovic/git-projects/publicplan/intern/pp-core-cluster/argo-files/regmo/projects} finished
2025/07/18 12:12:03 walker.go:242: walking of {file:///home/dmarkovic/git-projects/publicplan/intern/pp-core-cluster/argo-files/regmo} finished
2025/07/18 12:12:03 walker.go:242: walking of {file:///home/dmarkovic/git-projects/publicplan/intern/pp-core-cluster/argo-files/termine/applications} finished
2025/07/18 12:12:03 walker.go:242: walking of {file:///home/dmarkovic/git-projects/publicplan/intern/pp-core-cluster/argo-files/termine/projects} finished
2025/07/18 12:12:03 walker.go:242: walking of {file:///home/dmarkovic/git-projects/publicplan/intern/pp-core-cluster/argo-files/termine} finished
2025/07/18 12:12:03 walker.go:242: walking of {file:///home/dmarkovic/git-projects/publicplan/intern/pp-core-cluster/argo-files/wwo-prod/applications} finished
2025/07/18 12:12:03 walker.go:242: walking of {file:///home/dmarkovic/git-projects/publicplan/intern/pp-core-cluster/argo-files/wwo-prod/projects} finished
2025/07/18 12:12:03 walker.go:242: walking of {file:///home/dmarkovic/git-projects/publicplan/intern/pp-core-cluster/argo-files/wwo-prod} finished
2025/07/18 12:12:03 walker.go:242: walking of {file:///home/dmarkovic/git-projects/publicplan/intern/pp-core-cluster/argo-files/wwo-stage/applications} finished
2025/07/18 12:12:03 walker.go:242: walking of {file:///home/dmarkovic/git-projects/publicplan/intern/pp-core-cluster/argo-files/wwo-stage/projects} finished
2025/07/18 12:12:03 walker.go:242: walking of {file:///home/dmarkovic/git-projects/publicplan/intern/pp-core-cluster/argo-files/wwo-stage} finished
2025/07/18 12:12:03 walker.go:242: walking of {file:///home/dmarkovic/git-projects/publicplan/intern/pp-core-cluster/argo-files/wzcluster/applications} finished
2025/07/18 12:12:03 walker.go:242: walking of {file:///home/dmarkovic/git-projects/publicplan/intern/pp-core-cluster/argo-files/wzcluster/projects} finished
2025/07/18 12:12:03 walker.go:242: walking of {file:///home/dmarkovic/git-projects/publicplan/intern/pp-core-cluster/argo-files/wzcluster} finished
2025/07/18 12:12:03 walker.go:242: walking of {file:///home/dmarkovic/git-projects/publicplan/intern/pp-core-cluster/argo-files} finished
2025/07/18 12:12:03 walker.go:242: walking of {file:///home/dmarkovic/git-projects/publicplan/intern/pp-core-cluster/infisical-test} finished
2025/07/18 12:12:03 walker.go:218: found module {file:///home/dmarkovic/git-projects/publicplan/intern/pp-core-cluster/terraform}
2025/07/18 12:12:03 jobs.go:140: JOBS: Enqueueing new job "1": "OpTypeParseModuleConfiguration" for {"file:///home/dmarkovic/git-projects/publicplan/intern/pp-core-cluster/terraform"} (IsDirOpen: false, IgnoreState: false)
2025/07/18 12:12:03 jobs.go:299: retrying on obj is nil
2025/07/18 12:12:03 jobs.go:299: retrying on obj is nil
2025/07/18 12:12:03 jobs.go:140: JOBS: Enqueueing new job "2": "OpTypeLoadModuleMetadata" for {"file:///home/dmarkovic/git-projects/publicplan/intern/pp-core-cluster/terraform"} (IsDirOpen: false, IgnoreState: false)
2025/07/18 12:12:03 jobs.go:299: retrying on obj is nil
2025/07/18 12:12:03 jobs.go:140: JOBS: Enqueueing new job "3": "OpTypeParseVariables" for {"file:///home/dmarkovic/git-projects/publicplan/intern/pp-core-cluster/terraform"} (IsDirOpen: false, IgnoreState: false)
2025/07/18 12:12:03 jobs.go:140: JOBS: Enqueueing new job "4": "OpTypeDecodeVarsReferences" for {"file:///home/dmarkovic/git-projects/publicplan/intern/pp-core-cluster/terraform"} (IsDirOpen: false, IgnoreState: false)
2025/07/18 12:12:03 walker.go:91: parsed datadir: &datadir.DataDir{ModuleManifestPath:"", PluginLockFilePath:"/home/dmarkovic/git-projects/publicplan/intern/pp-core-cluster/terraform/.terraform.lock.hcl"}
2025/07/18 12:12:03 jobs.go:140: JOBS: Enqueueing new job "5": "OpTypeParseProviderVersions" for {"file:///home/dmarkovic/git-projects/publicplan/intern/pp-core-cluster/terraform"} (IsDirOpen: false, IgnoreState: false)
2025/07/18 12:12:03 jobs.go:140: JOBS: Enqueueing new job "6": "OpTypeObtainSchema" for {"file:///home/dmarkovic/git-projects/publicplan/intern/pp-core-cluster/terraform"} (IsDirOpen: false, IgnoreState: false)
2025/07/18 12:12:03 jobs.go:140: JOBS: Enqueueing new job "7": "OpTypePreloadEmbeddedSchema" for {"file:///home/dmarkovic/git-projects/publicplan/intern/pp-core-cluster/terraform"} (IsDirOpen: false, IgnoreState: false)
2025/07/18 12:12:03 jobs.go:299: retrying on obj is nil
2025/07/18 12:12:03 jobs.go:140: JOBS: Enqueueing new job "8": "OpTypeDecodeReferenceTargets" for {"file:///home/dmarkovic/git-projects/publicplan/intern/pp-core-cluster/terraform"} (IsDirOpen: false, IgnoreState: false)
2025/07/18 12:12:03 jobs.go:299: retrying on obj is nil
2025/07/18 12:12:03 jobs.go:140: JOBS: Enqueueing new job "9": "OpTypeDecodeReferenceOrigins" for {"file:///home/dmarkovic/git-projects/publicplan/intern/pp-core-cluster/terraform"} (IsDirOpen: false, IgnoreState: false)
2025/07/18 12:12:03 walker.go:242: walking of {file:///home/dmarkovic/git-projects/publicplan/intern/pp-core-cluster/terraform} finished
2025/07/18 12:12:03 walker.go:242: walking of {file:///home/dmarkovic/git-projects/publicplan/intern/pp-core-cluster} finished
2025/07/18 12:12:03 jobs.go:299: retrying on obj is nil
2025/07/18 12:12:03 walker.go:156: walker: walking through {"file:///home/dmarkovic/git-projects/publicplan/intern/pp-core-cluster"} finished
2025/07/18 12:12:03 jobs.go:321: JOBS: Dispatching next job "1" (scheduler prio: -1, job prio: 0, isDirOpen: false): "OpTypeParseModuleConfiguration" for {"file:///home/dmarkovic/git-projects/publicplan/intern/pp-core-cluster/terraform"}
2025/07/18 12:12:03 jobs.go:299: retrying on obj is nil
2025/07/18 12:12:03 jobs.go:461: JOBS: Finishing job "1": "OpTypeParseModuleConfiguration" for {"file:///home/dmarkovic/git-projects/publicplan/intern/pp-core-cluster/terraform"} (err = %!s(<nil>), deferredJobs: [])
2025/07/18 12:12:03 jobs.go:299: retrying on obj is nil
2025/07/18 12:12:03 jobs.go:321: JOBS: Dispatching next job "2" (scheduler prio: -1, job prio: 0, isDirOpen: false): "OpTypeLoadModuleMetadata" for {"file:///home/dmarkovic/git-projects/publicplan/intern/pp-core-cluster/terraform"}
2025/07/18 12:12:03 jobs.go:299: retrying on obj is nil
2025/07/18 12:12:03 jobs.go:461: JOBS: Finishing job "2": "OpTypeLoadModuleMetadata" for {"file:///home/dmarkovic/git-projects/publicplan/intern/pp-core-cluster/terraform"} (err = %!s(<nil>), deferredJobs: [])
2025/07/18 12:12:03 jobs.go:321: JOBS: Dispatching next job "3" (scheduler prio: -1, job prio: 0, isDirOpen: false): "OpTypeParseVariables" for {"file:///home/dmarkovic/git-projects/publicplan/intern/pp-core-cluster/terraform"}
2025/07/18 12:12:03 jobs.go:299: retrying on obj is nil
2025/07/18 12:12:03 jobs.go:461: JOBS: Finishing job "3": "OpTypeParseVariables" for {"file:///home/dmarkovic/git-projects/publicplan/intern/pp-core-cluster/terraform"} (err = %!s(<nil>), deferredJobs: [])
2025/07/18 12:12:03 jobs.go:299: retrying on obj is nil
2025/07/18 12:12:03 jobs.go:321: JOBS: Dispatching next job "4" (scheduler prio: -1, job prio: 0, isDirOpen: false): "OpTypeDecodeVarsReferences" for {"file:///home/dmarkovic/git-projects/publicplan/intern/pp-core-cluster/terraform"}
2025/07/18 12:12:03 jobs.go:299: retrying on obj is nil
2025/07/18 12:12:03 jobs.go:461: JOBS: Finishing job "4": "OpTypeDecodeVarsReferences" for {"file:///home/dmarkovic/git-projects/publicplan/intern/pp-core-cluster/terraform"} (err = %!s(<nil>), deferredJobs: [])
2025/07/18 12:12:03 jobs.go:299: retrying on obj is nil
2025/07/18 12:12:03 jobs.go:321: JOBS: Dispatching next job "5" (scheduler prio: -1, job prio: 0, isDirOpen: false): "OpTypeParseProviderVersions" for {"file:///home/dmarkovic/git-projects/publicplan/intern/pp-core-cluster/terraform"}
2025/07/18 12:12:03 jobs.go:299: retrying on obj is nil
2025/07/18 12:12:03 jobs.go:461: JOBS: Finishing job "5": "OpTypeParseProviderVersions" for {"file:///home/dmarkovic/git-projects/publicplan/intern/pp-core-cluster/terraform"} (err = %!s(<nil>), deferredJobs: [])
2025/07/18 12:12:03 jobs.go:299: retrying on obj is nil
2025/07/18 12:12:03 jobs.go:321: JOBS: Dispatching next job "6" (scheduler prio: -1, job prio: 0, isDirOpen: false): "OpTypeObtainSchema" for {"file:///home/dmarkovic/git-projects/publicplan/intern/pp-core-cluster/terraform"}
2025/07/18 12:12:03 jobs.go:299: retrying on obj is nil
Client: Starting --> Running
2025/07/18 12:12:03 jobs.go:461: JOBS: Finishing job "6": "OpTypeObtainSchema" for {"file:///home/dmarkovic/git-projects/publicplan/intern/pp-core-cluster/terraform"} (err = exit status 1

Error: Required plugins are not installed

The installed provider plugins are not consistent with the packages selected
in the dependency lock file:
  - registry.terraform.io/gridscale/gridscale: there is no package for registry.terraform.io/gridscale/gridscale 1.18.1 cached in .terraform/providers

OpenTofu uses external plugins to integrate with a variety of different
infrastructure services. You must install the required plugins before running
OpenTofu operations.

, deferredJobs: [])
2025/07/18 12:12:03 jobs.go:299: retrying on obj is nil
2025/07/18 12:12:03 jobs.go:299: retrying on obj is nil
2025/07/18 12:12:03 jobs.go:321: JOBS: Dispatching next job "7" (scheduler prio: -1, job prio: 0, isDirOpen: false): "OpTypePreloadEmbeddedSchema" for {"file:///home/dmarkovic/git-projects/publicplan/intern/pp-core-cluster/terraform"}
2025/07/18 12:12:03 module_ops.go:368: preloaded schema for registry.terraform.io/gridscale/gridscale 1.24.0 in 7.496883ms
2025/07/18 12:12:03 jobs.go:461: JOBS: Finishing job "7": "OpTypePreloadEmbeddedSchema" for {"file:///home/dmarkovic/git-projects/publicplan/intern/pp-core-cluster/terraform"} (err = %!s(<nil>), deferredJobs: [])
2025/07/18 12:12:03 jobs.go:299: retrying on obj is nil
2025/07/18 12:12:03 jobs.go:299: retrying on obj is nil
2025/07/18 12:12:03 jobs.go:321: JOBS: Dispatching next job "8" (scheduler prio: -1, job prio: 0, isDirOpen: false): "OpTypeDecodeReferenceTargets" for {"file:///home/dmarkovic/git-projects/publicplan/intern/pp-core-cluster/terraform"}
2025/07/18 12:12:03 jobs.go:461: JOBS: Finishing job "8": "OpTypeDecodeReferenceTargets" for {"file:///home/dmarkovic/git-projects/publicplan/intern/pp-core-cluster/terraform"} (err = %!s(<nil>), deferredJobs: [])
2025/07/18 12:12:03 jobs.go:299: retrying on obj is nil
2025/07/18 12:12:03 jobs.go:321: JOBS: Dispatching next job "9" (scheduler prio: -1, job prio: 0, isDirOpen: false): "OpTypeDecodeReferenceOrigins" for {"file:///home/dmarkovic/git-projects/publicplan/intern/pp-core-cluster/terraform"}
2025/07/18 12:12:03 jobs.go:299: retrying on obj is nil
2025/07/18 12:12:03 jobs.go:461: JOBS: Finishing job "9": "OpTypeDecodeReferenceOrigins" for {"file:///home/dmarkovic/git-projects/publicplan/intern/pp-core-cluster/terraform"} (err = %!s(<nil>), deferredJobs: [])
2025/07/18 12:12:03 jobs.go:299: retrying on obj is nil
Started client
2025/07/18 12:12:03 opts.go:215: Received request batch of size 1 (qlen=0)
2025/07/18 12:12:03 opts.go:215: Dequeued request batch of length 1 (qlen=0)
2025/07/18 12:12:03 rpc_logger.go:32: Incoming notification for "initialized": {}
2025/07/18 12:12:03 opts.go:215: Posting server call "client/registerCapability" {"registrations":[{"id":"7a9b3673-0c72-cf90-f8c4-c31f1b820906","method":"workspace/didChangeWatchedFiles","registerOptions":{"watchers":[{"globPattern":"**/.terraform","kind":3},{"globPattern":"**/.terraform/modules/modules.json"},{"globPattern":"**/.terraform.lock.hcl"},{"globPattern":"**/.terraform/plugins/selections.json"},{"globPattern":"**/.terraform/plugins/linux_amd64/lock.json"}]}}]}
2025/07/18 12:12:04 opts.go:215: Received response for callback "1"
2025/07/18 12:12:04 opts.go:215: Received request batch of size 1 (qlen=0)
2025/07/18 12:12:04 opts.go:215: Dequeued request batch of length 1 (qlen=0)
2025/07/18 12:12:04 opts.go:215: Request check error for "$/setTrace" (params "{\"value\":\"off\"}"): [-32601] method not found
2025/07/18 12:14:34 opts.go:215: Received request batch of size 1 (qlen=0)
2025/07/18 12:14:34 opts.go:215: Dequeued request batch of length 1 (qlen=0)
2025/07/18 12:14:34 opts.go:215: Request check error for "$/setTrace" (params "{\"value\":\"off\"}"): [-32601] method not found
Client: Running --> Stopped
2025/07/18 13:03:44 opts.go:215: Received request batch of size 1 (qlen=0)
2025/07/18 13:03:44 opts.go:215: Dequeued request batch of length 1 (qlen=0)
2025/07/18 13:03:44 rpc_logger.go:32: Incoming request for "shutdown" (ID 1): 
2025/07/18 13:03:44 service.go:552: stopping closedDirWalker for session ...
2025/07/18 13:03:44 service.go:554: closedDirWalker stopped
2025/07/18 13:03:44 service.go:557: stopping openDirWalker for session ...
2025/07/18 13:03:44 service.go:559: openDirWalker stopped
2025/07/18 13:03:44 scheduler.go:63: stopped scheduler
2025/07/18 13:03:44 scheduler.go:63: stopped scheduler
2025/07/18 13:03:44 rpc_logger.go:53: Response to "shutdown" (ID 1): null
2025/07/18 13:03:44 opts.go:215: Completed 1 requests [144.026µs elapsed]
