2025-07-17 15:13:54.719 [info] [main] Log level: Info
2025-07-17 15:13:54.719 [info] [main] Validating found git in: "git"
2025-07-17 15:13:54.719 [info] [main] Using git "2.50.1" from "git"
2025-07-17 15:13:54.719 [info] [Model][doInitialScan] Initial repository scan started
2025-07-17 15:13:54.719 [info] > git rev-parse --show-toplevel [4ms]
2025-07-17 15:13:54.719 [info] > git rev-parse --git-dir --git-common-dir [1ms]
2025-07-17 15:13:54.719 [info] [Model][openRepository] Opened repository (path): /home/dmarkovic/git-projects/publicplan/recht.nrw-dist
2025-07-17 15:13:54.719 [info] [Model][openRepository] Opened repository (real path): /home/dmarkovic/git-projects/publicplan/recht.nrw-dist
2025-07-17 15:13:54.719 [info] > git rev-parse --show-toplevel [2ms]
2025-07-17 15:13:54.719 [info] > git config --get commit.template [8ms]
2025-07-17 15:13:54.719 [info] > git for-each-ref --format=%(refname)%00%(upstream:short)%00%(objectname)%00%(upstream:track)%00%(upstream:remotename)%00%(upstream:remoteref) refs/heads/main refs/remotes/main [7ms]
2025-07-17 15:13:54.719 [info] > git rev-parse --show-toplevel [14ms]
2025-07-17 15:13:54.906 [info] > git rev-parse --show-toplevel [182ms]
2025-07-17 15:13:55.054 [info] > git status -z -uall [12ms]
2025-07-17 15:13:55.084 [info] > git rev-parse --show-toplevel [31ms]
2025-07-17 15:13:55.085 [info] [Model][doInitialScan] Initial repository scan completed - repositories (1), closed repositories (0), parent repositories (0), unsafe repositories (0)
2025-07-17 15:13:55.085 [info] > git for-each-ref --sort -committerdate --format %(refname)%00%(objectname)%00%(*objectname) [37ms]
2025-07-17 15:13:55.103 [info] > git for-each-ref --format=%(refname)%00%(upstream:short)%00%(objectname)%00%(upstream:track)%00%(upstream:remotename)%00%(upstream:remoteref) refs/heads/main refs/remotes/main [8ms]
2025-07-17 15:13:55.142 [info] > git show --textconv :kustomization/envs/dev/pdfreactor/service.yaml [6ms]
2025-07-17 15:13:55.143 [info] > git config --get --local branch.main.vscode-merge-base [35ms]
2025-07-17 15:13:55.150 [info] > git config --get commit.template [48ms]
2025-07-17 15:13:55.162 [info] > git for-each-ref --format=%(refname)%00%(upstream:short)%00%(objectname)%00%(upstream:track)%00%(upstream:remotename)%00%(upstream:remoteref) refs/heads/origin/main refs/remotes/origin/main [12ms]
2025-07-17 15:13:55.168 [info] > git ls-files --stage -- kustomization/envs/dev/pdfreactor/service.yaml [27ms]
2025-07-17 15:13:55.198 [info] > git cat-file -s b54166ae7a7917d1164a957b5975bc889fac8d6a [25ms]
2025-07-17 15:13:55.198 [info] > git merge-base refs/heads/main refs/remotes/origin/main [30ms]
2025-07-17 15:13:55.218 [info] > git check-ignore -v -z --stdin [9ms]
2025-07-17 15:13:55.219 [info] > git diff --name-status -z --diff-filter=ADMR 5f1cce8ffc971d697e730fb0c0cf21fb20ff40c1...refs/remotes/origin/main [15ms]
2025-07-17 15:13:55.220 [info] > git for-each-ref --format=%(refname)%00%(upstream:short)%00%(objectname)%00%(upstream:track)%00%(upstream:remotename)%00%(upstream:remoteref) refs/heads/main refs/remotes/main [23ms]
2025-07-17 15:13:55.261 [info] > git status -z -uall [30ms]
2025-07-17 15:13:55.261 [info] > git for-each-ref --sort -committerdate --format %(refname)%00%(objectname)%00%(*objectname) [24ms]
2025-07-17 15:13:55.266 [info] > git blame --root --incremental 5f1cce8ffc971d697e730fb0c0cf21fb20ff40c1 -- kustomization/envs/dev/pdfreactor/service.yaml [7ms]
2025-07-17 15:14:03.273 [info] > git show --textconv :kustomization/envs/dev/pdfreactor/ingress.yaml [6ms]
2025-07-17 15:14:03.274 [info] > git ls-files --stage -- kustomization/envs/dev/pdfreactor/ingress.yaml [2ms]
2025-07-17 15:14:03.282 [info] > git cat-file -s d9181499bf4ceac9926bae60681f7ea456987505 [2ms]
2025-07-17 15:14:03.295 [info] > git blame --root --incremental 5f1cce8ffc971d697e730fb0c0cf21fb20ff40c1 -- kustomization/envs/dev/pdfreactor/ingress.yaml [1ms]
2025-07-17 15:14:17.468 [info] > git config --get commit.template [16ms]
2025-07-17 15:14:17.471 [info] > git for-each-ref --format=%(refname)%00%(upstream:short)%00%(objectname)%00%(upstream:track)%00%(upstream:remotename)%00%(upstream:remoteref) refs/heads/main refs/remotes/main [5ms]
2025-07-17 15:14:17.489 [info] > git status -z -uall [8ms]
2025-07-17 15:14:17.490 [info] > git for-each-ref --sort -committerdate --format %(refname)%00%(objectname)%00%(*objectname) [2ms]
2025-07-17 15:14:23.533 [info] > git show --textconv :kustomization/envs/dev/public/drupal/ingress-patch.yaml [6ms]
2025-07-17 15:14:23.534 [info] > git ls-files --stage -- kustomization/envs/dev/public/drupal/ingress-patch.yaml [2ms]
2025-07-17 15:14:23.541 [info] > git cat-file -s c821b86cbe5340c2f05cb84622618686596d2f8c [2ms]
2025-07-17 15:14:23.565 [info] > git blame --root --incremental 5f1cce8ffc971d697e730fb0c0cf21fb20ff40c1 -- kustomization/envs/dev/public/drupal/ingress-patch.yaml [13ms]
2025-07-17 15:14:25.355 [info] > git show --textconv :kustomization/envs/dev/pdfreactor/ingress.yaml [12ms]
2025-07-17 15:14:25.356 [info] > git ls-files --stage -- kustomization/envs/dev/pdfreactor/ingress.yaml [2ms]
2025-07-17 15:14:25.364 [info] > git cat-file -s d9181499bf4ceac9926bae60681f7ea456987505 [2ms]
2025-07-17 15:14:32.131 [info] > git check-ignore -v -z --stdin [2ms]
2025-07-17 15:14:33.214 [info] > git check-ignore -v -z --stdin [3ms]
2025-07-17 15:15:58.385 [info] > git config --get commit.template [12ms]
2025-07-17 15:15:58.386 [info] > git for-each-ref --format=%(refname)%00%(upstream:short)%00%(objectname)%00%(upstream:track)%00%(upstream:remotename)%00%(upstream:remoteref) refs/heads/main refs/remotes/main [2ms]
2025-07-17 15:15:58.398 [info] > git status -z -uall [5ms]
2025-07-17 15:15:58.399 [info] > git for-each-ref --sort -committerdate --format %(refname)%00%(objectname)%00%(*objectname) [1ms]
2025-07-17 15:16:11.819 [info] > git config --get commit.template [3ms]
2025-07-17 15:16:11.842 [info] > git for-each-ref --format=%(refname)%00%(upstream:short)%00%(objectname)%00%(upstream:track)%00%(upstream:remotename)%00%(upstream:remoteref) refs/heads/main refs/remotes/main [5ms]
2025-07-17 15:16:11.858 [info] > git status -z -uall [7ms]
2025-07-17 15:16:11.859 [info] > git for-each-ref --sort -committerdate --format %(refname)%00%(objectname)%00%(*objectname) [2ms]
2025-07-17 15:17:14.737 [info] > git check-ignore -v -z --stdin [1ms]
2025-07-17 15:17:30.090 [info] > git show --textconv :kustomization/envs/dev/pdfreactor/secret.yaml [8ms]
2025-07-17 15:17:30.096 [info] > git ls-files --stage -- kustomization/envs/dev/pdfreactor/secret.yaml [6ms]
2025-07-17 15:17:30.101 [info] > git hash-object -t tree /dev/null [6ms]
2025-07-17 15:17:30.101 [warning] [GitFileSystemProvider][readFile] File not found - git:/home/dmarkovic/git-projects/publicplan/recht.nrw-dist/kustomization/envs/dev/pdfreactor/secret.yaml.git?%7B%22path%22%3A%22%2Fhome%2Fdmarkovic%2Fgit-projects%2Fpublicplan%2Frecht.nrw-dist%2Fkustomization%2Fenvs%2Fdev%2Fpdfreactor%2Fsecret.yaml%22%2C%22ref%22%3A%22%22%7D
2025-07-17 15:17:30.103 [info] > git hash-object -t tree /dev/null [3ms]
2025-07-17 15:17:30.103 [warning] [GitFileSystemProvider][stat] File not found - git:/home/dmarkovic/git-projects/publicplan/recht.nrw-dist/kustomization/envs/dev/pdfreactor/secret.yaml.git?%7B%22path%22%3A%22%2Fhome%2Fdmarkovic%2Fgit-projects%2Fpublicplan%2Frecht.nrw-dist%2Fkustomization%2Fenvs%2Fdev%2Fpdfreactor%2Fsecret.yaml%22%2C%22ref%22%3A%22%22%7D
2025-07-17 15:17:30.364 [info] > git check-ignore -v -z --stdin [1ms]
2025-07-17 15:17:30.927 [info] > git config --get commit.template [11ms]
2025-07-17 15:17:30.927 [info] > git for-each-ref --format=%(refname)%00%(upstream:short)%00%(objectname)%00%(upstream:track)%00%(upstream:remotename)%00%(upstream:remoteref) refs/heads/main refs/remotes/main [1ms]
2025-07-17 15:17:30.945 [info] > git status -z -uall [10ms]
2025-07-17 15:17:30.946 [info] > git for-each-ref --sort -committerdate --format %(refname)%00%(objectname)%00%(*objectname) [2ms]
2025-07-17 15:17:31.483 [info] > git show --textconv :kustomization/envs/dev/pdfreactor/ingress.yaml [17ms]
2025-07-17 15:17:31.484 [info] > git ls-files --stage -- kustomization/envs/dev/pdfreactor/ingress.yaml [1ms]
2025-07-17 15:17:31.492 [info] > git cat-file -s d9181499bf4ceac9926bae60681f7ea456987505 [1ms]
2025-07-17 15:17:38.236 [info] > git show --textconv :kustomization/envs/dev/pdfreactor/ingress.yaml [8ms]
2025-07-17 15:17:38.237 [info] > git ls-files --stage -- kustomization/envs/dev/pdfreactor/ingress.yaml [1ms]
2025-07-17 15:17:38.246 [info] > git cat-file -s d9181499bf4ceac9926bae60681f7ea456987505 [2ms]
2025-07-17 15:17:41.633 [info] > git show --textconv :kustomization/envs/dev/pdfreactor/service.yaml [15ms]
2025-07-17 15:17:41.634 [info] > git ls-files --stage -- kustomization/envs/dev/pdfreactor/service.yaml [2ms]
2025-07-17 15:17:41.643 [info] > git cat-file -s b54166ae7a7917d1164a957b5975bc889fac8d6a [1ms]
2025-07-17 15:17:43.102 [info] > git show --textconv :kustomization/envs/dev/pdfreactor/ingress.yaml [9ms]
2025-07-17 15:17:43.103 [info] > git ls-files --stage -- kustomization/envs/dev/pdfreactor/ingress.yaml [2ms]
2025-07-17 15:17:43.113 [info] > git cat-file -s d9181499bf4ceac9926bae60681f7ea456987505 [3ms]
2025-07-17 15:17:44.115 [info] > git show --textconv :kustomization/envs/dev/pdfreactor/service.yaml [7ms]
2025-07-17 15:17:44.116 [info] > git ls-files --stage -- kustomization/envs/dev/pdfreactor/service.yaml [1ms]
2025-07-17 15:17:44.122 [info] > git cat-file -s b54166ae7a7917d1164a957b5975bc889fac8d6a [1ms]
2025-07-17 15:17:53.497 [info] > git show --textconv :kustomization/envs/dev/pdfreactor/service.yaml [10ms]
2025-07-17 15:17:53.499 [info] > git ls-files --stage -- kustomization/envs/dev/pdfreactor/service.yaml [2ms]
2025-07-17 15:17:53.508 [info] > git cat-file -s b54166ae7a7917d1164a957b5975bc889fac8d6a [1ms]
2025-07-17 15:19:39.079 [info] > git config --get commit.template [12ms]
2025-07-17 15:19:39.082 [info] > git for-each-ref --format=%(refname)%00%(upstream:short)%00%(objectname)%00%(upstream:track)%00%(upstream:remotename)%00%(upstream:remoteref) refs/heads/main refs/remotes/main [4ms]
2025-07-17 15:19:39.108 [info] > git status -z -uall [10ms]
2025-07-17 15:19:39.109 [info] > git for-each-ref --sort -committerdate --format %(refname)%00%(objectname)%00%(*objectname) [4ms]
2025-07-17 15:19:48.625 [info] > git show --textconv :kustomization/envs/dev/pdfreactor/ingress.yaml [7ms]
2025-07-17 15:19:48.627 [info] > git ls-files --stage -- kustomization/envs/dev/pdfreactor/ingress.yaml [2ms]
2025-07-17 15:19:48.635 [info] > git cat-file -s d9181499bf4ceac9926bae60681f7ea456987505 [1ms]
2025-07-17 15:19:54.296 [info] > git config --get commit.template [16ms]
2025-07-17 15:19:54.297 [info] > git for-each-ref --format=%(refname)%00%(upstream:short)%00%(objectname)%00%(upstream:track)%00%(upstream:remotename)%00%(upstream:remoteref) refs/heads/main refs/remotes/main [3ms]
2025-07-17 15:19:54.318 [info] > git status -z -uall [7ms]
2025-07-17 15:19:54.319 [info] > git for-each-ref --sort -committerdate --format %(refname)%00%(objectname)%00%(*objectname) [1ms]
2025-07-17 15:20:01.676 [info] > git config --get commit.template [2ms]
2025-07-17 15:20:01.682 [info] > git for-each-ref --format=%(refname)%00%(upstream:short)%00%(objectname)%00%(upstream:track)%00%(upstream:remotename)%00%(upstream:remoteref) refs/heads/main refs/remotes/main [1ms]
2025-07-17 15:20:01.695 [info] > git status -z -uall [6ms]
2025-07-17 15:20:01.697 [info] > git for-each-ref --sort -committerdate --format %(refname)%00%(objectname)%00%(*objectname) [2ms]
2025-07-17 15:20:20.214 [info] > git show --textconv :kustomization/envs/dev/pdfreactor/kustomization.yaml [8ms]
2025-07-17 15:20:20.215 [info] > git ls-files --stage -- kustomization/envs/dev/pdfreactor/kustomization.yaml [2ms]
2025-07-17 15:20:20.222 [info] > git cat-file -s a5eaa1c9615923a643e44f0346965d54a9d09d0b [1ms]
2025-07-17 15:20:20.239 [info] > git blame --root --incremental 5f1cce8ffc971d697e730fb0c0cf21fb20ff40c1 -- kustomization/envs/dev/pdfreactor/kustomization.yaml [3ms]
2025-07-17 15:20:20.615 [info] > git show --textconv :kustomization/envs/dev/pdfreactor/ingress.yaml [20ms]
2025-07-17 15:20:20.618 [info] > git ls-files --stage -- kustomization/envs/dev/pdfreactor/ingress.yaml [5ms]
2025-07-17 15:20:20.635 [info] > git cat-file -s d9181499bf4ceac9926bae60681f7ea456987505 [6ms]
2025-07-17 15:20:21.444 [info] > git show --textconv :kustomization/envs/dev/pdfreactor/kustomization.yaml [7ms]
2025-07-17 15:20:21.445 [info] > git ls-files --stage -- kustomization/envs/dev/pdfreactor/kustomization.yaml [1ms]
2025-07-17 15:20:21.455 [info] > git cat-file -s a5eaa1c9615923a643e44f0346965d54a9d09d0b [6ms]
2025-07-17 15:20:28.466 [info] > git config --get commit.template [13ms]
2025-07-17 15:20:28.468 [info] > git for-each-ref --format=%(refname)%00%(upstream:short)%00%(objectname)%00%(upstream:track)%00%(upstream:remotename)%00%(upstream:remoteref) refs/heads/main refs/remotes/main [2ms]
2025-07-17 15:20:28.481 [info] > git status -z -uall [6ms]
2025-07-17 15:20:28.481 [info] > git for-each-ref --sort -committerdate --format %(refname)%00%(objectname)%00%(*objectname) [1ms]
2025-07-17 15:20:30.816 [info] > git show --textconv :kustomization/envs/dev/pdfreactor/kustomization.yaml [12ms]
2025-07-17 15:20:30.817 [info] > git ls-files --stage -- kustomization/envs/dev/pdfreactor/kustomization.yaml [2ms]
2025-07-17 15:20:30.825 [info] > git cat-file -s a5eaa1c9615923a643e44f0346965d54a9d09d0b [1ms]
2025-07-17 15:20:32.621 [info] > git add -A -- kustomization/envs/dev/pdfreactor/ingress.yaml kustomization/envs/dev/pdfreactor/kustomization.yaml kustomization/envs/dev/pdfreactor/secret.yaml [6ms]
2025-07-17 15:20:32.639 [info] > git config --get commit.template [6ms]
2025-07-17 15:20:32.640 [info] > git for-each-ref --format=%(refname)%00%(upstream:short)%00%(objectname)%00%(upstream:track)%00%(upstream:remotename)%00%(upstream:remoteref) refs/heads/main refs/remotes/main [1ms]
2025-07-17 15:20:32.652 [info] > git status -z -uall [6ms]
2025-07-17 15:20:32.653 [info] > git for-each-ref --sort -committerdate --format %(refname)%00%(objectname)%00%(*objectname) [2ms]
2025-07-17 15:20:32.989 [info] > git show --textconv HEAD:kustomization/envs/dev/pdfreactor/kustomization.yaml [10ms]
2025-07-17 15:20:32.991 [info] > git ls-tree -l HEAD -- kustomization/envs/dev/pdfreactor/kustomization.yaml [3ms]
2025-07-17 15:20:33.722 [info] > git for-each-ref --format=%(refname)%00%(upstream:short)%00%(objectname)%00%(upstream:track)%00%(upstream:remotename)%00%(upstream:remoteref) refs/heads/main refs/remotes/main [2ms]
2025-07-17 15:20:33.722 [info] > git config --get commit.template [11ms]
2025-07-17 15:20:33.742 [info] > git status -z -uall [11ms]
2025-07-17 15:20:33.745 [info] > git for-each-ref --sort -committerdate --format %(refname)%00%(objectname)%00%(*objectname) [4ms]
2025-07-17 15:20:33.826 [info] > git ls-files --stage -- kustomization/envs/dev/pdfreactor/kustomization.yaml [6ms]
2025-07-17 15:20:33.831 [info] > git ls-tree -l HEAD -- kustomization/envs/dev/pdfreactor/kustomization.yaml [5ms]
2025-07-17 15:20:33.832 [info] > git cat-file -s 3cef7db9200c972debab6457b71741b15e6831d2 [1ms]
2025-07-17 15:20:33.843 [info] > git show --textconv HEAD:kustomization/envs/dev/pdfreactor/kustomization.yaml [6ms]
2025-07-17 15:20:33.844 [info] > git show --textconv :kustomization/envs/dev/pdfreactor/kustomization.yaml [2ms]
2025-07-17 15:20:39.967 [info] > git show --textconv HEAD:kustomization/envs/dev/pdfreactor/ingress.yaml [21ms]
2025-07-17 15:20:39.967 [info] > git show --textconv :kustomization/envs/dev/pdfreactor/ingress.yaml [16ms]
2025-07-17 15:20:39.967 [info] > git ls-files --stage -- kustomization/envs/dev/pdfreactor/ingress.yaml [2ms]
2025-07-17 15:20:39.972 [info] > git ls-tree -l HEAD -- kustomization/envs/dev/pdfreactor/ingress.yaml [14ms]
2025-07-17 15:20:39.973 [info] > git cat-file -s 63dc86de3b867b7a57f2834faf1c58803755be15 [1ms]
2025-07-17 15:20:40.396 [info] > git ls-files --stage -- kustomization/envs/dev/pdfreactor/ingress.yaml [11ms]
2025-07-17 15:20:40.407 [info] > git cat-file -s 63dc86de3b867b7a57f2834faf1c58803755be15 [2ms]
2025-07-17 15:20:40.480 [info] > git check-ignore -v -z --stdin [2ms]
2025-07-17 15:20:41.918 [info] > git show --textconv HEAD:kustomization/envs/dev/pdfreactor/kustomization.yaml [21ms]
2025-07-17 15:20:41.918 [info] > git show --textconv :kustomization/envs/dev/pdfreactor/kustomization.yaml [14ms]
2025-07-17 15:20:41.918 [info] > git ls-files --stage -- kustomization/envs/dev/pdfreactor/kustomization.yaml [3ms]
2025-07-17 15:20:41.925 [info] > git ls-tree -l HEAD -- kustomization/envs/dev/pdfreactor/kustomization.yaml [15ms]
2025-07-17 15:20:41.928 [info] > git cat-file -s 3cef7db9200c972debab6457b71741b15e6831d2 [3ms]
2025-07-17 15:20:42.354 [info] > git ls-files --stage -- kustomization/envs/dev/pdfreactor/kustomization.yaml [7ms]
2025-07-17 15:20:42.361 [info] > git cat-file -s 3cef7db9200c972debab6457b71741b15e6831d2 [2ms]
2025-07-17 15:20:42.432 [info] > git check-ignore -v -z --stdin [1ms]
2025-07-17 15:20:43.058 [info] > git show --textconv :kustomization/envs/dev/pdfreactor/secret.yaml [6ms]
2025-07-17 15:20:43.060 [info] > git ls-files --stage -- kustomization/envs/dev/pdfreactor/secret.yaml [2ms]
2025-07-17 15:20:43.067 [info] > git cat-file -s 8f9e2509c3d6ec03d0b4e995da40ff97286b70ea [1ms]
2025-07-17 15:20:43.483 [info] > git ls-files --stage -- kustomization/envs/dev/pdfreactor/secret.yaml [13ms]
2025-07-17 15:20:43.491 [info] > git cat-file -s 8f9e2509c3d6ec03d0b4e995da40ff97286b70ea [1ms]
2025-07-17 15:20:43.574 [info] > git check-ignore -v -z --stdin [2ms]
2025-07-17 15:20:45.444 [info] > git show --textconv HEAD:kustomization/envs/dev/pdfreactor/kustomization.yaml [20ms]
2025-07-17 15:20:45.444 [info] > git show --textconv :kustomization/envs/dev/pdfreactor/kustomization.yaml [13ms]
2025-07-17 15:20:45.444 [info] > git ls-files --stage -- kustomization/envs/dev/pdfreactor/kustomization.yaml [1ms]
2025-07-17 15:20:45.449 [info] > git ls-tree -l HEAD -- kustomization/envs/dev/pdfreactor/kustomization.yaml [12ms]
2025-07-17 15:20:45.451 [info] > git cat-file -s 3cef7db9200c972debab6457b71741b15e6831d2 [3ms]
2025-07-17 15:20:45.758 [info] > git ls-files --stage -- kustomization/envs/dev/pdfreactor/kustomization.yaml [12ms]
2025-07-17 15:20:45.769 [info] > git cat-file -s 3cef7db9200c972debab6457b71741b15e6831d2 [3ms]
2025-07-17 15:20:45.947 [info] > git -c user.useConfigOnly=true commit --quiet --allow-empty-message --file - [7ms]
2025-07-17 15:20:45.962 [info] > git config --get commit.template [4ms]
2025-07-17 15:20:45.971 [info] > git config --get commit.template [1ms]
2025-07-17 15:20:45.980 [info] > git for-each-ref --format=%(refname)%00%(upstream:short)%00%(objectname)%00%(upstream:track)%00%(upstream:remotename)%00%(upstream:remoteref) refs/heads/main refs/remotes/main [2ms]
2025-07-17 15:20:45.992 [info] > git status -z -uall [6ms]
2025-07-17 15:20:45.993 [info] > git for-each-ref --sort -committerdate --format %(refname)%00%(objectname)%00%(*objectname) [1ms]
2025-07-17 15:20:46.010 [info] > git merge-base refs/heads/main refs/remotes/origin/main [2ms]
2025-07-17 15:20:46.017 [info] > git blame --root --incremental 2672d9493b11f1f25d2ee280292797ab9bb79559 -- kustomization/envs/dev/pdfreactor/kustomization.yaml [15ms]
2025-07-17 15:20:46.018 [info] > git diff --name-status -z --diff-filter=ADMR 5f1cce8ffc971d697e730fb0c0cf21fb20ff40c1...refs/remotes/origin/main [1ms]
2025-07-17 15:20:46.040 [info] > git config --get commit.template [2ms]
2025-07-17 15:20:46.046 [info] > git for-each-ref --format=%(refname)%00%(upstream:short)%00%(objectname)%00%(upstream:track)%00%(upstream:remotename)%00%(upstream:remoteref) refs/heads/main refs/remotes/main [1ms]
2025-07-17 15:20:46.060 [info] > git status -z -uall [7ms]
2025-07-17 15:20:46.061 [info] > git for-each-ref --sort -committerdate --format %(refname)%00%(objectname)%00%(*objectname) [2ms]
2025-07-17 15:20:46.691 [info] > git ls-files --stage -- kustomization/envs/dev/pdfreactor/kustomization.yaml [9ms]
2025-07-17 15:20:46.701 [info] > git cat-file -s 3cef7db9200c972debab6457b71741b15e6831d2 [1ms]
2025-07-17 15:20:46.994 [info] > git pull --tags origin main [565ms]
2025-07-17 15:20:46.994 [info] From gitlab.publicplan.cloud:themenwelt-portale/recht.nrw-dist
 * branch            main       -> FETCH_HEAD
2025-07-17 15:20:47.411 [info] > git ls-tree -l HEAD -- kustomization/envs/dev/pdfreactor/kustomization.yaml [14ms]
2025-07-17 15:20:47.413 [info] > git ls-files --stage -- kustomization/envs/dev/pdfreactor/kustomization.yaml [3ms]
2025-07-17 15:20:47.426 [info] > git cat-file -s 3cef7db9200c972debab6457b71741b15e6831d2 [6ms]
2025-07-17 15:20:47.427 [info] > git show --textconv HEAD:kustomization/envs/dev/pdfreactor/kustomization.yaml [2ms]
2025-07-17 15:20:48.200 [info] > git ls-tree -l HEAD -- kustomization/envs/dev/pdfreactor/kustomization.yaml [14ms]
2025-07-17 15:20:48.203 [info] > git ls-files --stage -- kustomization/envs/dev/pdfreactor/kustomization.yaml [3ms]
2025-07-17 15:20:48.228 [info] > git cat-file -s 3cef7db9200c972debab6457b71741b15e6831d2 [15ms]
2025-07-17 15:20:48.240 [info] > git show --textconv HEAD:kustomization/envs/dev/pdfreactor/kustomization.yaml [13ms]
2025-07-17 15:20:48.241 [info] > git show --textconv :kustomization/envs/dev/pdfreactor/kustomization.yaml [2ms]
2025-07-17 15:20:48.373 [info] > git push origin main:main [1370ms]
2025-07-17 15:20:48.373 [info] To gitlab.publicplan.cloud:themenwelt-portale/recht.nrw-dist.git
   5f1cce8..2672d94  main -> main
2025-07-17 15:20:48.395 [info] > git config --get commit.template [8ms]
2025-07-17 15:20:48.396 [info] > git for-each-ref --format=%(refname)%00%(upstream:short)%00%(objectname)%00%(upstream:track)%00%(upstream:remotename)%00%(upstream:remoteref) refs/heads/main refs/remotes/main [2ms]
2025-07-17 15:20:48.425 [info] > git status -z -uall [17ms]
2025-07-17 15:20:48.426 [info] > git for-each-ref --sort -committerdate --format %(refname)%00%(objectname)%00%(*objectname) [1ms]
2025-07-17 15:20:48.436 [info] > git merge-base refs/heads/main refs/remotes/origin/main [2ms]
2025-07-17 15:20:48.444 [info] > git diff --name-status -z --diff-filter=ADMR 2672d9493b11f1f25d2ee280292797ab9bb79559...refs/remotes/origin/main [2ms]
2025-07-17 15:20:49.465 [info] > git config --get commit.template [7ms]
2025-07-17 15:20:49.467 [info] > git for-each-ref --format=%(refname)%00%(upstream:short)%00%(objectname)%00%(upstream:track)%00%(upstream:remotename)%00%(upstream:remoteref) refs/heads/main refs/remotes/main [2ms]
2025-07-17 15:20:49.479 [info] > git status -z -uall [6ms]
2025-07-17 15:20:49.481 [info] > git for-each-ref --sort -committerdate --format %(refname)%00%(objectname)%00%(*objectname) [2ms]
2025-07-17 15:20:49.601 [info] > git show --textconv :kustomization/envs/dev/pdfreactor/kustomization.yaml [38ms]
2025-07-17 15:20:49.601 [info] > git ls-tree -l HEAD -- kustomization/envs/dev/pdfreactor/kustomization.yaml [13ms]
2025-07-17 15:20:49.602 [info] > git ls-files --stage -- kustomization/envs/dev/pdfreactor/kustomization.yaml [26ms]
2025-07-17 15:20:49.626 [info] > git cat-file -s 3cef7db9200c972debab6457b71741b15e6831d2 [15ms]
2025-07-17 15:20:49.627 [info] > git ls-files --stage -- kustomization/envs/dev/pdfreactor/kustomization.yaml [29ms]
2025-07-17 15:20:49.649 [info] > git cat-file -s 3cef7db9200c972debab6457b71741b15e6831d2 [10ms]
2025-07-17 15:20:49.666 [info] > git show --textconv HEAD:kustomization/envs/dev/pdfreactor/kustomization.yaml [18ms]
2025-07-17 15:20:49.666 [info] > git ls-files --stage -- kustomization/envs/dev/pdfreactor/kustomization.yaml [4ms]
2025-07-17 15:20:49.699 [info] > git show --textconv :kustomization/envs/dev/pdfreactor/kustomization.yaml [5ms]
2025-07-17 15:20:49.700 [info] > git cat-file -s 3cef7db9200c972debab6457b71741b15e6831d2 [27ms]
2025-07-17 15:24:11.204 [info] > git config --get commit.template [1ms]
2025-07-17 15:24:11.213 [info] > git for-each-ref --format=%(refname)%00%(upstream:short)%00%(objectname)%00%(upstream:track)%00%(upstream:remotename)%00%(upstream:remoteref) refs/heads/main refs/remotes/main [1ms]
2025-07-17 15:24:11.226 [info] > git status -z -uall [6ms]
2025-07-17 15:24:11.226 [info] > git for-each-ref --sort -committerdate --format %(refname)%00%(objectname)%00%(*objectname) [1ms]
2025-07-17 15:24:14.867 [info] > git show --textconv :kustomization/envs/dev/pdfreactor/ingress.yaml [8ms]
2025-07-17 15:24:14.868 [info] > git ls-files --stage -- kustomization/envs/dev/pdfreactor/ingress.yaml [2ms]
2025-07-17 15:24:14.874 [info] > git cat-file -s 63dc86de3b867b7a57f2834faf1c58803755be15 [1ms]
2025-07-17 15:24:14.884 [info] > git blame --root --incremental 2672d9493b11f1f25d2ee280292797ab9bb79559 -- kustomization/envs/dev/pdfreactor/ingress.yaml [2ms]
2025-07-17 15:24:16.883 [info] > git show --textconv :kustomization/envs/dev/pdfreactor/kustomization.yaml [8ms]
2025-07-17 15:24:16.884 [info] > git ls-files --stage -- kustomization/envs/dev/pdfreactor/kustomization.yaml [2ms]
2025-07-17 15:24:16.891 [info] > git cat-file -s 3cef7db9200c972debab6457b71741b15e6831d2 [1ms]
2025-07-17 15:24:20.256 [info] > git show --textconv :kustomization/envs/dev/pdfreactor/kustomization.yaml [7ms]
2025-07-17 15:24:20.257 [info] > git ls-files --stage -- kustomization/envs/dev/pdfreactor/kustomization.yaml [2ms]
2025-07-17 15:24:20.263 [info] > git cat-file -s 3cef7db9200c972debab6457b71741b15e6831d2 [1ms]
