2025-07-23 11:46:44.274 [info] [main] Log level: Info
2025-07-23 11:46:44.274 [info] [main] Validating found git in: "git"
2025-07-23 11:46:44.274 [info] [main] Using git "2.50.1" from "git"
2025-07-23 11:46:44.274 [info] [Model][doInitialScan] Initial repository scan started
2025-07-23 11:46:44.274 [info] [Model][doInitialScan] Initial repository scan completed - repositories (0), closed repositories (0), parent repositories (0), unsafe repositories (0)
2025-07-23 11:46:48.311 [info] [main] Log level: Info
2025-07-23 11:46:48.311 [info] [main] Validating found git in: "git"
2025-07-23 11:46:48.311 [info] [main] Using git "2.50.1" from "git"
2025-07-23 11:46:48.311 [info] [Model][doInitialScan] Initial repository scan started
2025-07-23 11:46:48.311 [info] > git rev-parse --show-toplevel [9ms]
2025-07-23 11:46:48.311 [info] fatal: not a git repository (or any parent up to mount point /)
Stopping at filesystem boundary (GIT_DISCOVERY_ACROSS_FILESYSTEM not set).
2025-07-23 11:46:48.311 [info] > git rev-parse --show-toplevel [8ms]
2025-07-23 11:46:48.311 [info] fatal: not a git repository (or any parent up to mount point /)
Stopping at filesystem boundary (GIT_DISCOVERY_ACROSS_FILESYSTEM not set).
2025-07-23 11:46:48.345 [info] > git rev-parse --show-toplevel [30ms]
2025-07-23 11:46:48.345 [info] fatal: not a git repository (or any parent up to mount point /)
Stopping at filesystem boundary (GIT_DISCOVERY_ACROSS_FILESYSTEM not set).
2025-07-23 11:46:48.352 [info] > git rev-parse --show-toplevel [1ms]
2025-07-23 11:46:48.352 [info] fatal: not a git repository (or any parent up to mount point /)
Stopping at filesystem boundary (GIT_DISCOVERY_ACROSS_FILESYSTEM not set).
2025-07-23 11:46:48.360 [info] > git rev-parse --show-toplevel [3ms]
2025-07-23 11:46:48.360 [info] fatal: not a git repository (or any parent up to mount point /)
Stopping at filesystem boundary (GIT_DISCOVERY_ACROSS_FILESYSTEM not set).
2025-07-23 11:46:48.377 [info] > git rev-parse --show-toplevel [11ms]
2025-07-23 11:46:48.748 [info] > git rev-parse --git-dir --git-common-dir [122ms]
2025-07-23 11:46:48.756 [info] [Model][openRepository] Opened repository (path): /home/dmarkovic/git-projects/publicplan/efa/rbac
2025-07-23 11:46:48.756 [info] [Model][openRepository] Opened repository (real path): /home/dmarkovic/git-projects/publicplan/efa/rbac
2025-07-23 11:46:48.758 [info] [Model][doInitialScan] Initial repository scan completed - repositories (1), closed repositories (0), parent repositories (0), unsafe repositories (0)
2025-07-23 11:46:48.805 [info] > git config --get commit.template [25ms]
2025-07-23 11:46:48.855 [info] > git for-each-ref --format=%(refname)%00%(upstream:short)%00%(objectname)%00%(upstream:track)%00%(upstream:remotename)%00%(upstream:remoteref) refs/heads/master refs/remotes/master [4ms]
2025-07-23 11:46:48.879 [info] > git status -z -uall [9ms]
2025-07-23 11:46:48.880 [info] > git for-each-ref --sort -committerdate --format %(refname)%00%(objectname)%00%(*objectname) [4ms]
2025-07-23 11:46:48.904 [info] > git for-each-ref --format=%(refname)%00%(upstream:short)%00%(objectname)%00%(upstream:track)%00%(upstream:remotename)%00%(upstream:remoteref) refs/heads/master refs/remotes/master [6ms]
2025-07-23 11:46:48.912 [info] > git config --get --local branch.master.vscode-merge-base [3ms]
2025-07-23 11:46:48.918 [info] > git config --get commit.template [14ms]
2025-07-23 11:46:48.941 [info] > git for-each-ref --format=%(refname)%00%(upstream:short)%00%(objectname)%00%(upstream:track)%00%(upstream:remotename)%00%(upstream:remoteref) refs/heads/origin/master refs/remotes/origin/master [23ms]
2025-07-23 11:46:48.950 [info] > git merge-base refs/heads/master refs/remotes/origin/master [2ms]
2025-07-23 11:46:48.955 [info] > git for-each-ref --format=%(refname)%00%(upstream:short)%00%(objectname)%00%(upstream:track)%00%(upstream:remotename)%00%(upstream:remoteref) refs/heads/master refs/remotes/master [15ms]
2025-07-23 11:46:48.967 [info] > git diff --name-status -z --diff-filter=ADMR bc1b0d5cf25787ffaf7851560b48b3fa98108e31...refs/remotes/origin/master [12ms]
2025-07-23 11:46:48.987 [info] > git status -z -uall [6ms]
2025-07-23 11:46:48.987 [info] > git for-each-ref --sort -committerdate --format %(refname)%00%(objectname)%00%(*objectname) [2ms]
2025-07-23 11:46:49.291 [info] > git check-ignore -v -z --stdin [2ms]
2025-07-23 11:46:49.625 [info] > git rev-parse --show-toplevel [1ms]
2025-07-23 11:46:49.625 [info] fatal: not a git repository (or any parent up to mount point /)
Stopping at filesystem boundary (GIT_DISCOVERY_ACROSS_FILESYSTEM not set).
2025-07-23 11:46:49.991 [info] > git rev-parse --show-toplevel [2ms]
2025-07-23 11:46:49.992 [info] fatal: not a git repository (or any parent up to mount point /)
Stopping at filesystem boundary (GIT_DISCOVERY_ACROSS_FILESYSTEM not set).
2025-07-23 11:46:56.530 [info] > git rev-parse --show-toplevel [1ms]
2025-07-23 11:46:56.537 [info] > git rev-parse --git-dir --git-common-dir [2ms]
2025-07-23 11:46:56.539 [info] [Model][openRepository] Opened repository (path): /home/dmarkovic/git-projects/publicplan/efa/distributions/DPA/hr-dpa-dist
2025-07-23 11:46:56.539 [info] [Model][openRepository] Opened repository (real path): /home/dmarkovic/git-projects/publicplan/efa/distributions/DPA/hr-dpa-dist
2025-07-23 11:46:56.549 [info] > git config --get commit.template [5ms]
2025-07-23 11:46:56.551 [info] > git for-each-ref --format=%(refname)%00%(upstream:short)%00%(objectname)%00%(upstream:track)%00%(upstream:remotename)%00%(upstream:remoteref) refs/heads/main refs/remotes/main [2ms]
2025-07-23 11:46:56.563 [info] > git status -z -uall [7ms]
2025-07-23 11:46:56.564 [info] > git for-each-ref --sort -committerdate --format %(refname)%00%(objectname)%00%(*objectname) [2ms]
2025-07-23 11:46:56.584 [info] > git for-each-ref --format=%(refname)%00%(upstream:short)%00%(objectname)%00%(upstream:track)%00%(upstream:remotename)%00%(upstream:remoteref) refs/heads/main refs/remotes/main [13ms]
2025-07-23 11:46:56.589 [info] > git config --get commit.template [6ms]
2025-07-23 11:46:56.590 [info] > git config --get --local branch.main.vscode-merge-base [2ms]
2025-07-23 11:46:56.607 [info] > git for-each-ref --format=%(refname)%00%(upstream:short)%00%(objectname)%00%(upstream:track)%00%(upstream:remotename)%00%(upstream:remoteref) refs/heads/origin/main refs/remotes/origin/main [11ms]
2025-07-23 11:46:56.617 [info] > git for-each-ref --format=%(refname)%00%(upstream:short)%00%(objectname)%00%(upstream:track)%00%(upstream:remotename)%00%(upstream:remoteref) refs/heads/main refs/remotes/main [11ms]
2025-07-23 11:46:56.617 [info] > git merge-base refs/heads/main refs/remotes/origin/main [1ms]
2025-07-23 11:46:56.636 [info] > git status -z -uall [6ms]
2025-07-23 11:46:56.637 [info] > git diff --name-status -z --diff-filter=ADMR 297e15048cfe1e5edab676a1deb55a8f4607c65f...refs/remotes/origin/main [13ms]
2025-07-23 11:46:56.900 [info] > git for-each-ref --sort -committerdate --format %(refname)%00%(objectname)%00%(*objectname) [264ms]
2025-07-23 11:46:57.002 [info] > git show --textconv :helm/noots-sak-dp-server/develop/values.yaml [15ms]
2025-07-23 11:46:57.002 [info] > git ls-files --stage -- helm/noots-sak-dp-server/develop/values.yaml [6ms]
2025-07-23 11:46:57.018 [info] > git cat-file -s dd36ccc91b37d61b0f38d7d6e97a805ab48c48a9 [9ms]
2025-07-23 11:46:57.659 [info] > git check-ignore -v -z --stdin [12ms]
2025-07-23 11:46:57.660 [info] > git check-ignore -v -z --stdin [8ms]
2025-07-23 11:46:57.660 [info] > git blame --root --incremental 297e15048cfe1e5edab676a1deb55a8f4607c65f -- helm/noots-sak-dp-server/develop/values.yaml [33ms]
2025-07-23 11:48:47.517 [info] > git show --textconv :helm/noots-sak-dp-server/develop/kustomization.yaml [10ms]
2025-07-23 11:48:47.518 [info] > git ls-files --stage -- helm/noots-sak-dp-server/develop/kustomization.yaml [2ms]
2025-07-23 11:48:47.526 [info] > git cat-file -s 1d83478f5895a842f8efadb710f48d1eccaacdac [2ms]
2025-07-23 11:48:48.932 [info] > git show --textconv :helm/noots-sak-dp-server/develop/values.yaml [6ms]
2025-07-23 11:48:48.933 [info] > git ls-files --stage -- helm/noots-sak-dp-server/develop/values.yaml [2ms]
2025-07-23 11:48:48.940 [info] > git cat-file -s dd36ccc91b37d61b0f38d7d6e97a805ab48c48a9 [2ms]
2025-07-23 11:48:50.102 [info] > git show --textconv :helm/noots-sak-dp-server/develop/kustomization.yaml [11ms]
2025-07-23 11:48:50.105 [info] > git ls-files --stage -- helm/noots-sak-dp-server/develop/kustomization.yaml [4ms]
2025-07-23 11:48:50.116 [info] > git cat-file -s 1d83478f5895a842f8efadb710f48d1eccaacdac [2ms]
2025-07-23 11:48:50.883 [info] > git blame --root --incremental 297e15048cfe1e5edab676a1deb55a8f4607c65f -- helm/noots-sak-dp-server/develop/kustomization.yaml [6ms]
2025-07-23 11:48:59.142 [info] > git check-ignore -v -z --stdin [4ms]
2025-07-23 11:49:01.155 [info] > git check-ignore -v -z --stdin [2ms]
2025-07-23 11:49:02.526 [info] > git check-ignore -v -z --stdin [2ms]
2025-07-23 11:49:03.575 [info] > git show --textconv :kustomization/overlays/develop/ingress.yaml [7ms]
2025-07-23 11:49:03.577 [info] > git ls-files --stage -- kustomization/overlays/develop/ingress.yaml [2ms]
2025-07-23 11:49:03.585 [info] > git cat-file -s 48d50186b1ca61c4519aa1883d2f1f7479b355d1 [1ms]
2025-07-23 11:49:03.601 [info] > git blame --root --incremental 297e15048cfe1e5edab676a1deb55a8f4607c65f -- kustomization/overlays/develop/ingress.yaml [5ms]
2025-07-23 11:49:13.042 [info] > git show --textconv :kustomization/overlays/develop/ingress.patch.yaml [6ms]
2025-07-23 11:49:13.048 [info] > git ls-files --stage -- kustomization/overlays/develop/ingress.patch.yaml [7ms]
2025-07-23 11:49:13.053 [info] > git hash-object -t tree /dev/null [5ms]
2025-07-23 11:49:13.053 [warning] [GitFileSystemProvider][readFile] File not found - git:/home/dmarkovic/git-projects/publicplan/efa/distributions/DPA/hr-dpa-dist/kustomization/overlays/develop/ingress.patch.yaml.git?%7B%22path%22%3A%22%2Fhome%2Fdmarkovic%2Fgit-projects%2Fpublicplan%2Fefa%2Fdistributions%2FDPA%2Fhr-dpa-dist%2Fkustomization%2Foverlays%2Fdevelop%2Fingress.patch.yaml%22%2C%22ref%22%3A%22%22%7D
2025-07-23 11:49:13.055 [info] > git hash-object -t tree /dev/null [2ms]
2025-07-23 11:49:13.056 [warning] [GitFileSystemProvider][stat] File not found - git:/home/dmarkovic/git-projects/publicplan/efa/distributions/DPA/hr-dpa-dist/kustomization/overlays/develop/ingress.patch.yaml.git?%7B%22path%22%3A%22%2Fhome%2Fdmarkovic%2Fgit-projects%2Fpublicplan%2Fefa%2Fdistributions%2FDPA%2Fhr-dpa-dist%2Fkustomization%2Foverlays%2Fdevelop%2Fingress.patch.yaml%22%2C%22ref%22%3A%22%22%7D
2025-07-23 11:49:13.333 [info] > git check-ignore -v -z --stdin [2ms]
2025-07-23 11:49:13.883 [info] > git config --get commit.template [16ms]
2025-07-23 11:49:13.886 [info] > git for-each-ref --format=%(refname)%00%(upstream:short)%00%(objectname)%00%(upstream:track)%00%(upstream:remotename)%00%(upstream:remoteref) refs/heads/main refs/remotes/main [5ms]
2025-07-23 11:49:13.911 [info] > git status -z -uall [13ms]
2025-07-23 11:49:13.912 [info] > git for-each-ref --sort -committerdate --format %(refname)%00%(objectname)%00%(*objectname) [2ms]
2025-07-23 11:49:43.926 [info] > git config --get commit.template [6ms]
2025-07-23 11:49:43.927 [info] > git for-each-ref --format=%(refname)%00%(upstream:short)%00%(objectname)%00%(upstream:track)%00%(upstream:remotename)%00%(upstream:remoteref) refs/heads/main refs/remotes/main [1ms]
2025-07-23 11:49:43.938 [info] > git status -z -uall [6ms]
2025-07-23 11:49:43.939 [info] > git for-each-ref --sort -committerdate --format %(refname)%00%(objectname)%00%(*objectname) [2ms]
2025-07-23 11:49:48.957 [info] > git config --get commit.template [6ms]
2025-07-23 11:49:48.958 [info] > git for-each-ref --format=%(refname)%00%(upstream:short)%00%(objectname)%00%(upstream:track)%00%(upstream:remotename)%00%(upstream:remoteref) refs/heads/main refs/remotes/main [2ms]
2025-07-23 11:49:48.969 [info] > git status -z -uall [7ms]
2025-07-23 11:49:48.970 [info] > git for-each-ref --sort -committerdate --format %(refname)%00%(objectname)%00%(*objectname) [1ms]
2025-07-23 11:49:52.395 [info] > git show --textconv :helm/noots-sak-dp-server/develop/values.yaml [7ms]
2025-07-23 11:49:52.396 [info] > git ls-files --stage -- helm/noots-sak-dp-server/develop/values.yaml [1ms]
2025-07-23 11:49:52.402 [info] > git cat-file -s dd36ccc91b37d61b0f38d7d6e97a805ab48c48a9 [1ms]
2025-07-23 11:49:57.023 [info] > git show --textconv :kustomization/overlays/develop/ingress.yaml [16ms]
2025-07-23 11:49:57.024 [info] > git ls-files --stage -- kustomization/overlays/develop/ingress.yaml [2ms]
2025-07-23 11:49:57.034 [info] > git cat-file -s 48d50186b1ca61c4519aa1883d2f1f7479b355d1 [1ms]
2025-07-23 11:50:05.500 [info] > git show --textconv :kustomization/overlays/develop/sak-dp-ingress.patch.yaml [9ms]
2025-07-23 11:50:05.502 [warning] [GitFileSystemProvider][readFile] File not found - git:/home/dmarkovic/git-projects/publicplan/efa/distributions/DPA/hr-dpa-dist/kustomization/overlays/develop/sak-dp-ingress.patch.yaml.git?%7B%22path%22%3A%22%2Fhome%2Fdmarkovic%2Fgit-projects%2Fpublicplan%2Fefa%2Fdistributions%2FDPA%2Fhr-dpa-dist%2Fkustomization%2Foverlays%2Fdevelop%2Fsak-dp-ingress.patch.yaml%22%2C%22ref%22%3A%22%22%7D
2025-07-23 11:50:05.503 [info] > git ls-files --stage -- kustomization/overlays/develop/sak-dp-ingress.patch.yaml [3ms]
2025-07-23 11:50:05.503 [warning] [GitFileSystemProvider][stat] File not found - git:/home/dmarkovic/git-projects/publicplan/efa/distributions/DPA/hr-dpa-dist/kustomization/overlays/develop/sak-dp-ingress.patch.yaml.git?%7B%22path%22%3A%22%2Fhome%2Fdmarkovic%2Fgit-projects%2Fpublicplan%2Fefa%2Fdistributions%2FDPA%2Fhr-dpa-dist%2Fkustomization%2Foverlays%2Fdevelop%2Fsak-dp-ingress.patch.yaml%22%2C%22ref%22%3A%22%22%7D
2025-07-23 11:50:05.518 [info] > git blame --root --incremental 297e15048cfe1e5edab676a1deb55a8f4607c65f -- kustomization/overlays/develop/sak-dp-ingress.patch.yaml [2ms]
2025-07-23 11:50:05.518 [info] fatal: no such path kustomization/overlays/develop/sak-dp-ingress.patch.yaml in 297e15048cfe1e5edab676a1deb55a8f4607c65f
2025-07-23 11:50:05.787 [info] > git check-ignore -v -z --stdin [2ms]
2025-07-23 11:50:06.331 [info] > git config --get commit.template [7ms]
2025-07-23 11:50:06.332 [info] > git for-each-ref --format=%(refname)%00%(upstream:short)%00%(objectname)%00%(upstream:track)%00%(upstream:remotename)%00%(upstream:remoteref) refs/heads/main refs/remotes/main [1ms]
2025-07-23 11:50:06.349 [info] > git status -z -uall [10ms]
2025-07-23 11:50:06.351 [info] > git for-each-ref --sort -committerdate --format %(refname)%00%(objectname)%00%(*objectname) [3ms]
2025-07-23 11:50:17.600 [info] > git show --textconv :helm/noots-sak-dp-server/develop/values.yaml [17ms]
2025-07-23 11:50:17.602 [info] > git ls-files --stage -- helm/noots-sak-dp-server/develop/values.yaml [4ms]
2025-07-23 11:50:17.610 [info] > git cat-file -s dd36ccc91b37d61b0f38d7d6e97a805ab48c48a9 [1ms]
2025-07-23 11:50:22.868 [info] > git show --textconv :kustomization/overlays/develop/ingress.yaml [11ms]
2025-07-23 11:50:22.869 [info] > git ls-files --stage -- kustomization/overlays/develop/ingress.yaml [2ms]
2025-07-23 11:50:22.875 [info] > git cat-file -s 48d50186b1ca61c4519aa1883d2f1f7479b355d1 [1ms]
2025-07-23 11:50:23.165 [info] > git show --textconv :kustomization/overlays/develop/kustomization.yaml [10ms]
2025-07-23 11:50:23.166 [info] > git ls-files --stage -- kustomization/overlays/develop/kustomization.yaml [2ms]
2025-07-23 11:50:23.174 [info] > git cat-file -s 01ebe49b1332a147b3eea76aa510776c3ec804fd [1ms]
2025-07-23 11:50:23.185 [info] > git blame --root --incremental 297e15048cfe1e5edab676a1deb55a8f4607c65f -- kustomization/overlays/develop/kustomization.yaml [3ms]
2025-07-23 11:50:27.236 [info] > git config --get commit.template [14ms]
2025-07-23 11:50:27.238 [info] > git for-each-ref --format=%(refname)%00%(upstream:short)%00%(objectname)%00%(upstream:track)%00%(upstream:remotename)%00%(upstream:remoteref) refs/heads/main refs/remotes/main [3ms]
2025-07-23 11:50:27.254 [info] > git status -z -uall [7ms]
2025-07-23 11:50:27.255 [info] > git for-each-ref --sort -committerdate --format %(refname)%00%(objectname)%00%(*objectname) [1ms]
2025-07-23 11:50:38.787 [info] > git rev-parse --show-toplevel [2ms]
2025-07-23 11:50:38.801 [info] > git rev-parse --git-dir --git-common-dir [6ms]
2025-07-23 11:50:38.804 [info] [Model][openRepository] Opened repository (path): /home/dmarkovic/git-projects/publicplan/efa/distributions/GovForms2/govforms2-workflow-core
2025-07-23 11:50:38.804 [info] [Model][openRepository] Opened repository (real path): /home/dmarkovic/git-projects/publicplan/efa/distributions/GovForms2/govforms2-workflow-core
2025-07-23 11:50:38.813 [info] > git config --get commit.template [2ms]
2025-07-23 11:50:38.822 [info] > git for-each-ref --format=%(refname)%00%(upstream:short)%00%(objectname)%00%(upstream:track)%00%(upstream:remotename)%00%(upstream:remoteref) refs/heads/master refs/remotes/master [3ms]
2025-07-23 11:50:38.833 [info] > git status -z -uall [5ms]
2025-07-23 11:50:38.855 [info] > git for-each-ref --sort -committerdate --format %(refname)%00%(objectname)%00%(*objectname) [22ms]
2025-07-23 11:50:38.884 [info] > git for-each-ref --format=%(refname)%00%(upstream:short)%00%(objectname)%00%(upstream:track)%00%(upstream:remotename)%00%(upstream:remoteref) refs/heads/master refs/remotes/master [20ms]
2025-07-23 11:50:38.897 [info] > git config --get --local branch.master.vscode-merge-base [5ms]
2025-07-23 11:50:38.905 [info] > git config --get commit.template [24ms]
2025-07-23 11:50:38.915 [info] > git for-each-ref --format=%(refname)%00%(upstream:short)%00%(objectname)%00%(upstream:track)%00%(upstream:remotename)%00%(upstream:remoteref) refs/heads/origin/master refs/remotes/origin/master [10ms]
2025-07-23 11:50:38.928 [info] > git merge-base refs/heads/master refs/remotes/origin/master [8ms]
2025-07-23 11:50:38.933 [info] > git for-each-ref --format=%(refname)%00%(upstream:short)%00%(objectname)%00%(upstream:track)%00%(upstream:remotename)%00%(upstream:remoteref) refs/heads/master refs/remotes/master [19ms]
2025-07-23 11:50:38.938 [info] > git diff --name-status -z --diff-filter=ADMR 204ad835f5564399e2189854bb8a15cde25d81d6...refs/remotes/origin/master [5ms]
2025-07-23 11:50:38.951 [info] > git status -z -uall [6ms]
2025-07-23 11:50:38.952 [info] > git for-each-ref --sort -committerdate --format %(refname)%00%(objectname)%00%(*objectname) [1ms]
2025-07-23 11:50:39.134 [info] > git show --textconv :kustomization/overlays/develop/kustomization.yaml [9ms]
2025-07-23 11:50:39.136 [info] > git ls-files --stage -- kustomization/overlays/develop/kustomization.yaml [1ms]
2025-07-23 11:50:39.163 [info] > git cat-file -s ffb0e47eeaf77f5582d7f488e694626473be0932 [16ms]
2025-07-23 11:50:39.415 [info] > git check-ignore -v -z --stdin [10ms]
2025-07-23 11:50:39.417 [info] > git check-ignore -v -z --stdin [4ms]
2025-07-23 11:50:41.931 [info] > git blame --root --incremental 204ad835f5564399e2189854bb8a15cde25d81d6 -- kustomization/overlays/develop/kustomization.yaml [10ms]
2025-07-23 11:50:45.044 [info] > git check-ignore -v -z --stdin [2ms]
2025-07-23 11:50:45.220 [info] > git show --textconv :kustomization/overlays/develop/kustomization.yaml [18ms]
2025-07-23 11:50:45.222 [info] > git ls-files --stage -- kustomization/overlays/develop/kustomization.yaml [4ms]
2025-07-23 11:50:45.232 [info] > git cat-file -s 01ebe49b1332a147b3eea76aa510776c3ec804fd [1ms]
2025-07-23 11:50:48.568 [info] > git config --get commit.template [11ms]
2025-07-23 11:50:48.569 [info] > git for-each-ref --format=%(refname)%00%(upstream:short)%00%(objectname)%00%(upstream:track)%00%(upstream:remotename)%00%(upstream:remoteref) refs/heads/main refs/remotes/main [2ms]
2025-07-23 11:50:48.580 [info] > git status -z -uall [6ms]
2025-07-23 11:50:48.581 [info] > git for-each-ref --sort -committerdate --format %(refname)%00%(objectname)%00%(*objectname) [1ms]
2025-07-23 11:51:04.314 [info] > git show --textconv :kustomization/overlays/develop/kustomization.yaml [13ms]
2025-07-23 11:51:04.316 [info] > git ls-files --stage -- kustomization/overlays/develop/kustomization.yaml [3ms]
2025-07-23 11:51:04.325 [info] > git cat-file -s 01ebe49b1332a147b3eea76aa510776c3ec804fd [1ms]
2025-07-23 11:51:10.073 [info] > git config --get commit.template [2ms]
2025-07-23 11:51:10.081 [info] > git for-each-ref --format=%(refname)%00%(upstream:short)%00%(objectname)%00%(upstream:track)%00%(upstream:remotename)%00%(upstream:remoteref) refs/heads/main refs/remotes/main [1ms]
2025-07-23 11:51:10.091 [info] > git status -z -uall [5ms]
2025-07-23 11:51:10.092 [info] > git for-each-ref --sort -committerdate --format %(refname)%00%(objectname)%00%(*objectname) [2ms]
2025-07-23 11:51:12.793 [info] > git show --textconv :kustomization/overlays/develop/sak-dpa-ingress.patch.yaml [9ms]
2025-07-23 11:51:12.794 [warning] [GitFileSystemProvider][readFile] File not found - git:/home/dmarkovic/git-projects/publicplan/efa/distributions/DPA/hr-dpa-dist/kustomization/overlays/develop/sak-dpa-ingress.patch.yaml.git?%7B%22path%22%3A%22%2Fhome%2Fdmarkovic%2Fgit-projects%2Fpublicplan%2Fefa%2Fdistributions%2FDPA%2Fhr-dpa-dist%2Fkustomization%2Foverlays%2Fdevelop%2Fsak-dpa-ingress.patch.yaml%22%2C%22ref%22%3A%22%22%7D
2025-07-23 11:51:12.795 [info] > git ls-files --stage -- kustomization/overlays/develop/sak-dpa-ingress.patch.yaml [3ms]
2025-07-23 11:51:12.795 [warning] [GitFileSystemProvider][stat] File not found - git:/home/dmarkovic/git-projects/publicplan/efa/distributions/DPA/hr-dpa-dist/kustomization/overlays/develop/sak-dpa-ingress.patch.yaml.git?%7B%22path%22%3A%22%2Fhome%2Fdmarkovic%2Fgit-projects%2Fpublicplan%2Fefa%2Fdistributions%2FDPA%2Fhr-dpa-dist%2Fkustomization%2Foverlays%2Fdevelop%2Fsak-dpa-ingress.patch.yaml%22%2C%22ref%22%3A%22%22%7D
2025-07-23 11:51:12.811 [info] > git blame --root --incremental 297e15048cfe1e5edab676a1deb55a8f4607c65f -- kustomization/overlays/develop/sak-dpa-ingress.patch.yaml [2ms]
2025-07-23 11:51:12.811 [info] fatal: no such path kustomization/overlays/develop/sak-dpa-ingress.patch.yaml in 297e15048cfe1e5edab676a1deb55a8f4607c65f
2025-07-23 11:51:13.081 [info] > git check-ignore -v -z --stdin [0ms]
2025-07-23 11:51:15.106 [info] > git config --get commit.template [7ms]
2025-07-23 11:51:15.107 [info] > git for-each-ref --format=%(refname)%00%(upstream:short)%00%(objectname)%00%(upstream:track)%00%(upstream:remotename)%00%(upstream:remoteref) refs/heads/main refs/remotes/main [1ms]
2025-07-23 11:51:15.125 [info] > git status -z -uall [11ms]
2025-07-23 11:51:15.126 [info] > git for-each-ref --sort -committerdate --format %(refname)%00%(objectname)%00%(*objectname) [3ms]
2025-07-23 11:51:15.693 [info] > git show --textconv :kustomization/overlays/develop/kustomization.yaml [9ms]
2025-07-23 11:51:15.694 [info] > git ls-files --stage -- kustomization/overlays/develop/kustomization.yaml [2ms]
2025-07-23 11:51:15.703 [info] > git cat-file -s 01ebe49b1332a147b3eea76aa510776c3ec804fd [2ms]
2025-07-23 11:51:24.660 [info] > git show --textconv :kustomization/overlays/develop/kustomization.yaml [7ms]
2025-07-23 11:51:24.661 [info] > git ls-files --stage -- kustomization/overlays/develop/kustomization.yaml [1ms]
2025-07-23 11:51:24.668 [info] > git cat-file -s 01ebe49b1332a147b3eea76aa510776c3ec804fd [1ms]
2025-07-23 11:51:28.386 [info] > git config --get commit.template [8ms]
2025-07-23 11:51:28.387 [info] > git for-each-ref --format=%(refname)%00%(upstream:short)%00%(objectname)%00%(upstream:track)%00%(upstream:remotename)%00%(upstream:remoteref) refs/heads/main refs/remotes/main [1ms]
2025-07-23 11:51:28.403 [info] > git status -z -uall [9ms]
2025-07-23 11:51:28.405 [info] > git for-each-ref --sort -committerdate --format %(refname)%00%(objectname)%00%(*objectname) [2ms]
2025-07-23 11:51:32.748 [info] > git show --textconv :helm/noots-sak-dp-server/develop/kustomization.yaml [13ms]
2025-07-23 11:51:32.750 [info] > git ls-files --stage -- helm/noots-sak-dp-server/develop/kustomization.yaml [3ms]
2025-07-23 11:51:32.761 [info] > git cat-file -s 1d83478f5895a842f8efadb710f48d1eccaacdac [2ms]
2025-07-23 11:51:33.016 [info] > git check-ignore -v -z --stdin [1ms]
2025-07-23 11:51:39.667 [info] > git show --textconv :helm/noots-sak-dp-server/develop/sak-dpa-ingress.patch.yaml [7ms]
2025-07-23 11:51:39.668 [warning] [GitFileSystemProvider][readFile] File not found - git:/home/dmarkovic/git-projects/publicplan/efa/distributions/DPA/hr-dpa-dist/helm/noots-sak-dp-server/develop/sak-dpa-ingress.patch.yaml.git?%7B%22path%22%3A%22%2Fhome%2Fdmarkovic%2Fgit-projects%2Fpublicplan%2Fefa%2Fdistributions%2FDPA%2Fhr-dpa-dist%2Fhelm%2Fnoots-sak-dp-server%2Fdevelop%2Fsak-dpa-ingress.patch.yaml%22%2C%22ref%22%3A%22%22%7D
2025-07-23 11:51:39.668 [info] > git ls-files --stage -- helm/noots-sak-dp-server/develop/sak-dpa-ingress.patch.yaml [1ms]
2025-07-23 11:51:39.669 [warning] [GitFileSystemProvider][stat] File not found - git:/home/dmarkovic/git-projects/publicplan/efa/distributions/DPA/hr-dpa-dist/helm/noots-sak-dp-server/develop/sak-dpa-ingress.patch.yaml.git?%7B%22path%22%3A%22%2Fhome%2Fdmarkovic%2Fgit-projects%2Fpublicplan%2Fefa%2Fdistributions%2FDPA%2Fhr-dpa-dist%2Fhelm%2Fnoots-sak-dp-server%2Fdevelop%2Fsak-dpa-ingress.patch.yaml%22%2C%22ref%22%3A%22%22%7D
2025-07-23 11:51:39.732 [info] > git blame --root --incremental 297e15048cfe1e5edab676a1deb55a8f4607c65f -- helm/noots-sak-dp-server/develop/sak-dpa-ingress.patch.yaml [1ms]
2025-07-23 11:51:39.732 [info] fatal: no such path helm/noots-sak-dp-server/develop/sak-dpa-ingress.patch.yaml in 297e15048cfe1e5edab676a1deb55a8f4607c65f
2025-07-23 11:51:39.954 [info] > git check-ignore -v -z --stdin [1ms]
2025-07-23 11:51:40.499 [info] > git config --get commit.template [5ms]
2025-07-23 11:51:40.499 [info] > git for-each-ref --format=%(refname)%00%(upstream:short)%00%(objectname)%00%(upstream:track)%00%(upstream:remotename)%00%(upstream:remoteref) refs/heads/main refs/remotes/main [0ms]
2025-07-23 11:51:40.511 [info] > git status -z -uall [7ms]
2025-07-23 11:51:40.512 [info] > git for-each-ref --sort -committerdate --format %(refname)%00%(objectname)%00%(*objectname) [2ms]
2025-07-23 11:51:43.139 [info] > git show --textconv :helm/noots-sak-dp-server/develop/ingress.patch.yaml [6ms]
2025-07-23 11:51:43.140 [warning] [GitFileSystemProvider][readFile] File not found - git:/home/dmarkovic/git-projects/publicplan/efa/distributions/DPA/hr-dpa-dist/helm/noots-sak-dp-server/develop/ingress.patch.yaml.git?%7B%22path%22%3A%22%2Fhome%2Fdmarkovic%2Fgit-projects%2Fpublicplan%2Fefa%2Fdistributions%2FDPA%2Fhr-dpa-dist%2Fhelm%2Fnoots-sak-dp-server%2Fdevelop%2Fingress.patch.yaml%22%2C%22ref%22%3A%22%22%7D
2025-07-23 11:51:43.140 [info] > git ls-files --stage -- helm/noots-sak-dp-server/develop/ingress.patch.yaml [1ms]
2025-07-23 11:51:43.140 [warning] [GitFileSystemProvider][stat] File not found - git:/home/dmarkovic/git-projects/publicplan/efa/distributions/DPA/hr-dpa-dist/helm/noots-sak-dp-server/develop/ingress.patch.yaml.git?%7B%22path%22%3A%22%2Fhome%2Fdmarkovic%2Fgit-projects%2Fpublicplan%2Fefa%2Fdistributions%2FDPA%2Fhr-dpa-dist%2Fhelm%2Fnoots-sak-dp-server%2Fdevelop%2Fingress.patch.yaml%22%2C%22ref%22%3A%22%22%7D
2025-07-23 11:51:43.156 [info] > git blame --root --incremental 297e15048cfe1e5edab676a1deb55a8f4607c65f -- helm/noots-sak-dp-server/develop/ingress.patch.yaml [2ms]
2025-07-23 11:51:43.156 [info] fatal: no such path helm/noots-sak-dp-server/develop/ingress.patch.yaml in 297e15048cfe1e5edab676a1deb55a8f4607c65f
2025-07-23 11:51:43.428 [info] > git check-ignore -v -z --stdin [3ms]
2025-07-23 11:51:44.940 [info] > git show --textconv :kustomization/overlays/develop/kustomization.yaml [6ms]
2025-07-23 11:51:44.941 [info] > git ls-files --stage -- kustomization/overlays/develop/kustomization.yaml [1ms]
2025-07-23 11:51:44.948 [info] > git cat-file -s 01ebe49b1332a147b3eea76aa510776c3ec804fd [1ms]
2025-07-23 11:51:45.530 [info] > git config --get commit.template [5ms]
2025-07-23 11:51:45.531 [info] > git for-each-ref --format=%(refname)%00%(upstream:short)%00%(objectname)%00%(upstream:track)%00%(upstream:remotename)%00%(upstream:remoteref) refs/heads/main refs/remotes/main [1ms]
2025-07-23 11:51:45.544 [info] > git status -z -uall [7ms]
2025-07-23 11:51:45.544 [info] > git for-each-ref --sort -committerdate --format %(refname)%00%(objectname)%00%(*objectname) [1ms]
2025-07-23 11:51:50.558 [info] > git config --get commit.template [6ms]
2025-07-23 11:51:50.560 [info] > git for-each-ref --format=%(refname)%00%(upstream:short)%00%(objectname)%00%(upstream:track)%00%(upstream:remotename)%00%(upstream:remoteref) refs/heads/main refs/remotes/main [2ms]
2025-07-23 11:51:50.578 [info] > git status -z -uall [9ms]
2025-07-23 11:51:50.579 [info] > git for-each-ref --sort -committerdate --format %(refname)%00%(objectname)%00%(*objectname) [2ms]
2025-07-23 11:51:52.054 [info] > git show --textconv :helm/noots-sak-dp-server/develop/kustomization.yaml [8ms]
2025-07-23 11:51:52.055 [info] > git ls-files --stage -- helm/noots-sak-dp-server/develop/kustomization.yaml [3ms]
2025-07-23 11:51:52.060 [info] > git cat-file -s 1d83478f5895a842f8efadb710f48d1eccaacdac [1ms]
2025-07-23 11:51:58.392 [info] > git config --get commit.template [1ms]
2025-07-23 11:51:58.405 [info] > git for-each-ref --format=%(refname)%00%(upstream:short)%00%(objectname)%00%(upstream:track)%00%(upstream:remotename)%00%(upstream:remoteref) refs/heads/main refs/remotes/main [2ms]
2025-07-23 11:51:58.425 [info] > git status -z -uall [8ms]
2025-07-23 11:51:58.425 [info] > git for-each-ref --sort -committerdate --format %(refname)%00%(objectname)%00%(*objectname) [1ms]
2025-07-23 11:52:05.118 [info] > git config --get commit.template [5ms]
2025-07-23 11:52:05.119 [info] > git for-each-ref --format=%(refname)%00%(upstream:short)%00%(objectname)%00%(upstream:track)%00%(upstream:remotename)%00%(upstream:remoteref) refs/heads/main refs/remotes/main [1ms]
2025-07-23 11:52:05.134 [info] > git status -z -uall [9ms]
2025-07-23 11:52:05.134 [info] > git for-each-ref --sort -committerdate --format %(refname)%00%(objectname)%00%(*objectname) [1ms]
2025-07-23 11:52:08.723 [info] > git show --textconv :helm/noots-sak-dp-server/develop/kustomization.yaml [7ms]
2025-07-23 11:52:08.724 [info] > git ls-files --stage -- helm/noots-sak-dp-server/develop/kustomization.yaml [2ms]
2025-07-23 11:52:08.731 [info] > git cat-file -s 1d83478f5895a842f8efadb710f48d1eccaacdac [2ms]
2025-07-23 11:52:11.722 [info] > git rev-parse --show-toplevel [3ms]
2025-07-23 11:52:11.722 [info] fatal: not a git repository (or any parent up to mount point /)
Stopping at filesystem boundary (GIT_DISCOVERY_ACROSS_FILESYSTEM not set).
2025-07-23 11:52:11.751 [info] > git rev-parse --show-toplevel [1ms]
2025-07-23 11:52:11.751 [info] fatal: not a git repository (or any parent up to mount point /)
Stopping at filesystem boundary (GIT_DISCOVERY_ACROSS_FILESYSTEM not set).
2025-07-23 11:52:11.790 [info] > git rev-parse --show-toplevel [6ms]
2025-07-23 11:52:11.790 [info] fatal: not a git repository (or any parent up to mount point /)
Stopping at filesystem boundary (GIT_DISCOVERY_ACROSS_FILESYSTEM not set).
2025-07-23 11:52:12.917 [info] > git add -A -- helm/noots-sak-dp-server/develop/kustomization.yaml kustomization/overlays/develop/kustomization.yaml helm/noots-sak-dp-server/develop/ingress.patch.yaml [3ms]
2025-07-23 11:52:12.932 [info] > git config --get commit.template [4ms]
2025-07-23 11:52:12.932 [info] > git for-each-ref --format=%(refname)%00%(upstream:short)%00%(objectname)%00%(upstream:track)%00%(upstream:remotename)%00%(upstream:remoteref) refs/heads/main refs/remotes/main [1ms]
2025-07-23 11:52:12.940 [info] > git status -z -uall [4ms]
2025-07-23 11:52:12.941 [info] > git for-each-ref --sort -committerdate --format %(refname)%00%(objectname)%00%(*objectname) [1ms]
2025-07-23 11:52:13.264 [info] > git show --textconv HEAD:helm/noots-sak-dp-server/develop/kustomization.yaml [8ms]
2025-07-23 11:52:13.264 [info] > git ls-tree -l HEAD -- helm/noots-sak-dp-server/develop/kustomization.yaml [1ms]
2025-07-23 11:52:14.017 [info] > git config --get commit.template [15ms]
2025-07-23 11:52:14.018 [info] > git for-each-ref --format=%(refname)%00%(upstream:short)%00%(objectname)%00%(upstream:track)%00%(upstream:remotename)%00%(upstream:remoteref) refs/heads/main refs/remotes/main [3ms]
2025-07-23 11:52:14.043 [info] > git status -z -uall [14ms]
2025-07-23 11:52:14.044 [info] > git for-each-ref --sort -committerdate --format %(refname)%00%(objectname)%00%(*objectname) [2ms]
2025-07-23 11:52:14.125 [info] > git ls-files --stage -- helm/noots-sak-dp-server/develop/kustomization.yaml [12ms]
2025-07-23 11:52:14.132 [info] > git cat-file -s fb042054788f33e20edc82df439ca87062572670 [1ms]
2025-07-23 11:52:14.133 [info] > git ls-tree -l HEAD -- helm/noots-sak-dp-server/develop/kustomization.yaml [9ms]
2025-07-23 11:52:14.144 [info] > git show --textconv :helm/noots-sak-dp-server/develop/kustomization.yaml [5ms]
2025-07-23 11:52:14.145 [info] > git show --textconv HEAD:helm/noots-sak-dp-server/develop/kustomization.yaml [2ms]
2025-07-23 11:52:26.033 [info] > git show --textconv :helm/noots-sak-dp-server/develop/ingress.patch.yaml [25ms]
2025-07-23 11:52:26.033 [info] > git show --textconv HEAD:helm/noots-sak-dp-server/develop/ingress.patch.yaml [14ms]
2025-07-23 11:52:26.033 [info] > git ls-files --stage -- helm/noots-sak-dp-server/develop/ingress.patch.yaml [6ms]
2025-07-23 11:52:26.040 [warning] [GitFileSystemProvider][readFile] File not found - git:/home/dmarkovic/git-projects/publicplan/efa/distributions/DPA/hr-dpa-dist/helm/noots-sak-dp-server/develop/ingress.patch.yaml.git?%7B%22path%22%3A%22%2Fhome%2Fdmarkovic%2Fgit-projects%2Fpublicplan%2Fefa%2Fdistributions%2FDPA%2Fhr-dpa-dist%2Fhelm%2Fnoots-sak-dp-server%2Fdevelop%2Fingress.patch.yaml%22%2C%22ref%22%3A%22HEAD%22%7D
2025-07-23 11:52:26.043 [info] > git cat-file -s 8b862ec514d01722c4e91c0f9ae75b625008cb51 [4ms]
2025-07-23 11:52:26.043 [info] > git ls-tree -l HEAD -- helm/noots-sak-dp-server/develop/ingress.patch.yaml [11ms]
2025-07-23 11:52:26.044 [warning] [GitFileSystemProvider][stat] File not found - git:/home/dmarkovic/git-projects/publicplan/efa/distributions/DPA/hr-dpa-dist/helm/noots-sak-dp-server/develop/ingress.patch.yaml.git?%7B%22path%22%3A%22%2Fhome%2Fdmarkovic%2Fgit-projects%2Fpublicplan%2Fefa%2Fdistributions%2FDPA%2Fhr-dpa-dist%2Fhelm%2Fnoots-sak-dp-server%2Fdevelop%2Fingress.patch.yaml%22%2C%22ref%22%3A%22HEAD%22%7D
2025-07-23 11:52:31.068 [info] > git show --textconv :helm/noots-sak-dp-server/develop/kustomization.yaml [31ms]
2025-07-23 11:52:31.069 [info] > git show --textconv HEAD:helm/noots-sak-dp-server/develop/kustomization.yaml [23ms]
2025-07-23 11:52:31.069 [info] > git ls-files --stage -- helm/noots-sak-dp-server/develop/kustomization.yaml [12ms]
2025-07-23 11:52:31.077 [info] > git cat-file -s fb042054788f33e20edc82df439ca87062572670 [2ms]
2025-07-23 11:52:31.077 [info] > git ls-tree -l HEAD -- helm/noots-sak-dp-server/develop/kustomization.yaml [10ms]
2025-07-23 11:52:31.953 [info] > git show --textconv HEAD:kustomization/overlays/develop/kustomization.yaml [20ms]
2025-07-23 11:52:31.953 [info] > git show --textconv :kustomization/overlays/develop/kustomization.yaml [12ms]
2025-07-23 11:52:31.954 [info] > git ls-tree -l HEAD -- kustomization/overlays/develop/kustomization.yaml [7ms]
2025-07-23 11:52:31.956 [info] > git ls-files --stage -- kustomization/overlays/develop/kustomization.yaml [3ms]
2025-07-23 11:52:31.962 [info] > git cat-file -s 1ec94a8b637a1dd0343e61a9957e7c92e700621a [2ms]
2025-07-23 11:52:32.324 [info] > git ls-files --stage -- kustomization/overlays/develop/kustomization.yaml [8ms]
2025-07-23 11:52:32.332 [info] > git cat-file -s 1ec94a8b637a1dd0343e61a9957e7c92e700621a [1ms]
2025-07-23 11:52:32.469 [info] > git check-ignore -v -z --stdin [2ms]
2025-07-23 11:52:33.096 [info] > git show --textconv HEAD:helm/noots-sak-dp-server/develop/kustomization.yaml [27ms]
2025-07-23 11:52:33.096 [info] > git show --textconv :helm/noots-sak-dp-server/develop/kustomization.yaml [20ms]
2025-07-23 11:52:33.096 [info] > git ls-files --stage -- helm/noots-sak-dp-server/develop/kustomization.yaml [4ms]
2025-07-23 11:52:33.102 [info] > git ls-tree -l HEAD -- helm/noots-sak-dp-server/develop/kustomization.yaml [19ms]
2025-07-23 11:52:33.104 [info] > git cat-file -s fb042054788f33e20edc82df439ca87062572670 [2ms]
2025-07-23 11:52:33.504 [info] > git ls-files --stage -- helm/noots-sak-dp-server/develop/kustomization.yaml [8ms]
2025-07-23 11:52:33.511 [info] > git cat-file -s fb042054788f33e20edc82df439ca87062572670 [1ms]
2025-07-23 11:52:33.611 [info] > git check-ignore -v -z --stdin [2ms]
2025-07-23 11:52:39.992 [info] > git show --textconv :helm/noots-sak-dp-server/develop/ingress.patch.yaml [6ms]
2025-07-23 11:52:39.994 [info] > git ls-files --stage -- helm/noots-sak-dp-server/develop/ingress.patch.yaml [3ms]
2025-07-23 11:52:40.001 [info] > git cat-file -s 8b862ec514d01722c4e91c0f9ae75b625008cb51 [1ms]
2025-07-23 11:52:40.411 [info] > git ls-files --stage -- helm/noots-sak-dp-server/develop/ingress.patch.yaml [11ms]
2025-07-23 11:52:40.419 [info] > git cat-file -s 8b862ec514d01722c4e91c0f9ae75b625008cb51 [2ms]
2025-07-23 11:52:40.501 [info] > git check-ignore -v -z --stdin [2ms]
2025-07-23 11:52:42.451 [info] > git -c user.useConfigOnly=true commit --quiet --allow-empty-message --file - [5ms]
2025-07-23 11:52:42.457 [info] > git config --get commit.template [1ms]
2025-07-23 11:52:42.473 [info] > git for-each-ref --format=%(refname)%00%(upstream:short)%00%(objectname)%00%(upstream:track)%00%(upstream:remotename)%00%(upstream:remoteref) refs/heads/main refs/remotes/main [2ms]
2025-07-23 11:52:42.473 [info] > git config --get commit.template [9ms]
2025-07-23 11:52:42.491 [info] > git status -z -uall [9ms]
2025-07-23 11:52:42.494 [info] > git for-each-ref --sort -committerdate --format %(refname)%00%(objectname)%00%(*objectname) [4ms]
2025-07-23 11:52:42.511 [info] > git merge-base refs/heads/main refs/remotes/origin/main [4ms]
2025-07-23 11:52:42.518 [info] > git diff --name-status -z --diff-filter=ADMR 297e15048cfe1e5edab676a1deb55a8f4607c65f...refs/remotes/origin/main [1ms]
2025-07-23 11:52:42.551 [info] > git config --get commit.template [1ms]
2025-07-23 11:52:42.559 [info] > git for-each-ref --format=%(refname)%00%(upstream:short)%00%(objectname)%00%(upstream:track)%00%(upstream:remotename)%00%(upstream:remoteref) refs/heads/main refs/remotes/main [2ms]
2025-07-23 11:52:42.571 [info] > git status -z -uall [5ms]
2025-07-23 11:52:42.571 [info] > git for-each-ref --sort -committerdate --format %(refname)%00%(objectname)%00%(*objectname) [1ms]
2025-07-23 11:52:44.237 [info] > git ls-files --stage -- helm/noots-sak-dp-server/develop/ingress.patch.yaml [2ms]
2025-07-23 11:52:44.245 [info] > git cat-file -s 8b862ec514d01722c4e91c0f9ae75b625008cb51 [2ms]
2025-07-23 11:52:44.314 [info] > git show --textconv :helm/noots-sak-dp-server/develop/ingress.patch.yaml [1ms]
2025-07-23 11:52:45.069 [info] > git pull --tags origin main [2078ms]
2025-07-23 11:52:45.070 [info] From gitlab.publicplan.cloud:iac/efa/distributions/dpa/hr-dpa-dist
 * branch            main       -> FETCH_HEAD
   297e150..51d274b  main       -> origin/main
Rebasing (1/1)error: could not apply 6312e8c... fix: add ingress patch to use http port
hint: Resolve all conflicts manually, mark them as resolved with
hint: "git add/rm <conflicted_files>", then run "git rebase --continue".
hint: You can instead skip this commit: run "git rebase --skip".
hint: To abort and get back to the state before "git rebase", run "git rebase --abort".
hint: Disable this message with "git config set advice.mergeConflict false"
Could not apply 6312e8c... # fix: add ingress patch to use http port
2025-07-23 11:52:45.084 [info] > git for-each-ref --format %(refname)%00%(objectname)%00%(*objectname) refs/tags [7ms]
2025-07-23 11:52:45.085 [info] > git show -s --decorate=full --shortstat --format=%H%n%aN%n%aE%n%at%n%ct%n%P%n%D%n%B -z 6312e8c395ed31d4cdcf38cace19cabfe2f1dffe -- [2ms]
2025-07-23 11:52:45.098 [info] > git status -z -uall [6ms]
2025-07-23 11:52:45.100 [info] > git for-each-ref --sort -committerdate --format %(refname)%00%(objectname)%00%(*objectname) [2ms]
2025-07-23 11:52:46.231 [info] > git for-each-ref --format %(refname)%00%(objectname)%00%(*objectname) refs/tags [12ms]
2025-07-23 11:52:46.232 [info] > git show -s --decorate=full --shortstat --format=%H%n%aN%n%aE%n%at%n%ct%n%P%n%D%n%B -z 6312e8c395ed31d4cdcf38cace19cabfe2f1dffe -- [2ms]
2025-07-23 11:52:46.255 [info] > git status -z -uall [12ms]
2025-07-23 11:52:46.256 [info] > git for-each-ref --sort -committerdate --format %(refname)%00%(objectname)%00%(*objectname) [1ms]
2025-07-23 11:52:46.317 [info] > git ls-files --stage -- helm/noots-sak-dp-server/develop/ingress.patch.yaml [1ms]
2025-07-23 11:52:46.326 [info] > git cat-file -s 8b862ec514d01722c4e91c0f9ae75b625008cb51 [2ms]
2025-07-23 11:52:46.340 [info] > git show --textconv :helm/noots-sak-dp-server/develop/ingress.patch.yaml [3ms]
2025-07-23 11:52:51.287 [info] > git show -s --decorate=full --shortstat --format=%H%n%aN%n%aE%n%at%n%ct%n%P%n%D%n%B -z 6312e8c395ed31d4cdcf38cace19cabfe2f1dffe -- [13ms]
2025-07-23 11:52:51.288 [info] > git for-each-ref --format %(refname)%00%(objectname)%00%(*objectname) refs/tags [2ms]
2025-07-23 11:52:51.314 [info] > git status -z -uall [14ms]
2025-07-23 11:52:51.315 [info] > git for-each-ref --sort -committerdate --format %(refname)%00%(objectname)%00%(*objectname) [2ms]
2025-07-23 11:52:54.365 [info] > git show --textconv HEAD:helm/noots-sak-dp-server/develop/kustomization.yaml [18ms]
2025-07-23 11:52:54.365 [info] > git show --textconv :helm/noots-sak-dp-server/develop/kustomization.yaml [13ms]
2025-07-23 11:52:54.365 [info] > git ls-tree -l HEAD -- helm/noots-sak-dp-server/develop/kustomization.yaml [7ms]
2025-07-23 11:52:54.366 [info] > git ls-files --stage -- helm/noots-sak-dp-server/develop/kustomization.yaml [2ms]
2025-07-23 11:52:54.373 [info] > git cat-file -s fb042054788f33e20edc82df439ca87062572670 [1ms]
2025-07-23 11:52:54.399 [info] > git blame --root --incremental 51d274b82311022b1b9c931db13178a5f63bd9f5 -- helm/noots-sak-dp-server/develop/kustomization.yaml [3ms]
2025-07-23 11:52:54.760 [info] > git ls-files --stage -- helm/noots-sak-dp-server/develop/kustomization.yaml [5ms]
2025-07-23 11:52:54.766 [info] > git cat-file -s fb042054788f33e20edc82df439ca87062572670 [1ms]
2025-07-23 11:52:55.210 [info] > git show --textconv :helm/noots-sak-dp-server/develop/ingress.patch.yaml [9ms]
2025-07-23 11:52:55.210 [info] > git ls-files --stage -- helm/noots-sak-dp-server/develop/ingress.patch.yaml [1ms]
2025-07-23 11:52:55.220 [info] > git cat-file -s 8b862ec514d01722c4e91c0f9ae75b625008cb51 [2ms]
2025-07-23 11:52:55.616 [info] > git ls-files --stage -- helm/noots-sak-dp-server/develop/ingress.patch.yaml [8ms]
2025-07-23 11:52:55.622 [info] > git cat-file -s 8b862ec514d01722c4e91c0f9ae75b625008cb51 [1ms]
2025-07-23 11:53:10.353 [info] > git show -s --decorate=full --shortstat --format=%H%n%aN%n%aE%n%at%n%ct%n%P%n%D%n%B -z REBASE_HEAD -- [7ms]
2025-07-23 11:53:10.354 [info] > git show -s --decorate=full --shortstat --format=%H%n%aN%n%aE%n%at%n%ct%n%P%n%D%n%B -z HEAD -- [16ms]
2025-07-23 11:53:10.354 [info] > git diff --name-status -z --diff-filter=ADMR REBASE_HEAD...HEAD [2ms]
2025-07-23 11:53:10.459 [info] > git show --textconv :1:kustomization/overlays/develop/kustomization.yaml [36ms]
2025-07-23 11:53:10.460 [info] > git show --textconv 51d274b82311022b1b9c931db13178a5f63bd9f5:kustomization/overlays/develop/kustomization.yaml [30ms]
2025-07-23 11:53:10.460 [info] > git show --textconv 6312e8c395ed31d4cdcf38cace19cabfe2f1dffe:kustomization/overlays/develop/kustomization.yaml [23ms]
2025-07-23 11:53:10.460 [info] > git ls-tree -l 6312e8c395ed31d4cdcf38cace19cabfe2f1dffe -- kustomization/overlays/develop/kustomization.yaml [3ms]
2025-07-23 11:53:10.460 [info] > git ls-tree -l 51d274b82311022b1b9c931db13178a5f63bd9f5 -- kustomization/overlays/develop/kustomization.yaml [9ms]
2025-07-23 11:53:10.461 [info] > git ls-files --stage -- kustomization/overlays/develop/kustomization.yaml [18ms]
2025-07-23 11:53:10.471 [info] > git cat-file -s 01ebe49b1332a147b3eea76aa510776c3ec804fd [3ms]
2025-07-23 11:53:19.232 [info] > git for-each-ref --format %(refname)%00%(objectname)%00%(*objectname) refs/tags [5ms]
2025-07-23 11:53:19.233 [info] > git show -s --decorate=full --shortstat --format=%H%n%aN%n%aE%n%at%n%ct%n%P%n%D%n%B -z 6312e8c395ed31d4cdcf38cace19cabfe2f1dffe -- [1ms]
2025-07-23 11:53:19.244 [info] > git status -z -uall [6ms]
2025-07-23 11:53:19.246 [info] > git for-each-ref --sort -committerdate --format %(refname)%00%(objectname)%00%(*objectname) [2ms]
2025-07-23 11:53:22.010 [info] > git blame --root --incremental 6312e8c395ed31d4cdcf38cace19cabfe2f1dffe -- kustomization/overlays/develop/kustomization.yaml [5ms]
2025-07-23 11:53:25.097 [info] > git add -A -- kustomization/overlays/develop/kustomization.yaml [2ms]
2025-07-23 11:53:25.112 [info] > git for-each-ref --format %(refname)%00%(objectname)%00%(*objectname) refs/tags [9ms]
2025-07-23 11:53:25.113 [info] > git show -s --decorate=full --shortstat --format=%H%n%aN%n%aE%n%at%n%ct%n%P%n%D%n%B -z 6312e8c395ed31d4cdcf38cace19cabfe2f1dffe -- [3ms]
2025-07-23 11:53:25.126 [info] > git status -z -uall [7ms]
2025-07-23 11:53:25.127 [info] > git for-each-ref --sort -committerdate --format %(refname)%00%(objectname)%00%(*objectname) [2ms]
2025-07-23 11:53:25.487 [info] > git show --textconv :helm/noots-sak-dp-server/develop/kustomization.yaml [26ms]
2025-07-23 11:53:25.487 [info] > git show --textconv HEAD:helm/noots-sak-dp-server/develop/kustomization.yaml [16ms]
2025-07-23 11:53:25.487 [info] > git ls-files --stage -- helm/noots-sak-dp-server/develop/kustomization.yaml [8ms]
2025-07-23 11:53:25.494 [info] > git ls-tree -l HEAD -- helm/noots-sak-dp-server/develop/kustomization.yaml [8ms]
2025-07-23 11:53:25.495 [info] > git cat-file -s fb042054788f33e20edc82df439ca87062572670 [2ms]
2025-07-23 11:53:26.183 [info] > git for-each-ref --format %(refname)%00%(objectname)%00%(*objectname) refs/tags [4ms]
2025-07-23 11:53:26.186 [info] > git show -s --decorate=full --shortstat --format=%H%n%aN%n%aE%n%at%n%ct%n%P%n%D%n%B -z 6312e8c395ed31d4cdcf38cace19cabfe2f1dffe -- [3ms]
2025-07-23 11:53:26.198 [info] > git status -z -uall [6ms]
2025-07-23 11:53:26.198 [info] > git for-each-ref --sort -committerdate --format %(refname)%00%(objectname)%00%(*objectname) [1ms]
2025-07-23 11:53:26.287 [info] > git ls-files --stage -- helm/noots-sak-dp-server/develop/kustomization.yaml [7ms]
2025-07-23 11:53:26.295 [info] > git ls-tree -l HEAD -- helm/noots-sak-dp-server/develop/kustomization.yaml [9ms]
2025-07-23 11:53:26.297 [info] > git cat-file -s fb042054788f33e20edc82df439ca87062572670 [3ms]
2025-07-23 11:53:26.311 [info] > git show --textconv HEAD:helm/noots-sak-dp-server/develop/kustomization.yaml [6ms]
2025-07-23 11:53:26.311 [info] > git show --textconv :helm/noots-sak-dp-server/develop/kustomization.yaml [1ms]
2025-07-23 11:53:27.348 [info] > git rebase --continue [36ms]
2025-07-23 11:53:27.348 [info] Successfully rebased and updated refs/heads/main.
2025-07-23 11:53:27.357 [info] > git config --get commit.template [1ms]
2025-07-23 11:53:27.364 [info] > git config --get commit.template [1ms]
2025-07-23 11:53:27.370 [info] > git for-each-ref --format=%(refname)%00%(upstream:short)%00%(objectname)%00%(upstream:track)%00%(upstream:remotename)%00%(upstream:remoteref) refs/heads/main refs/remotes/main [1ms]
2025-07-23 11:53:27.383 [info] > git status -z -uall [6ms]
2025-07-23 11:53:27.384 [info] > git for-each-ref --sort -committerdate --format %(refname)%00%(objectname)%00%(*objectname) [2ms]
2025-07-23 11:53:27.396 [info] > git blame --root --incremental 8c8de54d310bde022985aa1744d68c4d03d27b5c -- helm/noots-sak-dp-server/develop/kustomization.yaml [5ms]
2025-07-23 11:53:27.397 [info] > git for-each-ref --format=%(refname)%00%(upstream:short)%00%(objectname)%00%(upstream:track)%00%(upstream:remotename)%00%(upstream:remoteref) refs/heads/main refs/remotes/main [1ms]
2025-07-23 11:53:27.402 [info] > git config --get --local branch.main.vscode-merge-base [1ms]
2025-07-23 11:53:27.410 [info] > git for-each-ref --format=%(refname)%00%(upstream:short)%00%(objectname)%00%(upstream:track)%00%(upstream:remotename)%00%(upstream:remoteref) refs/heads/origin/main refs/remotes/origin/main [1ms]
2025-07-23 11:53:27.417 [info] > git merge-base refs/heads/main refs/remotes/origin/main [1ms]
2025-07-23 11:53:27.424 [info] > git diff --name-status -z --diff-filter=ADMR 51d274b82311022b1b9c931db13178a5f63bd9f5...refs/remotes/origin/main [1ms]
2025-07-23 11:53:28.686 [info] > git pull --tags origin main [532ms]
2025-07-23 11:53:28.687 [info] From gitlab.publicplan.cloud:iac/efa/distributions/dpa/hr-dpa-dist
 * branch            main       -> FETCH_HEAD
2025-07-23 11:53:29.791 [info] > git push origin main:main [1091ms]
2025-07-23 11:53:29.791 [info] To gitlab.publicplan.cloud:iac/efa/distributions/dpa/hr-dpa-dist.git
   51d274b..8c8de54  main -> main
2025-07-23 11:53:29.804 [info] > git config --get commit.template [7ms]
2025-07-23 11:53:29.805 [info] > git for-each-ref --format=%(refname)%00%(upstream:short)%00%(objectname)%00%(upstream:track)%00%(upstream:remotename)%00%(upstream:remoteref) refs/heads/main refs/remotes/main [2ms]
2025-07-23 11:53:29.818 [info] > git status -z -uall [7ms]
2025-07-23 11:53:29.818 [info] > git for-each-ref --sort -committerdate --format %(refname)%00%(objectname)%00%(*objectname) [1ms]
2025-07-23 11:53:29.828 [info] > git merge-base refs/heads/main refs/remotes/origin/main [1ms]
2025-07-23 11:53:29.837 [info] > git diff --name-status -z --diff-filter=ADMR 8c8de54d310bde022985aa1744d68c4d03d27b5c...refs/remotes/origin/main [3ms]
2025-07-23 11:53:30.980 [info] > git ls-files --stage -- helm/noots-sak-dp-server/develop/kustomization.yaml [1ms]
2025-07-23 11:53:30.987 [info] > git cat-file -s fb042054788f33e20edc82df439ca87062572670 [1ms]
2025-07-23 11:53:31.037 [info] > git show --textconv :helm/noots-sak-dp-server/develop/kustomization.yaml [2ms]
2025-07-23 11:53:31.227 [info] > git config --get commit.template [14ms]
2025-07-23 11:53:31.228 [info] > git for-each-ref --format=%(refname)%00%(upstream:short)%00%(objectname)%00%(upstream:track)%00%(upstream:remotename)%00%(upstream:remoteref) refs/heads/main refs/remotes/main [2ms]
2025-07-23 11:53:31.245 [info] > git status -z -uall [7ms]
2025-07-23 11:53:31.245 [info] > git for-each-ref --sort -committerdate --format %(refname)%00%(objectname)%00%(*objectname) [1ms]
2025-07-23 11:54:00.499 [info] > git config --get commit.template [9ms]
2025-07-23 11:54:00.500 [info] > git for-each-ref --format=%(refname)%00%(upstream:short)%00%(objectname)%00%(upstream:track)%00%(upstream:remotename)%00%(upstream:remoteref) refs/heads/main refs/remotes/main [2ms]
2025-07-23 11:54:00.512 [info] > git status -z -uall [7ms]
2025-07-23 11:54:00.513 [info] > git for-each-ref --sort -committerdate --format %(refname)%00%(objectname)%00%(*objectname) [1ms]
2025-07-23 11:54:08.315 [info] > git show --textconv :helm/noots-sak-dp-server/develop/ingress.patch.yaml [7ms]
2025-07-23 11:54:08.316 [info] > git ls-files --stage -- helm/noots-sak-dp-server/develop/ingress.patch.yaml [1ms]
2025-07-23 11:54:08.322 [info] > git cat-file -s 8b862ec514d01722c4e91c0f9ae75b625008cb51 [1ms]
2025-07-23 11:54:08.333 [info] > git blame --root --incremental 8c8de54d310bde022985aa1744d68c4d03d27b5c -- helm/noots-sak-dp-server/develop/ingress.patch.yaml [1ms]
2025-07-23 11:55:44.397 [info] > git rev-parse --show-toplevel [2ms]
2025-07-23 11:55:44.410 [info] > git rev-parse --git-dir --git-common-dir [7ms]
2025-07-23 11:55:44.412 [info] [Model][openRepository] Opened repository (path): /home/dmarkovic/git-projects/publicplan/efa/applications/DPA/develop
2025-07-23 11:55:44.412 [info] [Model][openRepository] Opened repository (real path): /home/dmarkovic/git-projects/publicplan/efa/applications/DPA/develop
2025-07-23 11:55:44.427 [info] > git config --get commit.template [7ms]
2025-07-23 11:55:44.450 [info] > git for-each-ref --format=%(refname)%00%(upstream:short)%00%(objectname)%00%(upstream:track)%00%(upstream:remotename)%00%(upstream:remoteref) refs/heads/master refs/remotes/master [24ms]
2025-07-23 11:55:44.469 [info] > git status -z -uall [8ms]
2025-07-23 11:55:44.470 [info] > git for-each-ref --sort -committerdate --format %(refname)%00%(objectname)%00%(*objectname) [2ms]
2025-07-23 11:55:44.496 [info] > git for-each-ref --format=%(refname)%00%(upstream:short)%00%(objectname)%00%(upstream:track)%00%(upstream:remotename)%00%(upstream:remoteref) refs/heads/master refs/remotes/master [16ms]
2025-07-23 11:55:44.509 [info] > git config --get --local branch.master.vscode-merge-base [5ms]
2025-07-23 11:55:44.517 [info] > git config --get commit.template [22ms]
2025-07-23 11:55:44.521 [info] > git for-each-ref --format=%(refname)%00%(upstream:short)%00%(objectname)%00%(upstream:track)%00%(upstream:remotename)%00%(upstream:remoteref) refs/heads/origin/master refs/remotes/origin/master [5ms]
2025-07-23 11:55:44.537 [info] > git merge-base refs/heads/master refs/remotes/origin/master [7ms]
2025-07-23 11:55:44.543 [info] > git for-each-ref --format=%(refname)%00%(upstream:short)%00%(objectname)%00%(upstream:track)%00%(upstream:remotename)%00%(upstream:remoteref) refs/heads/master refs/remotes/master [7ms]
2025-07-23 11:55:44.543 [info] > git diff --name-status -z --diff-filter=ADMR fdb8fa3575707fae9ff5f585903c3e1581e84171...refs/remotes/origin/master [1ms]
2025-07-23 11:55:44.559 [info] > git status -z -uall [8ms]
2025-07-23 11:55:44.559 [info] > git for-each-ref --sort -committerdate --format %(refname)%00%(objectname)%00%(*objectname) [2ms]
2025-07-23 11:55:44.761 [info] > git show --textconv :argo-files/in-cluster/dpa/hr-dpa-application.yaml [14ms]
2025-07-23 11:55:44.762 [info] > git ls-files --stage -- argo-files/in-cluster/dpa/hr-dpa-application.yaml [1ms]
2025-07-23 11:55:44.770 [info] > git cat-file -s ca5f26f4b4a373a10e3e9618ca8afd92f3ba03c3 [2ms]
2025-07-23 11:55:44.784 [info] > git blame --root --incremental fdb8fa3575707fae9ff5f585903c3e1581e84171 -- argo-files/in-cluster/dpa/hr-dpa-application.yaml [3ms]
2025-07-23 11:55:45.035 [info] > git check-ignore -v -z --stdin [12ms]
2025-07-23 11:55:45.035 [info] > git check-ignore -v -z --stdin [2ms]
2025-07-23 11:55:51.088 [info] > git show --textconv :argo-files/in-cluster/dpa/dpa-portal-simulator-application.yaml [8ms]
2025-07-23 11:55:51.089 [info] > git ls-files --stage -- argo-files/in-cluster/dpa/dpa-portal-simulator-application.yaml [2ms]
2025-07-23 11:55:51.096 [info] > git cat-file -s bafbafea4a77a33045a3d39107b1e1ea0bb7cff7 [1ms]
2025-07-23 11:55:53.598 [info] > git show --textconv :argo-files/in-cluster/dpa/hr-dpa-application.yaml [7ms]
2025-07-23 11:55:53.599 [info] > git ls-files --stage -- argo-files/in-cluster/dpa/hr-dpa-application.yaml [2ms]
2025-07-23 11:55:53.606 [info] > git cat-file -s ca5f26f4b4a373a10e3e9618ca8afd92f3ba03c3 [2ms]
2025-07-23 11:55:54.573 [info] > git show --textconv :argo-files/in-cluster/dpa/dpa-portal-simulator-application.yaml [9ms]
2025-07-23 11:55:54.574 [info] > git ls-files --stage -- argo-files/in-cluster/dpa/dpa-portal-simulator-application.yaml [2ms]
2025-07-23 11:55:54.581 [info] > git cat-file -s bafbafea4a77a33045a3d39107b1e1ea0bb7cff7 [1ms]
2025-07-23 11:55:55.796 [info] > git show --textconv :argo-files/in-cluster/dpa/hr-dpa-application.yaml [11ms]
2025-07-23 11:55:55.797 [info] > git ls-files --stage -- argo-files/in-cluster/dpa/hr-dpa-application.yaml [2ms]
2025-07-23 11:55:55.812 [info] > git cat-file -s ca5f26f4b4a373a10e3e9618ca8afd92f3ba03c3 [4ms]
2025-07-23 11:55:56.455 [info] > git show --textconv :argo-files/in-cluster/dpa/dpa-portal-simulator-application.yaml [8ms]
2025-07-23 11:55:56.456 [info] > git ls-files --stage -- argo-files/in-cluster/dpa/dpa-portal-simulator-application.yaml [2ms]
2025-07-23 11:55:56.467 [info] > git cat-file -s bafbafea4a77a33045a3d39107b1e1ea0bb7cff7 [3ms]
2025-07-23 11:55:57.038 [info] > git show --textconv :argo-files/in-cluster/dpa/hr-dpa-application.yaml [8ms]
2025-07-23 11:55:57.039 [info] > git ls-files --stage -- argo-files/in-cluster/dpa/hr-dpa-application.yaml [1ms]
2025-07-23 11:55:57.046 [info] > git cat-file -s ca5f26f4b4a373a10e3e9618ca8afd92f3ba03c3 [1ms]
2025-07-23 11:56:05.256 [info] > git rev-parse --show-toplevel [2ms]
2025-07-23 11:56:05.269 [info] > git rev-parse --git-dir --git-common-dir [8ms]
2025-07-23 11:56:05.272 [info] [Model][openRepository] Opened repository (path): /home/dmarkovic/git-projects/publicplan/efa/applications/DCA/develop
2025-07-23 11:56:05.272 [info] [Model][openRepository] Opened repository (real path): /home/dmarkovic/git-projects/publicplan/efa/applications/DCA/develop
2025-07-23 11:56:05.281 [info] > git config --get commit.template [2ms]
2025-07-23 11:56:05.306 [info] > git for-each-ref --format=%(refname)%00%(upstream:short)%00%(objectname)%00%(upstream:track)%00%(upstream:remotename)%00%(upstream:remoteref) refs/heads/main refs/remotes/main [18ms]
2025-07-23 11:56:05.327 [info] > git status -z -uall [8ms]
2025-07-23 11:56:05.328 [info] > git for-each-ref --sort -committerdate --format %(refname)%00%(objectname)%00%(*objectname) [2ms]
2025-07-23 11:56:05.350 [info] > git for-each-ref --format=%(refname)%00%(upstream:short)%00%(objectname)%00%(upstream:track)%00%(upstream:remotename)%00%(upstream:remoteref) refs/heads/main refs/remotes/main [9ms]
2025-07-23 11:56:05.358 [info] > git config --get --local branch.main.vscode-merge-base [1ms]
2025-07-23 11:56:05.364 [info] > git config --get commit.template [15ms]
2025-07-23 11:56:05.370 [info] > git for-each-ref --format=%(refname)%00%(upstream:short)%00%(objectname)%00%(upstream:track)%00%(upstream:remotename)%00%(upstream:remoteref) refs/heads/origin/main refs/remotes/origin/main [6ms]
2025-07-23 11:56:05.382 [info] > git for-each-ref --format=%(refname)%00%(upstream:short)%00%(objectname)%00%(upstream:track)%00%(upstream:remotename)%00%(upstream:remoteref) refs/heads/main refs/remotes/main [2ms]
2025-07-23 11:56:05.382 [info] > git merge-base refs/heads/main refs/remotes/origin/main [7ms]
2025-07-23 11:56:05.397 [info] > git diff --name-status -z --diff-filter=ADMR 7e419f5b88fbbed912eb06fd272dfd7fcd77239f...refs/remotes/origin/main [10ms]
2025-07-23 11:56:05.397 [info] > git status -z -uall [4ms]
2025-07-23 11:56:05.398 [info] > git for-each-ref --sort -committerdate --format %(refname)%00%(objectname)%00%(*objectname) [2ms]
2025-07-23 11:56:05.617 [info] > git show --textconv :argo-files/in-cluster/dca/dca-backend-maridadb-application.yaml [18ms]
2025-07-23 11:56:05.620 [info] > git ls-files --stage -- argo-files/in-cluster/dca/dca-backend-maridadb-application.yaml [3ms]
2025-07-23 11:56:05.627 [info] > git cat-file -s 15c9fa9cdb75cc7cb21af39aaff8e758ac8de27e [1ms]
2025-07-23 11:56:05.644 [info] > git blame --root --incremental 7e419f5b88fbbed912eb06fd272dfd7fcd77239f -- argo-files/in-cluster/dca/dca-backend-maridadb-application.yaml [1ms]
2025-07-23 11:56:05.876 [info] > git check-ignore -v -z --stdin [23ms]
2025-07-23 11:56:05.876 [info] > git check-ignore -v -z --stdin [14ms]
2025-07-23 11:56:05.877 [info] > git check-ignore -v -z --stdin [4ms]
2025-07-23 11:56:07.097 [info] > git show --textconv :helm/noots-sak-dp-server/develop/ingress.patch.yaml [7ms]
2025-07-23 11:56:07.097 [info] > git ls-files --stage -- helm/noots-sak-dp-server/develop/ingress.patch.yaml [1ms]
2025-07-23 11:56:07.105 [info] > git cat-file -s 8b862ec514d01722c4e91c0f9ae75b625008cb51 [1ms]
2025-07-23 11:56:07.419 [info] > git check-ignore -v -z --stdin [3ms]
2025-07-23 11:56:08.662 [info] > git rev-parse --show-toplevel [2ms]
2025-07-23 11:56:08.668 [info] > git rev-parse --git-dir --git-common-dir [1ms]
2025-07-23 11:56:08.670 [info] [Model][openRepository] Opened repository (path): /home/dmarkovic/git-projects/publicplan/efa/applications/Empfangsclient/develop
2025-07-23 11:56:08.670 [info] [Model][openRepository] Opened repository (real path): /home/dmarkovic/git-projects/publicplan/efa/applications/Empfangsclient/develop
2025-07-23 11:56:08.682 [info] > git config --get commit.template [6ms]
2025-07-23 11:56:08.690 [info] > git for-each-ref --format=%(refname)%00%(upstream:short)%00%(objectname)%00%(upstream:track)%00%(upstream:remotename)%00%(upstream:remoteref) refs/heads/main refs/remotes/main [2ms]
2025-07-23 11:56:08.704 [info] > git status -z -uall [7ms]
2025-07-23 11:56:08.705 [info] > git for-each-ref --sort -committerdate --format %(refname)%00%(objectname)%00%(*objectname) [2ms]
2025-07-23 11:56:08.731 [info] > git for-each-ref --format=%(refname)%00%(upstream:short)%00%(objectname)%00%(upstream:track)%00%(upstream:remotename)%00%(upstream:remoteref) refs/heads/main refs/remotes/main [19ms]
2025-07-23 11:56:08.741 [info] > git config --get --local branch.main.vscode-merge-base [2ms]
2025-07-23 11:56:08.748 [info] > git config --get commit.template [17ms]
2025-07-23 11:56:08.772 [info] > git for-each-ref --format=%(refname)%00%(upstream:short)%00%(objectname)%00%(upstream:track)%00%(upstream:remotename)%00%(upstream:remoteref) refs/heads/origin/main refs/remotes/origin/main [24ms]
2025-07-23 11:56:08.786 [info] > git for-each-ref --format=%(refname)%00%(upstream:short)%00%(objectname)%00%(upstream:track)%00%(upstream:remotename)%00%(upstream:remoteref) refs/heads/main refs/remotes/main [2ms]
2025-07-23 11:56:08.786 [info] > git merge-base refs/heads/main refs/remotes/origin/main [8ms]
2025-07-23 11:56:08.795 [info] > git diff --name-status -z --diff-filter=ADMR a0ddba636f68e1021255d4a0fe5bc8d5d3023463...refs/remotes/origin/main [3ms]
2025-07-23 11:56:08.812 [info] > git status -z -uall [10ms]
2025-07-23 11:56:08.812 [info] > git for-each-ref --sort -committerdate --format %(refname)%00%(objectname)%00%(*objectname) [4ms]
2025-07-23 11:56:08.998 [info] > git show --textconv :argo-files/in-cluster/emfpangsclient/empfangsclient-fitko-application.yaml [6ms]
2025-07-23 11:56:08.999 [info] > git ls-files --stage -- argo-files/in-cluster/emfpangsclient/empfangsclient-fitko-application.yaml [1ms]
2025-07-23 11:56:09.006 [info] > git cat-file -s df95b656f20decb01c6859176bec078de6b96d3e [1ms]
2025-07-23 11:56:09.018 [info] > git blame --root --incremental a0ddba636f68e1021255d4a0fe5bc8d5d3023463 -- argo-files/in-cluster/emfpangsclient/empfangsclient-fitko-application.yaml [3ms]
2025-07-23 11:56:09.299 [info] > git check-ignore -v -z --stdin [36ms]
2025-07-23 11:56:09.299 [info] > git check-ignore -v -z --stdin [25ms]
2025-07-23 11:56:09.299 [info] > git check-ignore -v -z --stdin [15ms]
2025-07-23 11:56:09.299 [info] > git check-ignore -v -z --stdin [7ms]
2025-07-23 11:56:15.319 [info] > git show --textconv :helm/noots-sak-dp-server/develop/ingress.patch.yaml [13ms]
2025-07-23 11:56:15.321 [info] > git ls-files --stage -- helm/noots-sak-dp-server/develop/ingress.patch.yaml [2ms]
2025-07-23 11:56:15.331 [info] > git cat-file -s 8b862ec514d01722c4e91c0f9ae75b625008cb51 [2ms]
2025-07-23 11:56:15.632 [info] > git check-ignore -v -z --stdin [3ms]
2025-07-23 11:56:16.929 [info] > git show --textconv :helm/noots-sak-dp-server/develop/kustomization.yaml [5ms]
2025-07-23 11:56:16.930 [info] > git ls-files --stage -- helm/noots-sak-dp-server/develop/kustomization.yaml [1ms]
2025-07-23 11:56:16.936 [info] > git cat-file -s fb042054788f33e20edc82df439ca87062572670 [1ms]
2025-07-23 11:56:19.295 [info] > git check-ignore -v -z --stdin [2ms]
2025-07-23 11:56:19.895 [info] > git show --textconv :argo-files/in-cluster/dpa/dpa-portal-simulator-application.yaml [7ms]
2025-07-23 11:56:19.895 [info] > git ls-files --stage -- argo-files/in-cluster/dpa/dpa-portal-simulator-application.yaml [1ms]
2025-07-23 11:56:19.902 [info] > git cat-file -s bafbafea4a77a33045a3d39107b1e1ea0bb7cff7 [1ms]
2025-07-23 11:56:20.189 [info] > git check-ignore -v -z --stdin [2ms]
2025-07-23 11:56:20.481 [info] > git show --textconv :argo-files/in-cluster/dpa/hr-dpa-application.yaml [11ms]
2025-07-23 11:56:20.482 [info] > git ls-files --stage -- argo-files/in-cluster/dpa/hr-dpa-application.yaml [2ms]
2025-07-23 11:56:20.490 [info] > git cat-file -s ca5f26f4b4a373a10e3e9618ca8afd92f3ba03c3 [2ms]
2025-07-23 11:56:22.041 [info] > git show --textconv :argo-files/in-cluster/dpa/dpa-portal-simulator-application.yaml [9ms]
2025-07-23 11:56:22.042 [info] > git ls-files --stage -- argo-files/in-cluster/dpa/dpa-portal-simulator-application.yaml [1ms]
2025-07-23 11:56:22.049 [info] > git cat-file -s bafbafea4a77a33045a3d39107b1e1ea0bb7cff7 [1ms]
2025-07-23 11:56:23.139 [info] > git show --textconv :argo-files/in-cluster/dpa/hr-dpa-application.yaml [5ms]
2025-07-23 11:56:23.140 [info] > git ls-files --stage -- argo-files/in-cluster/dpa/hr-dpa-application.yaml [1ms]
2025-07-23 11:56:23.146 [info] > git cat-file -s ca5f26f4b4a373a10e3e9618ca8afd92f3ba03c3 [1ms]
2025-07-23 11:56:24.315 [info] > git show --textconv :argo-files/in-cluster/dpa/dpa-portal-simulator-application.yaml [14ms]
2025-07-23 11:56:24.317 [info] > git ls-files --stage -- argo-files/in-cluster/dpa/dpa-portal-simulator-application.yaml [3ms]
2025-07-23 11:56:24.329 [info] > git cat-file -s bafbafea4a77a33045a3d39107b1e1ea0bb7cff7 [2ms]
2025-07-23 11:56:24.872 [info] > git show --textconv :argo-files/in-cluster/dpa/hr-dpa-application.yaml [6ms]
2025-07-23 11:56:24.873 [info] > git ls-files --stage -- argo-files/in-cluster/dpa/hr-dpa-application.yaml [1ms]
2025-07-23 11:56:24.880 [info] > git cat-file -s ca5f26f4b4a373a10e3e9618ca8afd92f3ba03c3 [1ms]
2025-07-23 11:56:25.458 [info] > git show --textconv :argo-files/in-cluster/dpa/dpa-portal-simulator-application.yaml [7ms]
2025-07-23 11:56:25.459 [info] > git ls-files --stage -- argo-files/in-cluster/dpa/dpa-portal-simulator-application.yaml [1ms]
2025-07-23 11:56:25.464 [info] > git cat-file -s bafbafea4a77a33045a3d39107b1e1ea0bb7cff7 [0ms]
2025-07-23 11:56:25.962 [info] > git show --textconv :argo-files/in-cluster/dpa/hr-dpa-application.yaml [13ms]
2025-07-23 11:56:25.962 [info] > git ls-files --stage -- argo-files/in-cluster/dpa/hr-dpa-application.yaml [1ms]
2025-07-23 11:56:25.971 [info] > git cat-file -s ca5f26f4b4a373a10e3e9618ca8afd92f3ba03c3 [2ms]
2025-07-23 11:56:45.032 [info] > git rev-parse --show-toplevel [8ms]
2025-07-23 11:56:45.039 [info] > git rev-parse --git-dir --git-common-dir [1ms]
2025-07-23 11:56:45.041 [info] [Model][openRepository] Opened repository (path): /home/dmarkovic/git-projects/publicplan/efa/cluster-meta/develop/infrastructure/applications
2025-07-23 11:56:45.041 [info] [Model][openRepository] Opened repository (real path): /home/dmarkovic/git-projects/publicplan/efa/cluster-meta/develop/infrastructure/applications
2025-07-23 11:56:45.050 [info] > git config --get commit.template [1ms]
2025-07-23 11:56:45.082 [info] > git for-each-ref --format=%(refname)%00%(upstream:short)%00%(objectname)%00%(upstream:track)%00%(upstream:remotename)%00%(upstream:remoteref) refs/heads/master refs/remotes/master [24ms]
2025-07-23 11:56:45.105 [info] > git status -z -uall [7ms]
2025-07-23 11:56:45.108 [info] > git for-each-ref --sort -committerdate --format %(refname)%00%(objectname)%00%(*objectname) [4ms]
2025-07-23 11:56:45.124 [info] > git for-each-ref --format=%(refname)%00%(upstream:short)%00%(objectname)%00%(upstream:track)%00%(upstream:remotename)%00%(upstream:remoteref) refs/heads/master refs/remotes/master [6ms]
2025-07-23 11:56:45.134 [info] > git config --get --local branch.master.vscode-merge-base [5ms]
2025-07-23 11:56:45.139 [info] > git config --get commit.template [16ms]
2025-07-23 11:56:45.147 [info] > git for-each-ref --format=%(refname)%00%(upstream:short)%00%(objectname)%00%(upstream:track)%00%(upstream:remotename)%00%(upstream:remoteref) refs/heads/origin/master refs/remotes/origin/master [9ms]
2025-07-23 11:56:45.154 [info] > git for-each-ref --format=%(refname)%00%(upstream:short)%00%(objectname)%00%(upstream:track)%00%(upstream:remotename)%00%(upstream:remoteref) refs/heads/master refs/remotes/master [8ms]
2025-07-23 11:56:45.155 [info] > git merge-base refs/heads/master refs/remotes/origin/master [2ms]
2025-07-23 11:56:45.170 [info] > git status -z -uall [4ms]
2025-07-23 11:56:45.171 [info] > git diff --name-status -z --diff-filter=ADMR 319477949a88ed07941d80f061b24fa7d1644b0f...refs/remotes/origin/master [10ms]
2025-07-23 11:56:45.171 [info] > git for-each-ref --sort -committerdate --format %(refname)%00%(objectname)%00%(*objectname) [1ms]
2025-07-23 11:56:45.373 [info] > git show --textconv :argo-files/projects/efacluster-dpa-project.yaml [6ms]
2025-07-23 11:56:45.387 [info] > git ls-files --stage -- argo-files/projects/efacluster-dpa-project.yaml [15ms]
2025-07-23 11:56:45.395 [info] > git cat-file -s 78e00bdecd1e19fb9e6e6ef19e2bb56baf53e5df [2ms]
2025-07-23 11:56:45.643 [info] > git check-ignore -v -z --stdin [25ms]
2025-07-23 11:56:45.643 [info] > git check-ignore -v -z --stdin [14ms]
2025-07-23 11:56:45.643 [info] > git check-ignore -v -z --stdin [8ms]
2025-07-23 11:56:45.643 [info] > git check-ignore -v -z --stdin [2ms]
2025-07-23 11:56:45.994 [info] > git blame --root --incremental 319477949a88ed07941d80f061b24fa7d1644b0f -- argo-files/projects/efacluster-dpa-project.yaml [2ms]
2025-07-23 11:56:50.544 [info] > git show --textconv :argo-files/projects/efacluster-dca-project.yaml [10ms]
2025-07-23 11:56:50.545 [info] > git ls-files --stage -- argo-files/projects/efacluster-dca-project.yaml [1ms]
2025-07-23 11:56:50.551 [info] > git cat-file -s 53300c23dc21e75c44ed6ec9e56ab5e7cea285a1 [1ms]
2025-07-23 11:56:51.253 [info] > git show --textconv :argo-files/projects/efacluster-dpa-project.yaml [6ms]
2025-07-23 11:56:51.254 [info] > git ls-files --stage -- argo-files/projects/efacluster-dpa-project.yaml [1ms]
2025-07-23 11:56:51.261 [info] > git cat-file -s 78e00bdecd1e19fb9e6e6ef19e2bb56baf53e5df [1ms]
2025-07-23 11:56:51.914 [info] > git show --textconv :argo-files/projects/efacluster-dca-project.yaml [7ms]
2025-07-23 11:56:51.915 [info] > git ls-files --stage -- argo-files/projects/efacluster-dca-project.yaml [1ms]
2025-07-23 11:56:51.921 [info] > git cat-file -s 53300c23dc21e75c44ed6ec9e56ab5e7cea285a1 [1ms]
2025-07-23 11:56:52.617 [info] > git show --textconv :argo-files/projects/efacluster-dpa-project.yaml [9ms]
2025-07-23 11:56:52.619 [info] > git ls-files --stage -- argo-files/projects/efacluster-dpa-project.yaml [1ms]
2025-07-23 11:56:52.634 [info] > git cat-file -s 78e00bdecd1e19fb9e6e6ef19e2bb56baf53e5df [5ms]
2025-07-23 11:56:53.269 [info] > git show --textconv :argo-files/projects/efacluster-dca-project.yaml [8ms]
2025-07-23 11:56:53.270 [info] > git ls-files --stage -- argo-files/projects/efacluster-dca-project.yaml [1ms]
2025-07-23 11:56:53.278 [info] > git cat-file -s 53300c23dc21e75c44ed6ec9e56ab5e7cea285a1 [1ms]
2025-07-23 11:56:53.851 [info] > git show --textconv :argo-files/projects/efacluster-dpa-project.yaml [7ms]
2025-07-23 11:56:53.851 [info] > git ls-files --stage -- argo-files/projects/efacluster-dpa-project.yaml [1ms]
2025-07-23 11:56:53.858 [info] > git cat-file -s 78e00bdecd1e19fb9e6e6ef19e2bb56baf53e5df [1ms]
2025-07-23 11:56:54.448 [info] > git show --textconv :argo-files/projects/efacluster-dca-project.yaml [7ms]
2025-07-23 11:56:54.449 [info] > git ls-files --stage -- argo-files/projects/efacluster-dca-project.yaml [1ms]
2025-07-23 11:56:54.456 [info] > git cat-file -s 53300c23dc21e75c44ed6ec9e56ab5e7cea285a1 [2ms]
2025-07-23 11:56:55.341 [info] > git show --textconv :argo-files/projects/efacluster-dpa-project.yaml [15ms]
2025-07-23 11:56:55.343 [info] > git ls-files --stage -- argo-files/projects/efacluster-dpa-project.yaml [3ms]
2025-07-23 11:56:55.356 [info] > git cat-file -s 78e00bdecd1e19fb9e6e6ef19e2bb56baf53e5df [3ms]
2025-07-23 11:57:16.893 [info] > git show --textconv :argo-files/in-cluster/dpa/hr-dpa-application.yaml [6ms]
2025-07-23 11:57:16.894 [info] > git ls-files --stage -- argo-files/in-cluster/dpa/hr-dpa-application.yaml [2ms]
2025-07-23 11:57:16.902 [info] > git cat-file -s ca5f26f4b4a373a10e3e9618ca8afd92f3ba03c3 [1ms]
2025-07-23 11:57:17.274 [info] > git check-ignore -v -z --stdin [10ms]
2025-07-23 11:57:17.275 [info] > git check-ignore -v -z --stdin [2ms]
2025-07-23 11:57:19.499 [info] > git show --textconv :argo-files/projects/efacluster-dpa-project.yaml [19ms]
2025-07-23 11:57:19.501 [info] > git ls-files --stage -- argo-files/projects/efacluster-dpa-project.yaml [4ms]
2025-07-23 11:57:19.520 [info] > git cat-file -s 78e00bdecd1e19fb9e6e6ef19e2bb56baf53e5df [2ms]
2025-07-23 11:57:24.408 [info] > git show --textconv :argo-files/projects/efacluster-edap-project.yaml [10ms]
2025-07-23 11:57:24.409 [info] > git ls-files --stage -- argo-files/projects/efacluster-edap-project.yaml [1ms]
2025-07-23 11:57:24.416 [info] > git cat-file -s 1f0e2b570e1fa4e250f076a9769f254cb7289c88 [1ms]
2025-07-23 11:57:25.488 [info] > git show --textconv :argo-files/projects/efacluster-dpa-project.yaml [8ms]
2025-07-23 11:57:25.489 [info] > git ls-files --stage -- argo-files/projects/efacluster-dpa-project.yaml [1ms]
2025-07-23 11:57:25.495 [info] > git cat-file -s 78e00bdecd1e19fb9e6e6ef19e2bb56baf53e5df [1ms]
2025-07-23 11:57:27.632 [info] > git show --textconv :argo-files/projects/efacluster-empfangsclient-plus-project.yaml [11ms]
2025-07-23 11:57:27.633 [info] > git ls-files --stage -- argo-files/projects/efacluster-empfangsclient-plus-project.yaml [2ms]
2025-07-23 11:57:27.641 [info] > git cat-file -s a491e91096d80e1632f91626a274d595544774e4 [1ms]
2025-07-23 11:57:30.777 [info] > git show --textconv :argo-files/projects/efacluster-dpa-project.yaml [5ms]
2025-07-23 11:57:30.778 [info] > git ls-files --stage -- argo-files/projects/efacluster-dpa-project.yaml [1ms]
2025-07-23 11:57:30.790 [info] > git cat-file -s 78e00bdecd1e19fb9e6e6ef19e2bb56baf53e5df [3ms]
2025-07-23 11:57:31.262 [info] > git show --textconv :argo-files/projects/efacluster-empfangsclient-plus-project.yaml [6ms]
2025-07-23 11:57:31.262 [info] > git ls-files --stage -- argo-files/projects/efacluster-empfangsclient-plus-project.yaml [1ms]
2025-07-23 11:57:31.269 [info] > git cat-file -s a491e91096d80e1632f91626a274d595544774e4 [1ms]
2025-07-23 11:57:31.799 [info] > git show --textconv :argo-files/projects/efacluster-dpa-project.yaml [8ms]
2025-07-23 11:57:31.801 [info] > git ls-files --stage -- argo-files/projects/efacluster-dpa-project.yaml [2ms]
2025-07-23 11:57:31.810 [info] > git cat-file -s 78e00bdecd1e19fb9e6e6ef19e2bb56baf53e5df [1ms]
2025-07-23 11:57:32.473 [info] > git show --textconv :argo-files/projects/efacluster-empfangsclient-plus-project.yaml [11ms]
2025-07-23 11:57:32.473 [info] > git ls-files --stage -- argo-files/projects/efacluster-empfangsclient-plus-project.yaml [1ms]
2025-07-23 11:57:32.483 [info] > git cat-file -s a491e91096d80e1632f91626a274d595544774e4 [2ms]
2025-07-23 11:57:33.707 [info] > git show --textconv :argo-files/projects/efacluster-dpa-project.yaml [15ms]
2025-07-23 11:57:33.710 [info] > git ls-files --stage -- argo-files/projects/efacluster-dpa-project.yaml [4ms]
2025-07-23 11:57:33.718 [info] > git cat-file -s 78e00bdecd1e19fb9e6e6ef19e2bb56baf53e5df [2ms]
2025-07-23 11:57:34.599 [info] > git show --textconv :argo-files/projects/efacluster-empfangsclient-plus-project.yaml [6ms]
2025-07-23 11:57:34.600 [info] > git ls-files --stage -- argo-files/projects/efacluster-empfangsclient-plus-project.yaml [1ms]
2025-07-23 11:57:34.607 [info] > git cat-file -s a491e91096d80e1632f91626a274d595544774e4 [1ms]
2025-07-23 11:57:37.067 [info] > git show --textconv :argo-files/projects/efacluster-dpa-project.yaml [6ms]
2025-07-23 11:57:37.069 [info] > git ls-files --stage -- argo-files/projects/efacluster-dpa-project.yaml [2ms]
2025-07-23 11:57:37.079 [info] > git cat-file -s 78e00bdecd1e19fb9e6e6ef19e2bb56baf53e5df [2ms]
2025-07-23 11:57:43.588 [info] > git show --textconv :argo-files/projects/efacluster-empfangsclient-plus-project.yaml [5ms]
2025-07-23 11:57:43.589 [info] > git ls-files --stage -- argo-files/projects/efacluster-empfangsclient-plus-project.yaml [1ms]
2025-07-23 11:57:43.594 [info] > git cat-file -s a491e91096d80e1632f91626a274d595544774e4 [1ms]
2025-07-23 11:57:47.520 [info] > git show --textconv :argo-files/projects/efacluster-empfangsclient-project.yaml [7ms]
2025-07-23 11:57:47.521 [info] > git ls-files --stage -- argo-files/projects/efacluster-empfangsclient-project.yaml [2ms]
2025-07-23 11:57:47.529 [info] > git cat-file -s c2c94201453065005591e3e65feef9463267ae31 [2ms]
2025-07-23 11:57:49.900 [info] > git show --textconv :argo-files/projects/efacluster-dpa-project.yaml [9ms]
2025-07-23 11:57:49.900 [info] > git ls-files --stage -- argo-files/projects/efacluster-dpa-project.yaml [1ms]
2025-07-23 11:57:49.911 [info] > git cat-file -s 78e00bdecd1e19fb9e6e6ef19e2bb56baf53e5df [2ms]
2025-07-23 11:57:50.349 [info] > git show --textconv :argo-files/projects/efacluster-empfangsclient-project.yaml [5ms]
2025-07-23 11:57:50.349 [info] > git ls-files --stage -- argo-files/projects/efacluster-empfangsclient-project.yaml [1ms]
2025-07-23 11:57:50.357 [info] > git cat-file -s c2c94201453065005591e3e65feef9463267ae31 [2ms]
2025-07-23 11:57:50.879 [info] > git show --textconv :argo-files/projects/efacluster-dpa-project.yaml [5ms]
2025-07-23 11:57:50.880 [info] > git ls-files --stage -- argo-files/projects/efacluster-dpa-project.yaml [1ms]
2025-07-23 11:57:50.888 [info] > git cat-file -s 78e00bdecd1e19fb9e6e6ef19e2bb56baf53e5df [2ms]
2025-07-23 11:57:52.872 [info] > git show --textconv :argo-files/projects/efacluster-empfangsclient-project.yaml [5ms]
2025-07-23 11:57:52.873 [info] > git ls-files --stage -- argo-files/projects/efacluster-empfangsclient-project.yaml [1ms]
2025-07-23 11:57:52.878 [info] > git cat-file -s c2c94201453065005591e3e65feef9463267ae31 [1ms]
2025-07-23 11:57:53.926 [info] > git show --textconv :argo-files/projects/efacluster-dpa-project.yaml [8ms]
2025-07-23 11:57:53.928 [info] > git ls-files --stage -- argo-files/projects/efacluster-dpa-project.yaml [2ms]
2025-07-23 11:57:53.937 [info] > git cat-file -s 78e00bdecd1e19fb9e6e6ef19e2bb56baf53e5df [1ms]
2025-07-23 11:57:55.162 [info] > git show --textconv :argo-files/projects/efacluster-empfangsclient-project.yaml [8ms]
2025-07-23 11:57:55.163 [info] > git ls-files --stage -- argo-files/projects/efacluster-empfangsclient-project.yaml [2ms]
2025-07-23 11:57:55.175 [info] > git cat-file -s c2c94201453065005591e3e65feef9463267ae31 [4ms]
2025-07-23 11:57:55.537 [info] > git blame --root --incremental 319477949a88ed07941d80f061b24fa7d1644b0f -- argo-files/projects/efacluster-empfangsclient-project.yaml [10ms]
2025-07-23 11:57:57.297 [info] > git show --textconv :argo-files/projects/efacluster-dpa-project.yaml [7ms]
2025-07-23 11:57:57.297 [info] > git ls-files --stage -- argo-files/projects/efacluster-dpa-project.yaml [1ms]
2025-07-23 11:57:57.305 [info] > git cat-file -s 78e00bdecd1e19fb9e6e6ef19e2bb56baf53e5df [2ms]
2025-07-23 11:57:57.758 [info] > git show --textconv :argo-files/projects/efacluster-empfangsclient-project.yaml [7ms]
2025-07-23 11:57:57.759 [info] > git ls-files --stage -- argo-files/projects/efacluster-empfangsclient-project.yaml [2ms]
2025-07-23 11:57:57.765 [info] > git cat-file -s c2c94201453065005591e3e65feef9463267ae31 [1ms]
2025-07-23 11:57:58.829 [info] > git show --textconv :argo-files/projects/efacluster-dpa-project.yaml [7ms]
2025-07-23 11:57:58.830 [info] > git ls-files --stage -- argo-files/projects/efacluster-dpa-project.yaml [2ms]
2025-07-23 11:57:58.838 [info] > git cat-file -s 78e00bdecd1e19fb9e6e6ef19e2bb56baf53e5df [1ms]
2025-07-23 11:57:59.643 [info] > git show --textconv :argo-files/projects/efacluster-empfangsclient-project.yaml [12ms]
2025-07-23 11:57:59.644 [info] > git ls-files --stage -- argo-files/projects/efacluster-empfangsclient-project.yaml [2ms]
2025-07-23 11:57:59.654 [info] > git cat-file -s c2c94201453065005591e3e65feef9463267ae31 [3ms]
2025-07-23 11:58:02.684 [info] > git show --textconv :argo-files/projects/efacluster-dpa-project.yaml [16ms]
2025-07-23 11:58:02.685 [info] > git ls-files --stage -- argo-files/projects/efacluster-dpa-project.yaml [1ms]
2025-07-23 11:58:02.694 [info] > git cat-file -s 78e00bdecd1e19fb9e6e6ef19e2bb56baf53e5df [2ms]
2025-07-23 11:58:03.779 [info] > git show --textconv :argo-files/projects/efacluster-empfangsclient-project.yaml [7ms]
2025-07-23 11:58:03.779 [info] > git ls-files --stage -- argo-files/projects/efacluster-empfangsclient-project.yaml [1ms]
2025-07-23 11:58:03.787 [info] > git cat-file -s c2c94201453065005591e3e65feef9463267ae31 [2ms]
2025-07-23 11:58:05.036 [info] > git show --textconv :argo-files/projects/efacluster-dpa-project.yaml [6ms]
2025-07-23 11:58:05.037 [info] > git ls-files --stage -- argo-files/projects/efacluster-dpa-project.yaml [1ms]
2025-07-23 11:58:05.045 [info] > git cat-file -s 78e00bdecd1e19fb9e6e6ef19e2bb56baf53e5df [2ms]
2025-07-23 11:58:06.244 [info] > git show --textconv :argo-files/projects/efacluster-empfangsclient-project.yaml [8ms]
2025-07-23 11:58:06.244 [info] > git ls-files --stage -- argo-files/projects/efacluster-empfangsclient-project.yaml [1ms]
2025-07-23 11:58:06.252 [info] > git cat-file -s c2c94201453065005591e3e65feef9463267ae31 [2ms]
2025-07-23 11:58:06.923 [info] > git show --textconv :argo-files/projects/efacluster-dpa-project.yaml [6ms]
2025-07-23 11:58:06.923 [info] > git ls-files --stage -- argo-files/projects/efacluster-dpa-project.yaml [1ms]
2025-07-23 11:58:06.932 [info] > git cat-file -s 78e00bdecd1e19fb9e6e6ef19e2bb56baf53e5df [2ms]
2025-07-23 11:58:07.620 [info] > git show --textconv :argo-files/projects/efacluster-empfangsclient-project.yaml [11ms]
2025-07-23 11:58:07.622 [info] > git ls-files --stage -- argo-files/projects/efacluster-empfangsclient-project.yaml [2ms]
2025-07-23 11:58:07.632 [info] > git cat-file -s c2c94201453065005591e3e65feef9463267ae31 [2ms]
2025-07-23 11:58:09.244 [info] > git show --textconv :argo-files/projects/efacluster-dpa-project.yaml [7ms]
2025-07-23 11:58:09.245 [info] > git ls-files --stage -- argo-files/projects/efacluster-dpa-project.yaml [2ms]
2025-07-23 11:58:09.251 [info] > git cat-file -s 78e00bdecd1e19fb9e6e6ef19e2bb56baf53e5df [1ms]
2025-07-23 11:58:10.387 [info] > git show --textconv :argo-files/projects/efacluster-empfangsclient-project.yaml [8ms]
2025-07-23 11:58:10.387 [info] > git ls-files --stage -- argo-files/projects/efacluster-empfangsclient-project.yaml [1ms]
2025-07-23 11:58:10.394 [info] > git cat-file -s c2c94201453065005591e3e65feef9463267ae31 [1ms]
2025-07-23 11:58:12.641 [info] > git show --textconv :argo-files/projects/efacluster-dpa-project.yaml [7ms]
2025-07-23 11:58:12.641 [info] > git ls-files --stage -- argo-files/projects/efacluster-dpa-project.yaml [1ms]
2025-07-23 11:58:12.650 [info] > git cat-file -s 78e00bdecd1e19fb9e6e6ef19e2bb56baf53e5df [2ms]
2025-07-23 11:58:14.114 [info] > git show --textconv :argo-files/projects/efacluster-empfangsclient-project.yaml [7ms]
2025-07-23 11:58:14.115 [info] > git ls-files --stage -- argo-files/projects/efacluster-empfangsclient-project.yaml [1ms]
2025-07-23 11:58:14.121 [info] > git cat-file -s c2c94201453065005591e3e65feef9463267ae31 [2ms]
2025-07-23 11:58:20.917 [info] > git show --textconv :argo-files/projects/efacluster-dpa-project.yaml [10ms]
2025-07-23 11:58:20.918 [info] > git ls-files --stage -- argo-files/projects/efacluster-dpa-project.yaml [1ms]
2025-07-23 11:58:20.925 [info] > git cat-file -s 78e00bdecd1e19fb9e6e6ef19e2bb56baf53e5df [2ms]
2025-07-23 12:02:52.593 [info] > git check-ignore -v -z --stdin [3ms]
2025-07-23 12:02:57.167 [info] > git check-ignore -v -z --stdin [3ms]
2025-07-23 12:02:58.261 [info] > git check-ignore -v -z --stdin [16ms]
2025-07-23 12:02:58.262 [info] > git check-ignore -v -z --stdin [4ms]
2025-07-23 12:02:59.748 [info] > git show --textconv :helm/noots-sak-dp-server/develop/values.yaml [18ms]
2025-07-23 12:02:59.750 [info] > git ls-files --stage -- helm/noots-sak-dp-server/develop/values.yaml [5ms]
2025-07-23 12:02:59.768 [info] > git cat-file -s dd36ccc91b37d61b0f38d7d6e97a805ab48c48a9 [3ms]
2025-07-23 12:02:59.795 [info] > git blame --root --incremental 8c8de54d310bde022985aa1744d68c4d03d27b5c -- helm/noots-sak-dp-server/develop/values.yaml [5ms]
2025-07-23 12:03:00.016 [info] > git check-ignore -v -z --stdin [1ms]
2025-07-23 12:08:38.248 [info] > git show --textconv :helm/noots-sak-dp-server/develop/ingress.patch.yaml [9ms]
2025-07-23 12:08:38.249 [info] > git ls-files --stage -- helm/noots-sak-dp-server/develop/ingress.patch.yaml [1ms]
2025-07-23 12:08:38.256 [info] > git cat-file -s 8b862ec514d01722c4e91c0f9ae75b625008cb51 [1ms]
2025-07-23 12:08:40.895 [info] > git show --textconv :helm/noots-sak-dp-server/develop/values.yaml [7ms]
2025-07-23 12:08:40.895 [info] > git ls-files --stage -- helm/noots-sak-dp-server/develop/values.yaml [1ms]
2025-07-23 12:08:40.900 [info] > git cat-file -s dd36ccc91b37d61b0f38d7d6e97a805ab48c48a9 [0ms]
2025-07-23 12:08:41.210 [info] > git check-ignore -v -z --stdin [2ms]
2025-07-23 12:08:41.671 [info] > git show --textconv :helm/noots-sak-dp-server/develop/kustomization.yaml [6ms]
2025-07-23 12:08:41.671 [info] > git ls-files --stage -- helm/noots-sak-dp-server/develop/kustomization.yaml [1ms]
2025-07-23 12:08:41.680 [info] > git cat-file -s fb042054788f33e20edc82df439ca87062572670 [2ms]
2025-07-23 12:08:41.730 [info] > git config --get commit.template [7ms]
2025-07-23 12:08:41.730 [info] > git for-each-ref --format=%(refname)%00%(upstream:short)%00%(objectname)%00%(upstream:track)%00%(upstream:remotename)%00%(upstream:remoteref) refs/heads/main refs/remotes/main [1ms]
2025-07-23 12:08:41.742 [info] > git status -z -uall [6ms]
2025-07-23 12:08:41.744 [info] > git for-each-ref --sort -committerdate --format %(refname)%00%(objectname)%00%(*objectname) [3ms]
2025-07-23 12:08:46.764 [info] > git config --get commit.template [2ms]
2025-07-23 12:08:46.770 [info] > git for-each-ref --format=%(refname)%00%(upstream:short)%00%(objectname)%00%(upstream:track)%00%(upstream:remotename)%00%(upstream:remoteref) refs/heads/main refs/remotes/main [1ms]
2025-07-23 12:08:46.783 [info] > git status -z -uall [7ms]
2025-07-23 12:08:46.784 [info] > git for-each-ref --sort -committerdate --format %(refname)%00%(objectname)%00%(*objectname) [2ms]
2025-07-23 12:08:51.161 [info] > git rev-parse --show-toplevel [4ms]
2025-07-23 12:08:51.161 [info] fatal: not a git repository (or any parent up to mount point /)
Stopping at filesystem boundary (GIT_DISCOVERY_ACROSS_FILESYSTEM not set).
2025-07-23 12:08:51.202 [info] > git rev-parse --show-toplevel [6ms]
2025-07-23 12:08:51.202 [info] fatal: not a git repository (or any parent up to mount point /)
Stopping at filesystem boundary (GIT_DISCOVERY_ACROSS_FILESYSTEM not set).
2025-07-23 12:08:51.241 [info] > git rev-parse --show-toplevel [2ms]
2025-07-23 12:08:51.241 [info] fatal: not a git repository (or any parent up to mount point /)
Stopping at filesystem boundary (GIT_DISCOVERY_ACROSS_FILESYSTEM not set).
2025-07-23 12:08:51.280 [info] > git rev-parse --show-toplevel [3ms]
2025-07-23 12:08:51.280 [info] fatal: not a git repository (or any parent up to mount point /)
Stopping at filesystem boundary (GIT_DISCOVERY_ACROSS_FILESYSTEM not set).
2025-07-23 12:08:52.917 [info] > git add -A -- helm/noots-sak-dp-server/develop/ingress.patch.yaml helm/noots-sak-dp-server/develop/kustomization.yaml [2ms]
2025-07-23 12:08:52.925 [info] > git config --get commit.template [1ms]
2025-07-23 12:08:52.932 [info] > git for-each-ref --format=%(refname)%00%(upstream:short)%00%(objectname)%00%(upstream:track)%00%(upstream:remotename)%00%(upstream:remoteref) refs/heads/main refs/remotes/main [1ms]
2025-07-23 12:08:52.942 [info] > git status -z -uall [5ms]
2025-07-23 12:08:52.942 [info] > git for-each-ref --sort -committerdate --format %(refname)%00%(objectname)%00%(*objectname) [1ms]
2025-07-23 12:08:53.264 [info] > git show --textconv HEAD:helm/noots-sak-dp-server/develop/kustomization.yaml [7ms]
2025-07-23 12:08:53.265 [info] > git ls-tree -l HEAD -- helm/noots-sak-dp-server/develop/kustomization.yaml [1ms]
2025-07-23 12:08:54.019 [info] > git config --get commit.template [13ms]
2025-07-23 12:08:54.021 [info] > git for-each-ref --format=%(refname)%00%(upstream:short)%00%(objectname)%00%(upstream:track)%00%(upstream:remotename)%00%(upstream:remoteref) refs/heads/main refs/remotes/main [3ms]
2025-07-23 12:08:54.041 [info] > git status -z -uall [10ms]
2025-07-23 12:08:54.042 [info] > git for-each-ref --sort -committerdate --format %(refname)%00%(objectname)%00%(*objectname) [2ms]
2025-07-23 12:08:54.121 [info] > git ls-files --stage -- helm/noots-sak-dp-server/develop/kustomization.yaml [9ms]
2025-07-23 12:08:54.126 [info] > git ls-tree -l HEAD -- helm/noots-sak-dp-server/develop/kustomization.yaml [6ms]
2025-07-23 12:08:54.127 [info] > git cat-file -s d00bfb04c18a04372520f832b56918a395852d4c [1ms]
2025-07-23 12:08:54.142 [info] > git show --textconv HEAD:helm/noots-sak-dp-server/develop/kustomization.yaml [6ms]
2025-07-23 12:08:54.143 [info] > git show --textconv :helm/noots-sak-dp-server/develop/kustomization.yaml [1ms]
2025-07-23 12:08:59.057 [info] > git config --get commit.template [7ms]
2025-07-23 12:08:59.057 [info] > git for-each-ref --format=%(refname)%00%(upstream:short)%00%(objectname)%00%(upstream:track)%00%(upstream:remotename)%00%(upstream:remoteref) refs/heads/main refs/remotes/main [1ms]
2025-07-23 12:08:59.068 [info] > git status -z -uall [5ms]
2025-07-23 12:08:59.069 [info] > git for-each-ref --sort -committerdate --format %(refname)%00%(objectname)%00%(*objectname) [1ms]
2025-07-23 12:08:59.556 [info] > git -c user.useConfigOnly=true commit --quiet --allow-empty-message --file - [5ms]
2025-07-23 12:08:59.563 [info] > git config --get commit.template [1ms]
2025-07-23 12:08:59.577 [info] > git config --get commit.template [6ms]
2025-07-23 12:08:59.578 [info] > git for-each-ref --format=%(refname)%00%(upstream:short)%00%(objectname)%00%(upstream:track)%00%(upstream:remotename)%00%(upstream:remoteref) refs/heads/main refs/remotes/main [1ms]
2025-07-23 12:08:59.592 [info] > git status -z -uall [8ms]
2025-07-23 12:08:59.594 [info] > git for-each-ref --sort -committerdate --format %(refname)%00%(objectname)%00%(*objectname) [3ms]
2025-07-23 12:08:59.611 [info] > git merge-base refs/heads/main refs/remotes/origin/main [3ms]
2025-07-23 12:08:59.618 [info] > git blame --root --incremental f992bab773a956ccca3af15f1d53c0aa34d54613 -- helm/noots-sak-dp-server/develop/kustomization.yaml [16ms]
2025-07-23 12:08:59.619 [info] > git diff --name-status -z --diff-filter=ADMR 8c8de54d310bde022985aa1744d68c4d03d27b5c...refs/remotes/origin/main [1ms]
2025-07-23 12:08:59.640 [info] > git config --get commit.template [2ms]
2025-07-23 12:08:59.648 [info] > git for-each-ref --format=%(refname)%00%(upstream:short)%00%(objectname)%00%(upstream:track)%00%(upstream:remotename)%00%(upstream:remoteref) refs/heads/main refs/remotes/main [1ms]
2025-07-23 12:08:59.664 [info] > git status -z -uall [8ms]
2025-07-23 12:08:59.665 [info] > git for-each-ref --sort -committerdate --format %(refname)%00%(objectname)%00%(*objectname) [1ms]
2025-07-23 12:09:00.417 [info] > git pull --tags origin main [520ms]
2025-07-23 12:09:00.417 [info] From gitlab.publicplan.cloud:iac/efa/distributions/dpa/hr-dpa-dist
 * branch            main       -> FETCH_HEAD
2025-07-23 12:09:01.506 [info] > git push origin main:main [1078ms]
2025-07-23 12:09:01.507 [info] To gitlab.publicplan.cloud:iac/efa/distributions/dpa/hr-dpa-dist.git
   8c8de54..f992bab  main -> main
2025-07-23 12:09:01.531 [info] > git config --get commit.template [10ms]
2025-07-23 12:09:01.531 [info] > git for-each-ref --format=%(refname)%00%(upstream:short)%00%(objectname)%00%(upstream:track)%00%(upstream:remotename)%00%(upstream:remoteref) refs/heads/main refs/remotes/main [1ms]
2025-07-23 12:09:01.543 [info] > git status -z -uall [5ms]
2025-07-23 12:09:01.544 [info] > git for-each-ref --sort -committerdate --format %(refname)%00%(objectname)%00%(*objectname) [1ms]
2025-07-23 12:09:01.553 [info] > git merge-base refs/heads/main refs/remotes/origin/main [1ms]
2025-07-23 12:09:01.560 [info] > git diff --name-status -z --diff-filter=ADMR f992bab773a956ccca3af15f1d53c0aa34d54613...refs/remotes/origin/main [1ms]
2025-07-23 12:09:39.777 [info] > git config --get commit.template [17ms]
2025-07-23 12:09:39.788 [info] > git ls-files --stage -- helm/noots-sak-dp-server/develop/kustomization.yaml [12ms]
2025-07-23 12:09:39.794 [info] > git for-each-ref --format=%(refname)%00%(upstream:short)%00%(objectname)%00%(upstream:track)%00%(upstream:remotename)%00%(upstream:remoteref) refs/heads/main refs/remotes/main [7ms]
2025-07-23 12:09:39.795 [info] > git cat-file -s d00bfb04c18a04372520f832b56918a395852d4c [1ms]
2025-07-23 12:09:39.812 [info] > git status -z -uall [11ms]
2025-07-23 12:09:39.812 [info] > git for-each-ref --sort -committerdate --format %(refname)%00%(objectname)%00%(*objectname) [5ms]
2025-07-23 12:09:39.813 [info] > git show --textconv :helm/noots-sak-dp-server/develop/kustomization.yaml [2ms]
2025-07-23 12:09:51.334 [info] > git show --textconv :helm/noots-sak-dp-server/develop/values.yaml [7ms]
2025-07-23 12:09:51.334 [info] > git ls-files --stage -- helm/noots-sak-dp-server/develop/values.yaml [0ms]
2025-07-23 12:09:51.341 [info] > git cat-file -s dd36ccc91b37d61b0f38d7d6e97a805ab48c48a9 [1ms]
2025-07-23 12:09:51.363 [info] > git blame --root --incremental f992bab773a956ccca3af15f1d53c0aa34d54613 -- helm/noots-sak-dp-server/develop/values.yaml [8ms]
2025-07-23 12:41:58.332 [info] > git check-ignore -v -z --stdin [1ms]
2025-07-23 12:42:00.626 [info] > git show --textconv :helm/noots-sak-dp-server/develop/values.yaml [9ms]
2025-07-23 12:42:00.627 [info] > git ls-files --stage -- helm/noots-sak-dp-server/develop/values.yaml [1ms]
2025-07-23 12:42:00.635 [info] > git cat-file -s dd36ccc91b37d61b0f38d7d6e97a805ab48c48a9 [1ms]
2025-07-23 12:42:02.517 [info] > git show --textconv :helm/noots-sak-dp-server/develop/resources/ca.crt [7ms]
2025-07-23 12:42:02.518 [info] > git ls-files --stage -- helm/noots-sak-dp-server/develop/resources/ca.crt [1ms]
2025-07-23 12:42:02.526 [info] > git cat-file -s db4032b3ad14f2dc287721ff6eee87c7f1aca9ae [2ms]
2025-07-23 12:42:09.068 [info] > git blame --root --incremental f992bab773a956ccca3af15f1d53c0aa34d54613 -- helm/noots-sak-dp-server/develop/resources/ca.crt [6ms]
2025-07-23 12:42:15.539 [info] > git show --textconv :helm/noots-sak-dp-server/develop/values.yaml [6ms]
2025-07-23 12:42:15.539 [info] > git ls-files --stage -- helm/noots-sak-dp-server/develop/values.yaml [1ms]
2025-07-23 12:42:15.545 [info] > git cat-file -s dd36ccc91b37d61b0f38d7d6e97a805ab48c48a9 [1ms]
2025-07-23 12:42:16.805 [info] > git show --textconv :helm/noots-sak-dp-server/develop/resources/.dockerconfigjson [9ms]
2025-07-23 12:42:16.806 [info] > git ls-files --stage -- helm/noots-sak-dp-server/develop/resources/.dockerconfigjson [1ms]
2025-07-23 12:42:16.815 [info] > git cat-file -s 73069a11fdba9982dc4374e9b2560b721184c723 [1ms]
2025-07-23 12:42:17.995 [info] > git show --textconv :helm/noots-sak-dp-server/develop/values.yaml [15ms]
2025-07-23 12:42:17.995 [info] > git ls-files --stage -- helm/noots-sak-dp-server/develop/values.yaml [1ms]
2025-07-23 12:42:18.012 [info] > git cat-file -s dd36ccc91b37d61b0f38d7d6e97a805ab48c48a9 [5ms]
2025-07-23 12:42:27.172 [info] > git show --textconv :helm/noots-sak-dp-server/develop/resources/ca.crt [8ms]
2025-07-23 12:42:27.173 [info] > git ls-files --stage -- helm/noots-sak-dp-server/develop/resources/ca.crt [1ms]
2025-07-23 12:42:27.181 [info] > git cat-file -s db4032b3ad14f2dc287721ff6eee87c7f1aca9ae [2ms]
2025-07-23 12:42:28.979 [info] > git show --textconv :helm/noots-sak-dp-server/develop/values.yaml [8ms]
2025-07-23 12:42:28.979 [info] > git ls-files --stage -- helm/noots-sak-dp-server/develop/values.yaml [1ms]
2025-07-23 12:42:28.986 [info] > git cat-file -s dd36ccc91b37d61b0f38d7d6e97a805ab48c48a9 [1ms]
2025-07-23 12:42:34.277 [info] > git show --textconv :helm/noots-sak-dp-server/develop/resources/.dockerconfigjson [6ms]
2025-07-23 12:42:34.277 [info] > git ls-files --stage -- helm/noots-sak-dp-server/develop/resources/.dockerconfigjson [1ms]
2025-07-23 12:42:34.284 [info] > git cat-file -s 73069a11fdba9982dc4374e9b2560b721184c723 [2ms]
2025-07-23 12:42:34.833 [info] > git show --textconv :helm/noots-sak-dp-server/develop/resources/ca.crt [10ms]
2025-07-23 12:42:34.836 [info] > git ls-files --stage -- helm/noots-sak-dp-server/develop/resources/ca.crt [3ms]
2025-07-23 12:42:34.847 [info] > git cat-file -s db4032b3ad14f2dc287721ff6eee87c7f1aca9ae [1ms]
2025-07-23 12:43:27.648 [info] > git show --textconv :helm/noots-sak-dp-server/develop/values.yaml [15ms]
2025-07-23 12:43:27.651 [info] > git ls-files --stage -- helm/noots-sak-dp-server/develop/values.yaml [5ms]
2025-07-23 12:43:27.661 [info] > git cat-file -s dd36ccc91b37d61b0f38d7d6e97a805ab48c48a9 [1ms]
2025-07-23 12:43:40.201 [info] > git show --textconv :helm/noots-sak-dp-server/develop/kustomization.yaml [7ms]
2025-07-23 12:43:40.202 [info] > git ls-files --stage -- helm/noots-sak-dp-server/develop/kustomization.yaml [1ms]
2025-07-23 12:43:40.208 [info] > git cat-file -s d00bfb04c18a04372520f832b56918a395852d4c [2ms]
2025-07-23 12:43:46.357 [info] > git show --textconv :helm/noots-sak-dp-server/develop/values.yaml [23ms]
2025-07-23 12:43:46.360 [info] > git ls-files --stage -- helm/noots-sak-dp-server/develop/values.yaml [5ms]
2025-07-23 12:43:46.376 [info] > git cat-file -s dd36ccc91b37d61b0f38d7d6e97a805ab48c48a9 [2ms]
2025-07-23 12:45:52.427 [info] > git config --get commit.template [5ms]
2025-07-23 12:45:52.428 [info] > git for-each-ref --format=%(refname)%00%(upstream:short)%00%(objectname)%00%(upstream:track)%00%(upstream:remotename)%00%(upstream:remoteref) refs/heads/main refs/remotes/main [1ms]
2025-07-23 12:45:52.442 [info] > git status -z -uall [7ms]
2025-07-23 12:45:52.443 [info] > git for-each-ref --sort -committerdate --format %(refname)%00%(objectname)%00%(*objectname) [1ms]
2025-07-23 12:45:57.710 [info] > git config --get commit.template [7ms]
2025-07-23 12:45:57.710 [info] > git for-each-ref --format=%(refname)%00%(upstream:short)%00%(objectname)%00%(upstream:track)%00%(upstream:remotename)%00%(upstream:remoteref) refs/heads/main refs/remotes/main [1ms]
2025-07-23 12:45:57.722 [info] > git status -z -uall [6ms]
2025-07-23 12:45:57.722 [info] > git for-each-ref --sort -committerdate --format %(refname)%00%(objectname)%00%(*objectname) [1ms]
