2025-07-23 11:46:44.588 [info] Reading sessions from keychain...
2025-07-23 11:46:44.588 [info] Getting sessions for all scopes...
2025-07-23 11:46:44.588 [info] Got 0 sessions for ...
2025-07-23 11:46:44.588 [info] Getting sessions for all scopes...
2025-07-23 11:46:44.588 [info] Got 0 sessions for ...
2025-07-23 11:46:44.588 [info] Getting sessions for all scopes...
2025-07-23 11:46:44.588 [info] Got 0 sessions for ...
2025-07-23 11:46:44.589 [info] Getting sessions for read:user,repo,user:email...
2025-07-23 11:46:44.589 [info] Got 0 sessions for read:user,repo,user:email...
2025-07-23 11:46:45.961 [info] Getting sessions for all scopes...
2025-07-23 11:46:45.961 [info] Got 0 sessions for ...
2025-07-23 11:46:45.961 [info] Getting sessions for all scopes...
2025-07-23 11:46:45.961 [info] Got 0 sessions for ...
2025-07-23 11:46:45.968 [info] Getting sessions for all scopes...
2025-07-23 11:46:45.968 [info] Got 0 sessions for ...
2025-07-23 11:46:48.876 [info] Reading sessions from keychain...
2025-07-23 11:46:48.876 [info] Getting sessions for all scopes...
2025-07-23 11:46:48.876 [info] Got 0 sessions for ...
2025-07-23 11:46:48.876 [info] Getting sessions for all scopes...
2025-07-23 11:46:48.876 [info] Got 0 sessions for ...
2025-07-23 11:46:48.876 [info] Getting sessions for all scopes...
2025-07-23 11:46:48.876 [info] Got 0 sessions for ...
2025-07-23 11:46:48.876 [info] Getting sessions for read:user,repo,user:email...
2025-07-23 11:46:48.876 [info] Got 0 sessions for read:user,repo,user:email...
2025-07-23 11:46:48.966 [info] Getting sessions for read:user,repo,user:email...
2025-07-23 11:46:48.966 [info] Got 0 sessions for read:user,repo,user:email...
2025-07-23 11:46:50.037 [info] Getting sessions for all scopes...
2025-07-23 11:46:50.037 [info] Got 0 sessions for ...
2025-07-23 11:46:50.037 [info] Getting sessions for all scopes...
2025-07-23 11:46:50.037 [info] Got 0 sessions for ...
2025-07-23 11:46:50.043 [info] Getting sessions for all scopes...
2025-07-23 11:46:50.043 [info] Got 0 sessions for ...
2025-07-23 11:46:56.980 [info] Getting sessions for read:user,repo,user:email...
2025-07-23 11:46:56.980 [info] Got 0 sessions for read:user,repo,user:email...
2025-07-23 11:50:38.907 [info] Getting sessions for read:user,repo,user:email...
2025-07-23 11:50:38.907 [info] Got 0 sessions for read:user,repo,user:email...
2025-07-23 11:52:45.459 [info] Getting sessions for read:user,repo,user:email...
2025-07-23 11:52:45.459 [info] Got 0 sessions for read:user,repo,user:email...
2025-07-23 11:53:30.119 [info] Getting sessions for read:user,repo,user:email...
2025-07-23 11:53:30.119 [info] Got 0 sessions for read:user,repo,user:email...
2025-07-23 11:55:44.530 [info] Getting sessions for read:user,repo,user:email...
2025-07-23 11:55:44.530 [info] Got 0 sessions for read:user,repo,user:email...
2025-07-23 11:56:05.342 [info] Getting sessions for read:user,repo,user:email...
2025-07-23 11:56:05.342 [info] Got 0 sessions for read:user,repo,user:email...
2025-07-23 11:56:08.796 [info] Getting sessions for read:user,repo,user:email...
2025-07-23 11:56:08.796 [info] Got 0 sessions for read:user,repo,user:email...
2025-07-23 11:56:45.107 [info] Getting sessions for read:user,repo,user:email...
2025-07-23 11:56:45.107 [info] Got 0 sessions for read:user,repo,user:email...
2025-07-23 12:09:01.837 [info] Getting sessions for read:user,repo,user:email...
2025-07-23 12:09:01.837 [info] Got 0 sessions for read:user,repo,user:email...
